[ 2017-06-06T08:10:14+08:00 ] ::1 /menu/index.php/Admin/Login.html
INFO: [ app_init ] --START--
INFO: Run Behavior\BuildLiteBehavior [ RunTime:0.000055s ]
INFO: [ app_init ] --END-- [ RunTime:0.001103s ]
INFO: [ app_begin ] --START--
INFO: Run Behavior\ReadHtmlCacheBehavior [ RunTime:0.001432s ]
INFO: [ app_begin ] --END-- [ RunTime:0.001708s ]
INFO: [ view_parse ] --START--
INFO: [ template_filter ] --START--
INFO: Run Behavior\ContentReplaceBehavior [ RunTime:0.000257s ]
INFO: [ template_filter ] --END-- [ RunTime:0.000550s ]
INFO: Run Behavior\ParseTemplateBehavior [ RunTime:0.020850s ]
INFO: [ view_parse ] --END-- [ RunTime:0.021174s ]
INFO: [ view_filter ] --START--
INFO: Run Behavior\WriteHtmlCacheBehavior [ RunTime:0.001438s ]
INFO: [ view_filter ] --END-- [ RunTime:0.001703s ]
INFO: [ app_end ] --START--
INFO: Run Behavior\ShowPageTraceBehavior [ RunTime:0.003481s ]
INFO: [ app_end ] --END-- [ RunTime:0.003734s ]

[ 2017-06-06T08:10:20+08:00 ] ::1 /menu/index.php/Admin/Login/check
INFO: [ app_init ] --START--
INFO: Run Behavior\BuildLiteBehavior [ RunTime:0.000047s ]
INFO: [ app_init ] --END-- [ RunTime:0.001112s ]
INFO: [ app_begin ] --START--
INFO: Run Behavior\ReadHtmlCacheBehavior [ RunTime:0.001650s ]
INFO: [ app_begin ] --END-- [ RunTime:0.001871s ]
SQL: SHOW COLUMNS FROM `think_managermessage` [ RunTime:0.0311s ]
SQL: SELECT * FROM `think_managermessage` WHERE `ManagerName` = '11' AND `ManagerPass` = '11' LIMIT 1   [ RunTime:0.0008s ]

[ 2017-06-06T08:10:20+08:00 ] ::1 /menu/index.php/Admin/Index/index.html
INFO: [ app_init ] --START--
INFO: Run Behavior\BuildLiteBehavior [ RunTime:0.000049s ]
INFO: [ app_init ] --END-- [ RunTime:0.001110s ]
INFO: [ app_begin ] --START--
INFO: Run Behavior\ReadHtmlCacheBehavior [ RunTime:0.001790s ]
INFO: [ app_begin ] --END-- [ RunTime:0.002061s ]
INFO: [ view_parse ] --START--
NOTIC: [2] file_get_contents(./Apps/Admin/View/Public/footer.html): failed to open stream: No such file or directory D:\wamp\www\menu\ThinkPHP\Library\Think\Template.class.php 第 696 行.
INFO: [ template_filter ] --START--
INFO: Run Behavior\ContentReplaceBehavior [ RunTime:0.000197s ]
INFO: [ template_filter ] --END-- [ RunTime:0.000482s ]
NOTIC: [8] Undefined variable: light D:\wamp\www\menu\Apps\Runtime\Cache\Admin\859e94050170c96367cb52465a51a945.php 第 172 行.
INFO: Run Behavior\ParseTemplateBehavior [ RunTime:0.081960s ]
INFO: [ view_parse ] --END-- [ RunTime:0.082222s ]
INFO: [ view_filter ] --START--
INFO: Run Behavior\WriteHtmlCacheBehavior [ RunTime:0.002107s ]
INFO: [ view_filter ] --END-- [ RunTime:0.002369s ]
INFO: [ app_end ] --START--
INFO: Run Behavior\ShowPageTraceBehavior [ RunTime:0.002654s ]
INFO: [ app_end ] --END-- [ RunTime:0.002921s ]

[ 2017-06-06T08:10:25+08:00 ] ::1 /menu/index.php/Admin/User.html
INFO: [ app_init ] --START--
INFO: Run Behavior\BuildLiteBehavior [ RunTime:0.000048s ]
INFO: [ app_init ] --END-- [ RunTime:0.001217s ]
INFO: [ app_begin ] --START--
INFO: Run Behavior\ReadHtmlCacheBehavior [ RunTime:0.002196s ]
INFO: [ app_begin ] --END-- [ RunTime:0.002588s ]
SQL: SHOW COLUMNS FROM `think_usermessage` [ RunTime:0.0279s ]
NOTIC: [8] Undefined variable: id D:\wamp\www\menu\Apps\Admin\Controller\UserController.class.php 第 9 行.
SQL: SELECT * FROM `think_usermessage`  [ RunTime:0.0014s ]
INFO: [ view_parse ] --START--
NOTIC: [2] file_get_contents(./Apps/Admin/View/Public/footer.html): failed to open stream: No such file or directory D:\wamp\www\menu\ThinkPHP\Library\Think\Template.class.php 第 696 行.
INFO: [ template_filter ] --START--
INFO: Run Behavior\ContentReplaceBehavior [ RunTime:0.000289s ]
INFO: [ template_filter ] --END-- [ RunTime:0.000569s ]
NOTIC: [8] Undefined variable: UserId D:\wamp\www\menu\Apps\Runtime\Cache\Admin\a92f1d2922506e26adc7a8e5abe56037.php 第 214 行.
NOTIC: [8] Undefined variable: light D:\wamp\www\menu\Apps\Runtime\Cache\Admin\a92f1d2922506e26adc7a8e5abe56037.php 第 350 行.
INFO: Run Behavior\ParseTemplateBehavior [ RunTime:0.072456s ]
INFO: [ view_parse ] --END-- [ RunTime:0.072695s ]
INFO: [ view_filter ] --START--
INFO: Run Behavior\WriteHtmlCacheBehavior [ RunTime:0.001171s ]
INFO: [ view_filter ] --END-- [ RunTime:0.001391s ]
INFO: [ app_end ] --START--
INFO: Run Behavior\ShowPageTraceBehavior [ RunTime:0.006725s ]
INFO: [ app_end ] --END-- [ RunTime:0.006995s ]

[ 2017-06-06T08:10:26+08:00 ] ::1 /menu/index.php/Admin/Menu.html
INFO: [ app_init ] --START--
INFO: Run Behavior\BuildLiteBehavior [ RunTime:0.000054s ]
INFO: [ app_init ] --END-- [ RunTime:0.001241s ]
INFO: [ app_begin ] --START--
INFO: Run Behavior\ReadHtmlCacheBehavior [ RunTime:0.001538s ]
INFO: [ app_begin ] --END-- [ RunTime:0.001798s ]
SQL: SHOW COLUMNS FROM `think_foodmessage` [ RunTime:0.0399s ]
NOTIC: [8] Undefined variable: id D:\wamp\www\menu\Apps\Admin\Controller\MenuController.class.php 第 9 行.
SQL: SELECT * FROM `think_foodmessage`  [ RunTime:0.0013s ]
SQL: SHOW COLUMNS FROM `think_fooditemmessage` [ RunTime:0.0315s ]
NOTIC: [8] Undefined variable: id D:\wamp\www\menu\Apps\Admin\Controller\MenuController.class.php 第 11 行.
SQL: SELECT * FROM `think_fooditemmessage`  [ RunTime:0.0011s ]
SQL: SHOW COLUMNS FROM `think_foodmessage` [ RunTime:0.0579s ]
SQL: SELECT `FoodId`,`FoodName`,b.FoodItemName as name,`FoodIntroduce`,`FoodPrice`,`FoodURL`,`FoodUpdateTime` FROM think_foodmessage as a INNER JOIN think_fooditemmessage as b ON a.FoodItemId=b.FoodItemId  ORDER BY FoodId  [ RunTime:0.0023s ]
INFO: [ view_parse ] --START--
NOTIC: [2] file_get_contents(./Apps/Admin/View/Public/footer.html): failed to open stream: No such file or directory D:\wamp\www\menu\ThinkPHP\Library\Think\Template.class.php 第 696 行.
INFO: [ template_filter ] --START--
INFO: Run Behavior\ContentReplaceBehavior [ RunTime:0.000361s ]
INFO: [ template_filter ] --END-- [ RunTime:0.000651s ]
NOTIC: [8] Undefined variable: FoodId D:\wamp\www\menu\Apps\Runtime\Cache\Admin\db3da01c8f36ad38f6ba709720b2de06.php 第 223 行.
NOTIC: [8] Undefined variable: light D:\wamp\www\menu\Apps\Runtime\Cache\Admin\db3da01c8f36ad38f6ba709720b2de06.php 第 473 行.
INFO: Run Behavior\ParseTemplateBehavior [ RunTime:0.124543s ]
INFO: [ view_parse ] --END-- [ RunTime:0.124798s ]
INFO: [ view_filter ] --START--
INFO: Run Behavior\WriteHtmlCacheBehavior [ RunTime:0.001409s ]
INFO: [ view_filter ] --END-- [ RunTime:0.001783s ]
INFO: [ app_end ] --START--
INFO: Run Behavior\ShowPageTraceBehavior [ RunTime:0.001577s ]
INFO: [ app_end ] --END-- [ RunTime:0.001896s ]

[ 2017-06-06T08:10:27+08:00 ] ::1 /menu/index.php/Admin/Room.html
INFO: [ app_init ] --START--
INFO: Run Behavior\BuildLiteBehavior [ RunTime:0.000052s ]
INFO: [ app_init ] --END-- [ RunTime:0.001230s ]
INFO: [ app_begin ] --START--
INFO: Run Behavior\ReadHtmlCacheBehavior [ RunTime:0.001732s ]
INFO: [ app_begin ] --END-- [ RunTime:0.002031s ]
SQL: SHOW COLUMNS FROM `think_bjlxmessage` [ RunTime:0.0478s ]
NOTIC: [8] Undefined variable: id D:\wamp\www\menu\Apps\Admin\Controller\RoomController.class.php 第 9 行.
SQL: SELECT * FROM `think_bjlxmessage`  [ RunTime:0.0011s ]
INFO: [ view_parse ] --START--
NOTIC: [2] file_get_contents(./Apps/Admin/View/Public/footer.html): failed to open stream: No such file or directory D:\wamp\www\menu\ThinkPHP\Library\Think\Template.class.php 第 696 行.
INFO: [ template_filter ] --START--
INFO: Run Behavior\ContentReplaceBehavior [ RunTime:0.000360s ]
INFO: [ template_filter ] --END-- [ RunTime:0.000698s ]
NOTIC: [8] Undefined variable: BjlxId D:\wamp\www\menu\Apps\Runtime\Cache\Admin\3a68201c5e9276805f58e95bd7dd0ea3.php 第 221 行.
NOTIC: [8] Undefined variable: light D:\wamp\www\menu\Apps\Runtime\Cache\Admin\3a68201c5e9276805f58e95bd7dd0ea3.php 第 414 行.
INFO: Run Behavior\ParseTemplateBehavior [ RunTime:0.050820s ]
INFO: [ view_parse ] --END-- [ RunTime:0.051070s ]
INFO: [ view_filter ] --START--
INFO: Run Behavior\WriteHtmlCacheBehavior [ RunTime:0.001553s ]
INFO: [ view_filter ] --END-- [ RunTime:0.001807s ]
INFO: [ app_end ] --START--
INFO: Run Behavior\ShowPageTraceBehavior [ RunTime:0.001787s ]
INFO: [ app_end ] --END-- [ RunTime:0.002051s ]

[ 2017-06-06T08:10:28+08:00 ] ::1 /menu/index.php/Admin/Order.html
INFO: [ app_init ] --START--
INFO: Run Behavior\BuildLiteBehavior [ RunTime:0.000071s ]
INFO: [ app_init ] --END-- [ RunTime:0.000932s ]
INFO: [ app_begin ] --START--
INFO: Run Behavior\ReadHtmlCacheBehavior [ RunTime:0.001397s ]
INFO: [ app_begin ] --END-- [ RunTime:0.001650s ]
SQL: SHOW COLUMNS FROM `think_haspaymessage` [ RunTime:0.0221s ]
SQL: SHOW COLUMNS FROM `think_haspaymessage` [ RunTime:0.0288s ]
SQL: SELECT a.BookId as BookId,`SwId`,`UserName`,`UserTelephone`,`BjlxName`,`BjlxSize`,`BjlxCount`,`BjlxURL`,`FoodName`,`FoodURL`,`BookPrice`,`BookTime` FROM think_haspaymessage as a,think_usermessage as b,think_bjlxmessage as c,think_swduiying as d,think_foodmessage as e WHERE ( a.UserId=b.UserId and a.BjlxId=c.BjlxId and a.BookId=d.BookId and d.FoodId=e.FoodId ) ORDER BY BookId  [ RunTime:0.0020s ]
INFO: [ view_parse ] --START--
NOTIC: [2] file_get_contents(./Apps/Admin/View/Public/footer.html): failed to open stream: No such file or directory D:\wamp\www\menu\ThinkPHP\Library\Think\Template.class.php 第 696 行.
INFO: [ template_filter ] --START--
INFO: Run Behavior\ContentReplaceBehavior [ RunTime:0.000162s ]
INFO: [ template_filter ] --END-- [ RunTime:0.000359s ]
NOTIC: [8] Undefined variable: light D:\wamp\www\menu\Apps\Runtime\Cache\Admin\f4e214009ad75ac936bcad6ad9452214.php 第 278 行.
INFO: Run Behavior\ParseTemplateBehavior [ RunTime:0.050229s ]
INFO: [ view_parse ] --END-- [ RunTime:0.050495s ]
INFO: [ view_filter ] --START--
INFO: Run Behavior\WriteHtmlCacheBehavior [ RunTime:0.001707s ]
INFO: [ view_filter ] --END-- [ RunTime:0.001963s ]
INFO: [ app_end ] --START--
INFO: Run Behavior\ShowPageTraceBehavior [ RunTime:0.002622s ]
INFO: [ app_end ] --END-- [ RunTime:0.002874s ]

[ 2017-06-06T08:10:29+08:00 ] ::1 /menu/index.php/Admin/Diy.html
INFO: [ app_init ] --START--
INFO: Run Behavior\BuildLiteBehavior [ RunTime:0.000050s ]
INFO: [ app_init ] --END-- [ RunTime:0.001027s ]
INFO: [ app_begin ] --START--
INFO: Run Behavior\ReadHtmlCacheBehavior [ RunTime:0.001704s ]
INFO: [ app_begin ] --END-- [ RunTime:0.001931s ]
SQL: SHOW COLUMNS FROM `think_foodsave` [ RunTime:0.0250s ]
SQL: SHOW COLUMNS FROM `think_foodsave` [ RunTime:0.0452s ]
SQL: SELECT `CaipuId`,`UserName`,`UserTelephone`,`FoodId`,`AddTime` FROM think_foodsave as a INNER JOIN think_usermessage as b ON a.UserId=b.UserId  ORDER BY CaipuId  [ RunTime:0.0019s ]
SQL: SHOW COLUMNS FROM `think_foodsave` [ RunTime:0.0695s ]
SQL: SELECT `CaipuId`,`FoodName`,`FoodPrice`,`FoodURL`,`FoodUpdateTime` FROM think_foodsave as a INNER JOIN think_foodmessage as b ON a.FoodId=b.FoodId  ORDER BY CaipuId  [ RunTime:0.0022s ]
INFO: [ view_parse ] --START--
NOTIC: [2] file_get_contents(./Apps/Admin/View/Public/footer.html): failed to open stream: No such file or directory D:\wamp\www\menu\ThinkPHP\Library\Think\Template.class.php 第 696 行.
INFO: [ template_filter ] --START--
INFO: Run Behavior\ContentReplaceBehavior [ RunTime:0.000262s ]
INFO: [ template_filter ] --END-- [ RunTime:0.000542s ]
NOTIC: [8] Undefined variable: light D:\wamp\www\menu\Apps\Runtime\Cache\Admin\ff89641dca0fec137d187cbe5e2f2ec2.php 第 275 行.
INFO: Run Behavior\ParseTemplateBehavior [ RunTime:0.076407s ]
INFO: [ view_parse ] --END-- [ RunTime:0.076644s ]
INFO: [ view_filter ] --START--
INFO: Run Behavior\WriteHtmlCacheBehavior [ RunTime:0.001099s ]
INFO: [ view_filter ] --END-- [ RunTime:0.001309s ]
INFO: [ app_end ] --START--
INFO: Run Behavior\ShowPageTraceBehavior [ RunTime:0.001704s ]
INFO: [ app_end ] --END-- [ RunTime:0.001982s ]

[ 2017-06-06T08:10:32+08:00 ] ::1 /menu/index.php/Admin/Order.html
INFO: [ app_init ] --START--
INFO: Run Behavior\BuildLiteBehavior [ RunTime:0.000055s ]
INFO: [ app_init ] --END-- [ RunTime:0.001120s ]
INFO: [ app_begin ] --START--
INFO: Run Behavior\ReadHtmlCacheBehavior [ RunTime:0.001391s ]
INFO: [ app_begin ] --END-- [ RunTime:0.001636s ]
SQL: SHOW COLUMNS FROM `think_haspaymessage` [ RunTime:0.0284s ]
SQL: SHOW COLUMNS FROM `think_haspaymessage` [ RunTime:0.0271s ]
SQL: SELECT a.BookId as BookId,`SwId`,`UserName`,`UserTelephone`,`BjlxName`,`BjlxSize`,`BjlxCount`,`BjlxURL`,`FoodName`,`FoodURL`,`BookPrice`,`BookTime` FROM think_haspaymessage as a,think_usermessage as b,think_bjlxmessage as c,think_swduiying as d,think_foodmessage as e WHERE ( a.UserId=b.UserId and a.BjlxId=c.BjlxId and a.BookId=d.BookId and d.FoodId=e.FoodId ) ORDER BY BookId  [ RunTime:0.0025s ]
INFO: [ view_parse ] --START--
NOTIC: [2] file_get_contents(./Apps/Admin/View/Public/footer.html): failed to open stream: No such file or directory D:\wamp\www\menu\ThinkPHP\Library\Think\Template.class.php 第 696 行.
INFO: [ template_filter ] --START--
INFO: Run Behavior\ContentReplaceBehavior [ RunTime:0.000225s ]
INFO: [ template_filter ] --END-- [ RunTime:0.000480s ]
NOTIC: [8] Undefined variable: light D:\wamp\www\menu\Apps\Runtime\Cache\Admin\f4e214009ad75ac936bcad6ad9452214.php 第 278 行.
INFO: Run Behavior\ParseTemplateBehavior [ RunTime:0.031807s ]
INFO: [ view_parse ] --END-- [ RunTime:0.032126s ]
INFO: [ view_filter ] --START--
INFO: Run Behavior\WriteHtmlCacheBehavior [ RunTime:0.001804s ]
INFO: [ view_filter ] --END-- [ RunTime:0.002197s ]
INFO: [ app_end ] --START--
INFO: Run Behavior\ShowPageTraceBehavior [ RunTime:0.001566s ]
INFO: [ app_end ] --END-- [ RunTime:0.001796s ]

[ 2017-06-06T08:10:33+08:00 ] ::1 /menu/index.php/Admin/Room.html
INFO: [ app_init ] --START--
INFO: Run Behavior\BuildLiteBehavior [ RunTime:0.000059s ]
INFO: [ app_init ] --END-- [ RunTime:0.001249s ]
INFO: [ app_begin ] --START--
INFO: Run Behavior\ReadHtmlCacheBehavior [ RunTime:0.001464s ]
INFO: [ app_begin ] --END-- [ RunTime:0.001739s ]
SQL: SHOW COLUMNS FROM `think_bjlxmessage` [ RunTime:0.0328s ]
NOTIC: [8] Undefined variable: id D:\wamp\www\menu\Apps\Admin\Controller\RoomController.class.php 第 9 行.
SQL: SELECT * FROM `think_bjlxmessage`  [ RunTime:0.0012s ]
INFO: [ view_parse ] --START--
NOTIC: [2] file_get_contents(./Apps/Admin/View/Public/footer.html): failed to open stream: No such file or directory D:\wamp\www\menu\ThinkPHP\Library\Think\Template.class.php 第 696 行.
INFO: [ template_filter ] --START--
INFO: Run Behavior\ContentReplaceBehavior [ RunTime:0.000456s ]
INFO: [ template_filter ] --END-- [ RunTime:0.000779s ]
NOTIC: [8] Undefined variable: BjlxId D:\wamp\www\menu\Apps\Runtime\Cache\Admin\3a68201c5e9276805f58e95bd7dd0ea3.php 第 221 行.
NOTIC: [8] Undefined variable: light D:\wamp\www\menu\Apps\Runtime\Cache\Admin\3a68201c5e9276805f58e95bd7dd0ea3.php 第 414 行.
INFO: Run Behavior\ParseTemplateBehavior [ RunTime:0.034541s ]
INFO: [ view_parse ] --END-- [ RunTime:0.034776s ]
INFO: [ view_filter ] --START--
INFO: Run Behavior\WriteHtmlCacheBehavior [ RunTime:0.001415s ]
INFO: [ view_filter ] --END-- [ RunTime:0.001684s ]
INFO: [ app_end ] --START--
INFO: Run Behavior\ShowPageTraceBehavior [ RunTime:0.001645s ]
INFO: [ app_end ] --END-- [ RunTime:0.002101s ]

[ 2017-06-06T08:10:40+08:00 ] ::1 /menu/index.php/Admin/Diy.html
INFO: [ app_init ] --START--
INFO: Run Behavior\BuildLiteBehavior [ RunTime:0.000053s ]
INFO: [ app_init ] --END-- [ RunTime:0.001156s ]
INFO: [ app_begin ] --START--
INFO: Run Behavior\ReadHtmlCacheBehavior [ RunTime:0.001586s ]
INFO: [ app_begin ] --END-- [ RunTime:0.001875s ]
SQL: SHOW COLUMNS FROM `think_foodsave` [ RunTime:0.0504s ]
SQL: SHOW COLUMNS FROM `think_foodsave` [ RunTime:0.0360s ]
SQL: SELECT `CaipuId`,`UserName`,`UserTelephone`,`FoodId`,`AddTime` FROM think_foodsave as a INNER JOIN think_usermessage as b ON a.UserId=b.UserId  ORDER BY CaipuId  [ RunTime:0.0050s ]
SQL: SHOW COLUMNS FROM `think_foodsave` [ RunTime:0.0884s ]
SQL: SELECT `CaipuId`,`FoodName`,`FoodPrice`,`FoodURL`,`FoodUpdateTime` FROM think_foodsave as a INNER JOIN think_foodmessage as b ON a.FoodId=b.FoodId  ORDER BY CaipuId  [ RunTime:0.0012s ]
INFO: [ view_parse ] --START--
NOTIC: [2] file_get_contents(./Apps/Admin/View/Public/footer.html): failed to open stream: No such file or directory D:\wamp\www\menu\ThinkPHP\Library\Think\Template.class.php 第 696 行.
INFO: [ template_filter ] --START--
INFO: Run Behavior\ContentReplaceBehavior [ RunTime:0.000215s ]
INFO: [ template_filter ] --END-- [ RunTime:0.000462s ]
NOTIC: [8] Undefined variable: light D:\wamp\www\menu\Apps\Runtime\Cache\Admin\ff89641dca0fec137d187cbe5e2f2ec2.php 第 275 行.
INFO: Run Behavior\ParseTemplateBehavior [ RunTime:0.032164s ]
INFO: [ view_parse ] --END-- [ RunTime:0.032397s ]
INFO: [ view_filter ] --START--
INFO: Run Behavior\WriteHtmlCacheBehavior [ RunTime:0.001220s ]
INFO: [ view_filter ] --END-- [ RunTime:0.001426s ]
INFO: [ app_end ] --START--
INFO: Run Behavior\ShowPageTraceBehavior [ RunTime:0.001884s ]
INFO: [ app_end ] --END-- [ RunTime:0.002137s ]

[ 2017-06-06T08:10:41+08:00 ] ::1 /menu/index.php/Admin/Shopping.html
INFO: [ app_init ] --START--
INFO: Run Behavior\BuildLiteBehavior [ RunTime:0.000051s ]
INFO: [ app_init ] --END-- [ RunTime:0.001030s ]
INFO: [ app_begin ] --START--
INFO: Run Behavior\ReadHtmlCacheBehavior [ RunTime:0.001522s ]
INFO: [ app_begin ] --END-- [ RunTime:0.001791s ]
SQL: SHOW COLUMNS FROM `think_shoppingcart` [ RunTime:0.0590s ]
SQL: SHOW COLUMNS FROM `think_shoppingcart` [ RunTime:0.0236s ]
SQL: SELECT `ShopId`,`UserName`,`UserTelephone`,`FoodName`,`FoodPrice`,`FoodURL`,`FoodUpdateTime`,`AddTime` FROM think_shoppingcart as a,think_usermessage as b,think_foodmessage as c WHERE ( a.UserId=b.UserId and a.FoodId=c.FoodId ) ORDER BY ShopId  [ RunTime:0.0018s ]
INFO: [ view_parse ] --START--
NOTIC: [2] file_get_contents(./Apps/Admin/View/Public/footer.html): failed to open stream: No such file or directory D:\wamp\www\menu\ThinkPHP\Library\Think\Template.class.php 第 696 行.
INFO: [ template_filter ] --START--
INFO: Run Behavior\ContentReplaceBehavior [ RunTime:0.000300s ]
INFO: [ template_filter ] --END-- [ RunTime:0.000586s ]
NOTIC: [8] Undefined variable: light D:\wamp\www\menu\Apps\Runtime\Cache\Admin\c8acfb7670c8536c8ff154bb6ce4a89a.php 第 275 行.
INFO: Run Behavior\ParseTemplateBehavior [ RunTime:0.059269s ]
INFO: [ view_parse ] --END-- [ RunTime:0.059547s ]
INFO: [ view_filter ] --START--
INFO: Run Behavior\WriteHtmlCacheBehavior [ RunTime:0.001432s ]
INFO: [ view_filter ] --END-- [ RunTime:0.001690s ]
INFO: [ app_end ] --START--
INFO: Run Behavior\ShowPageTraceBehavior [ RunTime:0.001825s ]
INFO: [ app_end ] --END-- [ RunTime:0.002082s ]

[ 2017-06-06T08:10:42+08:00 ] ::1 /menu/index.php/Admin/Order.html
INFO: [ app_init ] --START--
INFO: Run Behavior\BuildLiteBehavior [ RunTime:0.000075s ]
INFO: [ app_init ] --END-- [ RunTime:0.001540s ]
INFO: [ app_begin ] --START--
INFO: Run Behavior\ReadHtmlCacheBehavior [ RunTime:0.001468s ]
INFO: [ app_begin ] --END-- [ RunTime:0.001750s ]
SQL: SHOW COLUMNS FROM `think_haspaymessage` [ RunTime:0.0249s ]
SQL: SHOW COLUMNS FROM `think_haspaymessage` [ RunTime:0.0328s ]
SQL: SELECT a.BookId as BookId,`SwId`,`UserName`,`UserTelephone`,`BjlxName`,`BjlxSize`,`BjlxCount`,`BjlxURL`,`FoodName`,`FoodURL`,`BookPrice`,`BookTime` FROM think_haspaymessage as a,think_usermessage as b,think_bjlxmessage as c,think_swduiying as d,think_foodmessage as e WHERE ( a.UserId=b.UserId and a.BjlxId=c.BjlxId and a.BookId=d.BookId and d.FoodId=e.FoodId ) ORDER BY BookId  [ RunTime:0.0020s ]
INFO: [ view_parse ] --START--
NOTIC: [2] file_get_contents(./Apps/Admin/View/Public/footer.html): failed to open stream: No such file or directory D:\wamp\www\menu\ThinkPHP\Library\Think\Template.class.php 第 696 行.
INFO: [ template_filter ] --START--
INFO: Run Behavior\ContentReplaceBehavior [ RunTime:0.000259s ]
INFO: [ template_filter ] --END-- [ RunTime:0.000538s ]
NOTIC: [8] Undefined variable: light D:\wamp\www\menu\Apps\Runtime\Cache\Admin\f4e214009ad75ac936bcad6ad9452214.php 第 278 行.
INFO: Run Behavior\ParseTemplateBehavior [ RunTime:0.028113s ]
INFO: [ view_parse ] --END-- [ RunTime:0.028366s ]
INFO: [ view_filter ] --START--
INFO: Run Behavior\WriteHtmlCacheBehavior [ RunTime:0.001386s ]
INFO: [ view_filter ] --END-- [ RunTime:0.001633s ]
INFO: [ app_end ] --START--
INFO: Run Behavior\ShowPageTraceBehavior [ RunTime:0.001971s ]
INFO: [ app_end ] --END-- [ RunTime:0.002246s ]

[ 2017-06-06T08:10:43+08:00 ] ::1 /menu/index.php/Admin/User.html
INFO: [ app_init ] --START--
INFO: Run Behavior\BuildLiteBehavior [ RunTime:0.000039s ]
INFO: [ app_init ] --END-- [ RunTime:0.000905s ]
INFO: [ app_begin ] --START--
INFO: Run Behavior\ReadHtmlCacheBehavior [ RunTime:0.001511s ]
INFO: [ app_begin ] --END-- [ RunTime:0.001755s ]
SQL: SHOW COLUMNS FROM `think_usermessage` [ RunTime:0.0246s ]
NOTIC: [8] Undefined variable: id D:\wamp\www\menu\Apps\Admin\Controller\UserController.class.php 第 9 行.
SQL: SELECT * FROM `think_usermessage`  [ RunTime:0.0009s ]
INFO: [ view_parse ] --START--
NOTIC: [2] file_get_contents(./Apps/Admin/View/Public/footer.html): failed to open stream: No such file or directory D:\wamp\www\menu\ThinkPHP\Library\Think\Template.class.php 第 696 行.
INFO: [ template_filter ] --START--
INFO: Run Behavior\ContentReplaceBehavior [ RunTime:0.000235s ]
INFO: [ template_filter ] --END-- [ RunTime:0.000478s ]
NOTIC: [8] Undefined variable: UserId D:\wamp\www\menu\Apps\Runtime\Cache\Admin\a92f1d2922506e26adc7a8e5abe56037.php 第 214 行.
NOTIC: [8] Undefined variable: light D:\wamp\www\menu\Apps\Runtime\Cache\Admin\a92f1d2922506e26adc7a8e5abe56037.php 第 350 行.
INFO: Run Behavior\ParseTemplateBehavior [ RunTime:0.030956s ]
INFO: [ view_parse ] --END-- [ RunTime:0.031233s ]
INFO: [ view_filter ] --START--
INFO: Run Behavior\WriteHtmlCacheBehavior [ RunTime:0.001343s ]
INFO: [ view_filter ] --END-- [ RunTime:0.001598s ]
INFO: [ app_end ] --START--
INFO: Run Behavior\ShowPageTraceBehavior [ RunTime:0.001746s ]
INFO: [ app_end ] --END-- [ RunTime:0.001988s ]

[ 2017-06-06T08:10:44+08:00 ] ::1 /menu/index.php/Admin/Menu.html
INFO: [ app_init ] --START--
INFO: Run Behavior\BuildLiteBehavior [ RunTime:0.000048s ]
INFO: [ app_init ] --END-- [ RunTime:0.000989s ]
INFO: [ app_begin ] --START--
INFO: Run Behavior\ReadHtmlCacheBehavior [ RunTime:0.001682s ]
INFO: [ app_begin ] --END-- [ RunTime:0.001944s ]
SQL: SHOW COLUMNS FROM `think_foodmessage` [ RunTime:0.0210s ]
NOTIC: [8] Undefined variable: id D:\wamp\www\menu\Apps\Admin\Controller\MenuController.class.php 第 9 行.
SQL: SELECT * FROM `think_foodmessage`  [ RunTime:0.0013s ]
SQL: SHOW COLUMNS FROM `think_fooditemmessage` [ RunTime:0.0234s ]
NOTIC: [8] Undefined variable: id D:\wamp\www\menu\Apps\Admin\Controller\MenuController.class.php 第 11 行.
SQL: SELECT * FROM `think_fooditemmessage`  [ RunTime:0.0009s ]
SQL: SHOW COLUMNS FROM `think_foodmessage` [ RunTime:0.0376s ]
SQL: SELECT `FoodId`,`FoodName`,b.FoodItemName as name,`FoodIntroduce`,`FoodPrice`,`FoodURL`,`FoodUpdateTime` FROM think_foodmessage as a INNER JOIN think_fooditemmessage as b ON a.FoodItemId=b.FoodItemId  ORDER BY FoodId  [ RunTime:0.0021s ]
INFO: [ view_parse ] --START--
NOTIC: [2] file_get_contents(./Apps/Admin/View/Public/footer.html): failed to open stream: No such file or directory D:\wamp\www\menu\ThinkPHP\Library\Think\Template.class.php 第 696 行.
INFO: [ template_filter ] --START--
INFO: Run Behavior\ContentReplaceBehavior [ RunTime:0.000348s ]
INFO: [ template_filter ] --END-- [ RunTime:0.000607s ]
NOTIC: [8] Undefined variable: FoodId D:\wamp\www\menu\Apps\Runtime\Cache\Admin\db3da01c8f36ad38f6ba709720b2de06.php 第 223 行.
NOTIC: [8] Undefined variable: light D:\wamp\www\menu\Apps\Runtime\Cache\Admin\db3da01c8f36ad38f6ba709720b2de06.php 第 473 行.
INFO: Run Behavior\ParseTemplateBehavior [ RunTime:0.047877s ]
INFO: [ view_parse ] --END-- [ RunTime:0.048155s ]
INFO: [ view_filter ] --START--
INFO: Run Behavior\WriteHtmlCacheBehavior [ RunTime:0.001379s ]
INFO: [ view_filter ] --END-- [ RunTime:0.001618s ]
INFO: [ app_end ] --START--
INFO: Run Behavior\ShowPageTraceBehavior [ RunTime:0.001380s ]
INFO: [ app_end ] --END-- [ RunTime:0.001974s ]

[ 2017-06-06T08:10:48+08:00 ] ::1 /menu/index.php/Admin/Room.html
INFO: [ app_init ] --START--
INFO: Run Behavior\BuildLiteBehavior [ RunTime:0.000049s ]
INFO: [ app_init ] --END-- [ RunTime:0.000943s ]
INFO: [ app_begin ] --START--
INFO: Run Behavior\ReadHtmlCacheBehavior [ RunTime:0.001393s ]
INFO: [ app_begin ] --END-- [ RunTime:0.001650s ]
SQL: SHOW COLUMNS FROM `think_bjlxmessage` [ RunTime:0.0293s ]
NOTIC: [8] Undefined variable: id D:\wamp\www\menu\Apps\Admin\Controller\RoomController.class.php 第 9 行.
SQL: SELECT * FROM `think_bjlxmessage`  [ RunTime:0.0006s ]
INFO: [ view_parse ] --START--
NOTIC: [2] file_get_contents(./Apps/Admin/View/Public/footer.html): failed to open stream: No such file or directory D:\wamp\www\menu\ThinkPHP\Library\Think\Template.class.php 第 696 行.
INFO: [ template_filter ] --START--
INFO: Run Behavior\ContentReplaceBehavior [ RunTime:0.000264s ]
INFO: [ template_filter ] --END-- [ RunTime:0.000503s ]
NOTIC: [8] Undefined variable: BjlxId D:\wamp\www\menu\Apps\Runtime\Cache\Admin\3a68201c5e9276805f58e95bd7dd0ea3.php 第 221 行.
NOTIC: [8] Undefined variable: light D:\wamp\www\menu\Apps\Runtime\Cache\Admin\3a68201c5e9276805f58e95bd7dd0ea3.php 第 414 行.
INFO: Run Behavior\ParseTemplateBehavior [ RunTime:0.037249s ]
INFO: [ view_parse ] --END-- [ RunTime:0.037487s ]
INFO: [ view_filter ] --START--
INFO: Run Behavior\WriteHtmlCacheBehavior [ RunTime:0.001307s ]
INFO: [ view_filter ] --END-- [ RunTime:0.001546s ]
INFO: [ app_end ] --START--
INFO: Run Behavior\ShowPageTraceBehavior [ RunTime:0.001908s ]
INFO: [ app_end ] --END-- [ RunTime:0.002267s ]

[ 2017-06-06T09:52:08+08:00 ] ::1 /menu/index.php/Admin
INFO: [ app_init ] --START--
INFO: Run Behavior\BuildLiteBehavior [ RunTime:0.000049s ]
INFO: [ app_init ] --END-- [ RunTime:0.001877s ]
INFO: [ app_begin ] --START--
INFO: Run Behavior\ReadHtmlCacheBehavior [ RunTime:0.001530s ]
INFO: [ app_begin ] --END-- [ RunTime:0.001759s ]
INFO: [ view_parse ] --START--
NOTIC: [2] file_get_contents(./Apps/Admin/View/Public/footer.html): failed to open stream: No such file or directory D:\wamp\www\menu\ThinkPHP\Library\Think\Template.class.php 第 696 行.
INFO: [ template_filter ] --START--
INFO: Run Behavior\ContentReplaceBehavior [ RunTime:0.000196s ]
INFO: [ template_filter ] --END-- [ RunTime:0.000618s ]
NOTIC: [8] Undefined variable: light D:\wamp\www\menu\Apps\Runtime\Cache\Admin\859e94050170c96367cb52465a51a945.php 第 172 行.
INFO: Run Behavior\ParseTemplateBehavior [ RunTime:0.232968s ]
INFO: [ view_parse ] --END-- [ RunTime:0.233135s ]
INFO: [ view_filter ] --START--
INFO: Run Behavior\WriteHtmlCacheBehavior [ RunTime:0.001332s ]
INFO: [ view_filter ] --END-- [ RunTime:0.001575s ]
INFO: [ app_end ] --START--
INFO: Run Behavior\ShowPageTraceBehavior [ RunTime:0.002889s ]
INFO: [ app_end ] --END-- [ RunTime:0.003251s ]

[ 2017-06-06T09:52:11+08:00 ] ::1 /menu/index.php/Admin/User.html
INFO: [ app_init ] --START--
INFO: Run Behavior\BuildLiteBehavior [ RunTime:0.000052s ]
INFO: [ app_init ] --END-- [ RunTime:0.001113s ]
INFO: [ app_begin ] --START--
INFO: Run Behavior\ReadHtmlCacheBehavior [ RunTime:0.002403s ]
INFO: [ app_begin ] --END-- [ RunTime:0.002680s ]
SQL: SHOW COLUMNS FROM `think_usermessage` [ RunTime:0.0451s ]
NOTIC: [8] Undefined variable: id D:\wamp\www\menu\Apps\Admin\Controller\UserController.class.php 第 9 行.
SQL: SELECT * FROM `think_usermessage`  [ RunTime:0.0007s ]
INFO: [ view_parse ] --START--
NOTIC: [2] file_get_contents(./Apps/Admin/View/Public/footer.html): failed to open stream: No such file or directory D:\wamp\www\menu\ThinkPHP\Library\Think\Template.class.php 第 696 行.
INFO: [ template_filter ] --START--
INFO: Run Behavior\ContentReplaceBehavior [ RunTime:0.000244s ]
INFO: [ template_filter ] --END-- [ RunTime:0.000502s ]
NOTIC: [8] Undefined variable: UserId D:\wamp\www\menu\Apps\Runtime\Cache\Admin\a92f1d2922506e26adc7a8e5abe56037.php 第 214 行.
NOTIC: [8] Undefined variable: light D:\wamp\www\menu\Apps\Runtime\Cache\Admin\a92f1d2922506e26adc7a8e5abe56037.php 第 350 行.
INFO: Run Behavior\ParseTemplateBehavior [ RunTime:0.072499s ]
INFO: [ view_parse ] --END-- [ RunTime:0.072764s ]
INFO: [ view_filter ] --START--
INFO: Run Behavior\WriteHtmlCacheBehavior [ RunTime:0.001216s ]
INFO: [ view_filter ] --END-- [ RunTime:0.001471s ]
INFO: [ app_end ] --START--
INFO: Run Behavior\ShowPageTraceBehavior [ RunTime:0.001596s ]
INFO: [ app_end ] --END-- [ RunTime:0.001861s ]

[ 2017-06-06T09:52:19+08:00 ] ::1 /menu/index.php/Admin/User/del
INFO: [ app_init ] --START--
INFO: Run Behavior\BuildLiteBehavior [ RunTime:0.000048s ]
INFO: [ app_init ] --END-- [ RunTime:0.002229s ]
INFO: [ app_begin ] --START--
INFO: Run Behavior\ReadHtmlCacheBehavior [ RunTime:0.001367s ]
INFO: [ app_begin ] --END-- [ RunTime:0.001605s ]
SQL: SHOW COLUMNS FROM `think_usermessage` [ RunTime:0.0185s ]
ERR: 1451:Cannot delete or update a parent row: a foreign key constraint fails (`thinkhuaqi`.`think_foodsave`, CONSTRAINT `think_foodsave_ibfk_1` FOREIGN KEY (`UserId`) REFERENCES `think_usermessage` (`UserId`))
 [ SQL语句 ] : DELETE FROM `think_usermessage` WHERE `UserId` = 7
ERR: 1451:Cannot delete or update a parent row: a foreign key constraint fails (`thinkhuaqi`.`think_foodsave`, CONSTRAINT `think_foodsave_ibfk_1` FOREIGN KEY (`UserId`) REFERENCES `think_usermessage` (`UserId`))
 [ SQL语句 ] : DELETE FROM `think_usermessage` WHERE `UserId` = 7

[ 2017-06-06T09:52:20+08:00 ] ::1 /menu/index.php/Admin/User/del
INFO: [ app_init ] --START--
INFO: Run Behavior\BuildLiteBehavior [ RunTime:0.000052s ]
INFO: [ app_init ] --END-- [ RunTime:0.000914s ]
INFO: [ app_begin ] --START--
INFO: Run Behavior\ReadHtmlCacheBehavior [ RunTime:0.000855s ]
INFO: [ app_begin ] --END-- [ RunTime:0.001046s ]
SQL: SHOW COLUMNS FROM `think_usermessage` [ RunTime:0.0227s ]
ERR: 1451:Cannot delete or update a parent row: a foreign key constraint fails (`thinkhuaqi`.`think_foodsave`, CONSTRAINT `think_foodsave_ibfk_1` FOREIGN KEY (`UserId`) REFERENCES `think_usermessage` (`UserId`))
 [ SQL语句 ] : DELETE FROM `think_usermessage` WHERE `UserId` = 7
ERR: 1451:Cannot delete or update a parent row: a foreign key constraint fails (`thinkhuaqi`.`think_foodsave`, CONSTRAINT `think_foodsave_ibfk_1` FOREIGN KEY (`UserId`) REFERENCES `think_usermessage` (`UserId`))
 [ SQL语句 ] : DELETE FROM `think_usermessage` WHERE `UserId` = 7

[ 2017-06-06T09:52:20+08:00 ] ::1 /menu/index.php/Admin/User/del
INFO: [ app_init ] --START--
INFO: Run Behavior\BuildLiteBehavior [ RunTime:0.000037s ]
INFO: [ app_init ] --END-- [ RunTime:0.000612s ]
INFO: [ app_begin ] --START--
INFO: Run Behavior\ReadHtmlCacheBehavior [ RunTime:0.000625s ]
INFO: [ app_begin ] --END-- [ RunTime:0.000755s ]
SQL: SHOW COLUMNS FROM `think_usermessage` [ RunTime:0.0171s ]
ERR: 1451:Cannot delete or update a parent row: a foreign key constraint fails (`thinkhuaqi`.`think_foodsave`, CONSTRAINT `think_foodsave_ibfk_1` FOREIGN KEY (`UserId`) REFERENCES `think_usermessage` (`UserId`))
 [ SQL语句 ] : DELETE FROM `think_usermessage` WHERE `UserId` = 7
ERR: 1451:Cannot delete or update a parent row: a foreign key constraint fails (`thinkhuaqi`.`think_foodsave`, CONSTRAINT `think_foodsave_ibfk_1` FOREIGN KEY (`UserId`) REFERENCES `think_usermessage` (`UserId`))
 [ SQL语句 ] : DELETE FROM `think_usermessage` WHERE `UserId` = 7

[ 2017-06-06T09:52:20+08:00 ] ::1 /menu/index.php/Admin/User/del
INFO: [ app_init ] --START--
INFO: Run Behavior\BuildLiteBehavior [ RunTime:0.000061s ]
INFO: [ app_init ] --END-- [ RunTime:0.001001s ]
INFO: [ app_begin ] --START--
INFO: Run Behavior\ReadHtmlCacheBehavior [ RunTime:0.000969s ]
INFO: [ app_begin ] --END-- [ RunTime:0.001213s ]
SQL: SHOW COLUMNS FROM `think_usermessage` [ RunTime:0.0175s ]
ERR: 1451:Cannot delete or update a parent row: a foreign key constraint fails (`thinkhuaqi`.`think_foodsave`, CONSTRAINT `think_foodsave_ibfk_1` FOREIGN KEY (`UserId`) REFERENCES `think_usermessage` (`UserId`))
 [ SQL语句 ] : DELETE FROM `think_usermessage` WHERE `UserId` = 7
ERR: 1451:Cannot delete or update a parent row: a foreign key constraint fails (`thinkhuaqi`.`think_foodsave`, CONSTRAINT `think_foodsave_ibfk_1` FOREIGN KEY (`UserId`) REFERENCES `think_usermessage` (`UserId`))
 [ SQL语句 ] : DELETE FROM `think_usermessage` WHERE `UserId` = 7

[ 2017-06-06T09:52:20+08:00 ] ::1 /menu/index.php/Admin/User/del
INFO: [ app_init ] --START--
INFO: Run Behavior\BuildLiteBehavior [ RunTime:0.000048s ]
INFO: [ app_init ] --END-- [ RunTime:0.000856s ]
INFO: [ app_begin ] --START--
INFO: Run Behavior\ReadHtmlCacheBehavior [ RunTime:0.001248s ]
INFO: [ app_begin ] --END-- [ RunTime:0.001457s ]
SQL: SHOW COLUMNS FROM `think_usermessage` [ RunTime:0.0234s ]
ERR: 1451:Cannot delete or update a parent row: a foreign key constraint fails (`thinkhuaqi`.`think_foodsave`, CONSTRAINT `think_foodsave_ibfk_1` FOREIGN KEY (`UserId`) REFERENCES `think_usermessage` (`UserId`))
 [ SQL语句 ] : DELETE FROM `think_usermessage` WHERE `UserId` = 7
ERR: 1451:Cannot delete or update a parent row: a foreign key constraint fails (`thinkhuaqi`.`think_foodsave`, CONSTRAINT `think_foodsave_ibfk_1` FOREIGN KEY (`UserId`) REFERENCES `think_usermessage` (`UserId`))
 [ SQL语句 ] : DELETE FROM `think_usermessage` WHERE `UserId` = 7

[ 2017-06-06T10:00:37+08:00 ] ::1 /menu/index.php/Admin
INFO: [ app_init ] --START--
INFO: Run Behavior\BuildLiteBehavior [ RunTime:0.000065s ]
INFO: [ app_init ] --END-- [ RunTime:0.033462s ]
INFO: [ app_begin ] --START--
INFO: Run Behavior\ReadHtmlCacheBehavior [ RunTime:0.032397s ]
INFO: [ app_begin ] --END-- [ RunTime:0.032730s ]
INFO: [ view_parse ] --START--
NOTIC: [2] file_get_contents(./Apps/Admin/View/Public/footer.html): failed to open stream: No such file or directory D:\wamp\www\menu\ThinkPHP\Library\Think\Template.class.php 第 696 行.
INFO: [ template_filter ] --START--
INFO: Run Behavior\ContentReplaceBehavior [ RunTime:0.000159s ]
INFO: [ template_filter ] --END-- [ RunTime:0.000399s ]
NOTIC: [8] Undefined variable: light D:\wamp\www\menu\Apps\Runtime\Cache\Admin\859e94050170c96367cb52465a51a945.php 第 172 行.
INFO: Run Behavior\ParseTemplateBehavior [ RunTime:0.150252s ]
INFO: [ view_parse ] --END-- [ RunTime:0.150482s ]
INFO: [ view_filter ] --START--
INFO: Run Behavior\WriteHtmlCacheBehavior [ RunTime:0.024644s ]
INFO: [ view_filter ] --END-- [ RunTime:0.024828s ]
INFO: [ app_end ] --START--
INFO: Run Behavior\ShowPageTraceBehavior [ RunTime:0.016525s ]
INFO: [ app_end ] --END-- [ RunTime:0.016760s ]

[ 2017-06-06T10:00:42+08:00 ] ::1 /menu/index.php/Admin/Order.html
INFO: [ app_init ] --START--
INFO: Run Behavior\BuildLiteBehavior [ RunTime:0.000051s ]
INFO: [ app_init ] --END-- [ RunTime:0.001167s ]
INFO: [ app_begin ] --START--
INFO: Run Behavior\ReadHtmlCacheBehavior [ RunTime:0.001799s ]
INFO: [ app_begin ] --END-- [ RunTime:0.002179s ]
SQL: SHOW COLUMNS FROM `think_haspaymessage` [ RunTime:0.7935s ]
SQL: SHOW COLUMNS FROM `think_haspaymessage` [ RunTime:0.0247s ]
SQL: SELECT a.BookId as BookId,`SwId`,`UserName`,`UserTelephone`,`BjlxName`,`BjlxSize`,`BjlxCount`,`BjlxURL`,`FoodName`,`FoodURL`,`BookPrice`,`BookTime` FROM think_haspaymessage as a,think_usermessage as b,think_bjlxmessage as c,think_swduiying as d,think_foodmessage as e WHERE ( a.UserId=b.UserId and a.BjlxId=c.BjlxId and a.BookId=d.BookId and d.FoodId=e.FoodId ) ORDER BY BookId  [ RunTime:0.0020s ]
INFO: [ view_parse ] --START--
NOTIC: [2] file_get_contents(./Apps/Admin/View/Public/footer.html): failed to open stream: No such file or directory D:\wamp\www\menu\ThinkPHP\Library\Think\Template.class.php 第 696 行.
INFO: [ template_filter ] --START--
INFO: Run Behavior\ContentReplaceBehavior [ RunTime:0.000223s ]
INFO: [ template_filter ] --END-- [ RunTime:0.000479s ]
NOTIC: [8] Undefined variable: light D:\wamp\www\menu\Apps\Runtime\Cache\Admin\f4e214009ad75ac936bcad6ad9452214.php 第 278 行.
INFO: Run Behavior\ParseTemplateBehavior [ RunTime:0.088006s ]
INFO: [ view_parse ] --END-- [ RunTime:0.089803s ]
INFO: [ view_filter ] --START--
INFO: Run Behavior\WriteHtmlCacheBehavior [ RunTime:0.001695s ]
INFO: [ view_filter ] --END-- [ RunTime:0.002095s ]
INFO: [ app_end ] --START--
INFO: Run Behavior\ShowPageTraceBehavior [ RunTime:0.001867s ]
INFO: [ app_end ] --END-- [ RunTime:0.002141s ]

[ 2017-06-06T10:00:43+08:00 ] ::1 /menu/index.php/Admin/User.html
INFO: [ app_init ] --START--
INFO: Run Behavior\BuildLiteBehavior [ RunTime:0.000051s ]
INFO: [ app_init ] --END-- [ RunTime:0.001246s ]
INFO: [ app_begin ] --START--
INFO: Run Behavior\ReadHtmlCacheBehavior [ RunTime:0.001652s ]
INFO: [ app_begin ] --END-- [ RunTime:0.001900s ]
SQL: SHOW COLUMNS FROM `think_usermessage` [ RunTime:0.0162s ]
NOTIC: [8] Undefined variable: id D:\wamp\www\menu\Apps\Admin\Controller\UserController.class.php 第 9 行.
SQL: SELECT * FROM `think_usermessage`  [ RunTime:0.0007s ]
INFO: [ view_parse ] --START--
NOTIC: [2] file_get_contents(./Apps/Admin/View/Public/footer.html): failed to open stream: No such file or directory D:\wamp\www\menu\ThinkPHP\Library\Think\Template.class.php 第 696 行.
INFO: [ template_filter ] --START--
INFO: Run Behavior\ContentReplaceBehavior [ RunTime:0.000321s ]
INFO: [ template_filter ] --END-- [ RunTime:0.000589s ]
NOTIC: [8] Undefined variable: UserId D:\wamp\www\menu\Apps\Runtime\Cache\Admin\a92f1d2922506e26adc7a8e5abe56037.php 第 214 行.
NOTIC: [8] Undefined variable: light D:\wamp\www\menu\Apps\Runtime\Cache\Admin\a92f1d2922506e26adc7a8e5abe56037.php 第 350 行.
INFO: Run Behavior\ParseTemplateBehavior [ RunTime:0.040813s ]
INFO: [ view_parse ] --END-- [ RunTime:0.041040s ]
INFO: [ view_filter ] --START--
INFO: Run Behavior\WriteHtmlCacheBehavior [ RunTime:0.001593s ]
INFO: [ view_filter ] --END-- [ RunTime:0.001845s ]
INFO: [ app_end ] --START--
INFO: Run Behavior\ShowPageTraceBehavior [ RunTime:0.002662s ]
INFO: [ app_end ] --END-- [ RunTime:0.002917s ]

[ 2017-06-06T10:00:46+08:00 ] ::1 /menu/index.php/Admin/User/del
INFO: [ app_init ] --START--
INFO: Run Behavior\BuildLiteBehavior [ RunTime:0.000034s ]
INFO: [ app_init ] --END-- [ RunTime:0.000681s ]
INFO: [ app_begin ] --START--
INFO: Run Behavior\ReadHtmlCacheBehavior [ RunTime:0.001744s ]
INFO: [ app_begin ] --END-- [ RunTime:0.002115s ]
SQL: SHOW COLUMNS FROM `think_usermessage` [ RunTime:0.0175s ]
SQL: DELETE FROM `think_usermessage` WHERE `UserId` = 1 [ RunTime:0.0833s ]

[ 2017-06-06T10:00:47+08:00 ] ::1 /menu/index.php/Admin/User.html
INFO: [ app_init ] --START--
INFO: Run Behavior\BuildLiteBehavior [ RunTime:0.000049s ]
INFO: [ app_init ] --END-- [ RunTime:0.001019s ]
INFO: [ app_begin ] --START--
INFO: Run Behavior\ReadHtmlCacheBehavior [ RunTime:0.001960s ]
INFO: [ app_begin ] --END-- [ RunTime:0.002239s ]
SQL: SHOW COLUMNS FROM `think_usermessage` [ RunTime:0.0236s ]
NOTIC: [8] Undefined variable: id D:\wamp\www\menu\Apps\Admin\Controller\UserController.class.php 第 9 行.
SQL: SELECT * FROM `think_usermessage`  [ RunTime:0.0011s ]
INFO: [ view_parse ] --START--
NOTIC: [2] file_get_contents(./Apps/Admin/View/Public/footer.html): failed to open stream: No such file or directory D:\wamp\www\menu\ThinkPHP\Library\Think\Template.class.php 第 696 行.
INFO: [ template_filter ] --START--
INFO: Run Behavior\ContentReplaceBehavior [ RunTime:0.000229s ]
INFO: [ template_filter ] --END-- [ RunTime:0.000464s ]
NOTIC: [8] Undefined variable: UserId D:\wamp\www\menu\Apps\Runtime\Cache\Admin\a92f1d2922506e26adc7a8e5abe56037.php 第 214 行.
NOTIC: [8] Undefined variable: light D:\wamp\www\menu\Apps\Runtime\Cache\Admin\a92f1d2922506e26adc7a8e5abe56037.php 第 350 行.
INFO: Run Behavior\ParseTemplateBehavior [ RunTime:0.031111s ]
INFO: [ view_parse ] --END-- [ RunTime:0.031347s ]
INFO: [ view_filter ] --START--
INFO: Run Behavior\WriteHtmlCacheBehavior [ RunTime:0.002349s ]
INFO: [ view_filter ] --END-- [ RunTime:0.002593s ]
INFO: [ app_end ] --START--
INFO: Run Behavior\ShowPageTraceBehavior [ RunTime:0.002300s ]
INFO: [ app_end ] --END-- [ RunTime:0.002629s ]

