[ 2017-05-31T16:05:05+08:00 ] ::1 /menu/index.php/Admin
INFO: [ app_init ] --START--
INFO: Run Behavior\BuildLiteBehavior [ RunTime:0.000039s ]
INFO: [ app_init ] --END-- [ RunTime:0.000778s ]
INFO: [ app_begin ] --START--
INFO: Run Behavior\ReadHtmlCacheBehavior [ RunTime:0.001590s ]
INFO: [ app_begin ] --END-- [ RunTime:0.001819s ]
INFO: [ view_parse ] --START--
INFO: [ template_filter ] --START--
INFO: Run Behavior\ContentReplaceBehavior [ RunTime:0.000088s ]
INFO: [ template_filter ] --END-- [ RunTime:0.000245s ]
INFO: Run Behavior\ParseTemplateBehavior [ RunTime:0.055162s ]
INFO: [ view_parse ] --END-- [ RunTime:0.055393s ]
INFO: [ view_filter ] --START--
INFO: Run Behavior\WriteHtmlCacheBehavior [ RunTime:0.001411s ]
INFO: [ view_filter ] --END-- [ RunTime:0.001623s ]

[ 2017-05-31T16:05:09+08:00 ] ::1 /menu/index.php/Admin/Login.html
INFO: [ app_init ] --START--
INFO: Run Behavior\BuildLiteBehavior [ RunTime:0.000038s ]
INFO: [ app_init ] --END-- [ RunTime:0.001160s ]
INFO: [ app_begin ] --START--
INFO: Run Behavior\ReadHtmlCacheBehavior [ RunTime:0.001114s ]
INFO: [ app_begin ] --END-- [ RunTime:0.001275s ]
INFO: [ view_parse ] --START--
INFO: [ template_filter ] --START--
INFO: Run Behavior\ContentReplaceBehavior [ RunTime:0.000095s ]
INFO: [ template_filter ] --END-- [ RunTime:0.000255s ]
INFO: Run Behavior\ParseTemplateBehavior [ RunTime:0.018957s ]
INFO: [ view_parse ] --END-- [ RunTime:0.019145s ]
INFO: [ view_filter ] --START--
INFO: Run Behavior\WriteHtmlCacheBehavior [ RunTime:0.000886s ]
INFO: [ view_filter ] --END-- [ RunTime:0.001022s ]
INFO: [ app_end ] --START--
INFO: Run Behavior\ShowPageTraceBehavior [ RunTime:0.001087s ]
INFO: [ app_end ] --END-- [ RunTime:0.001225s ]

[ 2017-05-31T16:05:16+08:00 ] ::1 /menu/index.php/Admin/Login/check
INFO: [ app_init ] --START--
INFO: Run Behavior\BuildLiteBehavior [ RunTime:0.000028s ]
INFO: [ app_init ] --END-- [ RunTime:0.000569s ]
INFO: [ app_begin ] --START--
INFO: Run Behavior\ReadHtmlCacheBehavior [ RunTime:0.000974s ]
INFO: [ app_begin ] --END-- [ RunTime:0.001082s ]
SQL: SHOW COLUMNS FROM `think_managermessage` [ RunTime:0.0208s ]
SQL: SELECT * FROM `think_managermessage` WHERE `ManagerName` = '11' AND `ManagerPass` = '11' LIMIT 1   [ RunTime:0.0178s ]

[ 2017-05-31T16:05:16+08:00 ] ::1 /menu/index.php/Admin/Index/index.html
INFO: [ app_init ] --START--
INFO: Run Behavior\BuildLiteBehavior [ RunTime:0.000053s ]
INFO: [ app_init ] --END-- [ RunTime:0.000970s ]
INFO: [ app_begin ] --START--
INFO: Run Behavior\ReadHtmlCacheBehavior [ RunTime:0.001629s ]
INFO: [ app_begin ] --END-- [ RunTime:0.001826s ]
INFO: [ view_parse ] --START--
NOTIC: [2] file_get_contents(./Apps/Admin/View/Public/footer.html): failed to open stream: No such file or directory D:\wamp\www\menu\ThinkPHP\Library\Think\Template.class.php 第 696 行.
INFO: [ template_filter ] --START--
INFO: Run Behavior\ContentReplaceBehavior [ RunTime:0.000115s ]
INFO: [ template_filter ] --END-- [ RunTime:0.000291s ]
NOTIC: [8] Undefined variable: light D:\wamp\www\menu\Apps\Runtime\Cache\Admin\859e94050170c96367cb52465a51a945.php 第 172 行.
INFO: Run Behavior\ParseTemplateBehavior [ RunTime:0.131649s ]
INFO: [ view_parse ] --END-- [ RunTime:0.131875s ]
INFO: [ view_filter ] --START--
INFO: Run Behavior\WriteHtmlCacheBehavior [ RunTime:0.001039s ]
INFO: [ view_filter ] --END-- [ RunTime:0.001183s ]
INFO: [ app_end ] --START--
INFO: Run Behavior\ShowPageTraceBehavior [ RunTime:0.001765s ]
INFO: [ app_end ] --END-- [ RunTime:0.001915s ]

[ 2017-05-31T16:05:18+08:00 ] ::1 /menu/index.php/Admin/User.html
INFO: [ app_init ] --START--
INFO: Run Behavior\BuildLiteBehavior [ RunTime:0.000028s ]
INFO: [ app_init ] --END-- [ RunTime:0.000631s ]
INFO: [ app_begin ] --START--
INFO: Run Behavior\ReadHtmlCacheBehavior [ RunTime:0.001075s ]
INFO: [ app_begin ] --END-- [ RunTime:0.001246s ]
SQL: SHOW COLUMNS FROM `think_usermessage` [ RunTime:0.0142s ]
NOTIC: [8] Undefined variable: id D:\wamp\www\menu\Apps\Admin\Controller\UserController.class.php 第 9 行.
SQL: SELECT * FROM `think_usermessage`  [ RunTime:0.0004s ]
INFO: [ view_parse ] --START--
NOTIC: [2] file_get_contents(./Apps/Admin/View/Public/footer.html): failed to open stream: No such file or directory D:\wamp\www\menu\ThinkPHP\Library\Think\Template.class.php 第 696 行.
INFO: [ template_filter ] --START--
INFO: Run Behavior\ContentReplaceBehavior [ RunTime:0.000156s ]
INFO: [ template_filter ] --END-- [ RunTime:0.000305s ]
NOTIC: [8] Undefined variable: UserId D:\wamp\www\menu\Apps\Runtime\Cache\Admin\a92f1d2922506e26adc7a8e5abe56037.php 第 214 行.
NOTIC: [8] Undefined variable: light D:\wamp\www\menu\Apps\Runtime\Cache\Admin\a92f1d2922506e26adc7a8e5abe56037.php 第 350 行.
INFO: Run Behavior\ParseTemplateBehavior [ RunTime:0.059072s ]
INFO: [ view_parse ] --END-- [ RunTime:0.059199s ]
INFO: [ view_filter ] --START--
INFO: Run Behavior\WriteHtmlCacheBehavior [ RunTime:0.000801s ]
INFO: [ view_filter ] --END-- [ RunTime:0.000919s ]
INFO: [ app_end ] --START--
INFO: Run Behavior\ShowPageTraceBehavior [ RunTime:0.001661s ]
INFO: [ app_end ] --END-- [ RunTime:0.001864s ]

[ 2017-05-31T16:05:20+08:00 ] ::1 /menu/index.php/Admin/Menu.html
INFO: [ app_init ] --START--
INFO: Run Behavior\BuildLiteBehavior [ RunTime:0.000029s ]
INFO: [ app_init ] --END-- [ RunTime:0.000655s ]
INFO: [ app_begin ] --START--
INFO: Run Behavior\ReadHtmlCacheBehavior [ RunTime:0.000899s ]
INFO: [ app_begin ] --END-- [ RunTime:0.001086s ]
SQL: SHOW COLUMNS FROM `think_foodmessage` [ RunTime:0.0143s ]
NOTIC: [8] Undefined variable: id D:\wamp\www\menu\Apps\Admin\Controller\MenuController.class.php 第 9 行.
SQL: SELECT * FROM `think_foodmessage`  [ RunTime:0.0009s ]
SQL: SHOW COLUMNS FROM `think_fooditemmessage` [ RunTime:0.0167s ]
NOTIC: [8] Undefined variable: id D:\wamp\www\menu\Apps\Admin\Controller\MenuController.class.php 第 11 行.
SQL: SELECT * FROM `think_fooditemmessage`  [ RunTime:0.0006s ]
SQL: SHOW COLUMNS FROM `think_foodmessage` [ RunTime:0.0200s ]
SQL: SELECT `FoodId`,`FoodName`,b.FoodItemName as name,`FoodIntroduce`,`FoodPrice`,`FoodURL`,`FoodUpdateTime` FROM think_foodmessage as a INNER JOIN think_fooditemmessage as b ON a.FoodItemId=b.FoodItemId  ORDER BY FoodId  [ RunTime:0.0011s ]
INFO: [ view_parse ] --START--
NOTIC: [2] file_get_contents(./Apps/Admin/View/Public/footer.html): failed to open stream: No such file or directory D:\wamp\www\menu\ThinkPHP\Library\Think\Template.class.php 第 696 行.
INFO: [ template_filter ] --START--
INFO: Run Behavior\ContentReplaceBehavior [ RunTime:0.000203s ]
INFO: [ template_filter ] --END-- [ RunTime:0.000353s ]
NOTIC: [8] Undefined variable: FoodId D:\wamp\www\menu\Apps\Runtime\Cache\Admin\db3da01c8f36ad38f6ba709720b2de06.php 第 223 行.
NOTIC: [8] Undefined variable: light D:\wamp\www\menu\Apps\Runtime\Cache\Admin\db3da01c8f36ad38f6ba709720b2de06.php 第 469 行.
INFO: Run Behavior\ParseTemplateBehavior [ RunTime:0.061232s ]
INFO: [ view_parse ] --END-- [ RunTime:0.061428s ]
INFO: [ view_filter ] --START--
INFO: Run Behavior\WriteHtmlCacheBehavior [ RunTime:0.001031s ]
INFO: [ view_filter ] --END-- [ RunTime:0.001186s ]
INFO: [ app_end ] --START--
INFO: Run Behavior\ShowPageTraceBehavior [ RunTime:0.003671s ]
INFO: [ app_end ] --END-- [ RunTime:0.003941s ]

[ 2017-05-31T16:05:22+08:00 ] ::1 /menu/index.php/Admin/Room.html
INFO: [ app_init ] --START--
INFO: Run Behavior\BuildLiteBehavior [ RunTime:0.000058s ]
INFO: [ app_init ] --END-- [ RunTime:0.001281s ]
INFO: [ app_begin ] --START--
INFO: Run Behavior\ReadHtmlCacheBehavior [ RunTime:0.001667s ]
INFO: [ app_begin ] --END-- [ RunTime:0.001937s ]
SQL: SHOW COLUMNS FROM `think_bjlxmessage` [ RunTime:0.0178s ]
NOTIC: [8] Undefined variable: id D:\wamp\www\menu\Apps\Admin\Controller\RoomController.class.php 第 9 行.
SQL: SELECT * FROM `think_bjlxmessage`  [ RunTime:0.0013s ]
INFO: [ view_parse ] --START--
NOTIC: [2] file_get_contents(./Apps/Admin/View/Public/footer.html): failed to open stream: No such file or directory D:\wamp\www\menu\ThinkPHP\Library\Think\Template.class.php 第 696 行.
INFO: [ template_filter ] --START--
INFO: Run Behavior\ContentReplaceBehavior [ RunTime:0.000298s ]
INFO: [ template_filter ] --END-- [ RunTime:0.000591s ]
NOTIC: [8] Undefined variable: BjlxId D:\wamp\www\menu\Apps\Runtime\Cache\Admin\3a68201c5e9276805f58e95bd7dd0ea3.php 第 221 行.
NOTIC: [8] Undefined variable: light D:\wamp\www\menu\Apps\Runtime\Cache\Admin\3a68201c5e9276805f58e95bd7dd0ea3.php 第 414 行.
INFO: Run Behavior\ParseTemplateBehavior [ RunTime:0.120065s ]
INFO: [ view_parse ] --END-- [ RunTime:0.120560s ]
INFO: [ view_filter ] --START--
INFO: Run Behavior\WriteHtmlCacheBehavior [ RunTime:0.001582s ]
INFO: [ view_filter ] --END-- [ RunTime:0.001856s ]
INFO: [ app_end ] --START--
INFO: Run Behavior\ShowPageTraceBehavior [ RunTime:0.001905s ]
INFO: [ app_end ] --END-- [ RunTime:0.002177s ]

[ 2017-05-31T16:05:32+08:00 ] ::1 /menu/index.php/Admin/Diy.html
INFO: [ app_init ] --START--
INFO: Run Behavior\BuildLiteBehavior [ RunTime:0.000035s ]
INFO: [ app_init ] --END-- [ RunTime:0.001039s ]
INFO: [ app_begin ] --START--
INFO: Run Behavior\ReadHtmlCacheBehavior [ RunTime:0.001181s ]
INFO: [ app_begin ] --END-- [ RunTime:0.001356s ]
SQL: SHOW COLUMNS FROM `think_foodsave` [ RunTime:0.0175s ]
SQL: SHOW COLUMNS FROM `think_foodsave` [ RunTime:0.0204s ]
SQL: SELECT `CaipuId`,`UserName`,`UserTelephone`,`FoodId`,`AddTime` FROM think_foodsave as a INNER JOIN think_usermessage as b ON a.UserId=b.UserId  ORDER BY CaipuId  [ RunTime:0.0010s ]
SQL: SHOW COLUMNS FROM `think_foodsave` [ RunTime:0.0382s ]
SQL: SELECT `CaipuId`,`FoodName`,`FoodPrice`,`FoodURL`,`FoodUpdateTime` FROM think_foodsave as a INNER JOIN think_foodmessage as b ON a.FoodId=b.FoodId  ORDER BY CaipuId  [ RunTime:0.0006s ]
INFO: [ view_parse ] --START--
NOTIC: [2] file_get_contents(./Apps/Admin/View/Public/footer.html): failed to open stream: No such file or directory D:\wamp\www\menu\ThinkPHP\Library\Think\Template.class.php 第 696 行.
INFO: [ template_filter ] --START--
INFO: Run Behavior\ContentReplaceBehavior [ RunTime:0.000141s ]
INFO: [ template_filter ] --END-- [ RunTime:0.000288s ]
NOTIC: [8] Undefined variable: light D:\wamp\www\menu\Apps\Runtime\Cache\Admin\ff89641dca0fec137d187cbe5e2f2ec2.php 第 275 行.
INFO: Run Behavior\ParseTemplateBehavior [ RunTime:0.055408s ]
INFO: [ view_parse ] --END-- [ RunTime:0.055559s ]
INFO: [ view_filter ] --START--
INFO: Run Behavior\WriteHtmlCacheBehavior [ RunTime:0.000959s ]
INFO: [ view_filter ] --END-- [ RunTime:0.001102s ]
INFO: [ app_end ] --START--
INFO: Run Behavior\ShowPageTraceBehavior [ RunTime:0.001824s ]
INFO: [ app_end ] --END-- [ RunTime:0.002034s ]

[ 2017-05-31T21:00:15+08:00 ] ::1 /menu/index.php/Admin/Diy.html
INFO: [ app_init ] --START--
INFO: Run Behavior\BuildLiteBehavior [ RunTime:0.000054s ]
INFO: [ app_init ] --END-- [ RunTime:0.062715s ]
INFO: [ app_begin ] --START--
INFO: Run Behavior\ReadHtmlCacheBehavior [ RunTime:0.061766s ]
INFO: [ app_begin ] --END-- [ RunTime:0.061941s ]
INFO: [ view_parse ] --START--
INFO: [ template_filter ] --START--
INFO: Run Behavior\ContentReplaceBehavior [ RunTime:0.000138s ]
INFO: [ template_filter ] --END-- [ RunTime:0.000385s ]
INFO: Run Behavior\ParseTemplateBehavior [ RunTime:0.091023s ]
INFO: [ view_parse ] --END-- [ RunTime:0.091466s ]
INFO: [ view_filter ] --START--
INFO: Run Behavior\WriteHtmlCacheBehavior [ RunTime:0.022203s ]
INFO: [ view_filter ] --END-- [ RunTime:0.022499s ]

[ 2017-05-31T21:00:19+08:00 ] ::1 /menu/index.php/Admin/Login.html
INFO: [ app_init ] --START--
INFO: Run Behavior\BuildLiteBehavior [ RunTime:0.000036s ]
INFO: [ app_init ] --END-- [ RunTime:0.000773s ]
INFO: [ app_begin ] --START--
INFO: Run Behavior\ReadHtmlCacheBehavior [ RunTime:0.001299s ]
INFO: [ app_begin ] --END-- [ RunTime:0.001474s ]
INFO: [ view_parse ] --START--
INFO: [ template_filter ] --START--
INFO: Run Behavior\ContentReplaceBehavior [ RunTime:0.000099s ]
INFO: [ template_filter ] --END-- [ RunTime:0.000263s ]
INFO: Run Behavior\ParseTemplateBehavior [ RunTime:0.015490s ]
INFO: [ view_parse ] --END-- [ RunTime:0.015720s ]
INFO: [ view_filter ] --START--
INFO: Run Behavior\WriteHtmlCacheBehavior [ RunTime:0.001346s ]
INFO: [ view_filter ] --END-- [ RunTime:0.001588s ]
INFO: [ app_end ] --START--
INFO: Run Behavior\ShowPageTraceBehavior [ RunTime:0.015254s ]
INFO: [ app_end ] --END-- [ RunTime:0.015507s ]

[ 2017-05-31T21:00:23+08:00 ] ::1 /menu/index.php/Admin/Login/check
INFO: [ app_init ] --START--
INFO: Run Behavior\BuildLiteBehavior [ RunTime:0.000052s ]
INFO: [ app_init ] --END-- [ RunTime:0.000973s ]
INFO: [ app_begin ] --START--
INFO: Run Behavior\ReadHtmlCacheBehavior [ RunTime:0.001406s ]
INFO: [ app_begin ] --END-- [ RunTime:0.001621s ]
SQL: SHOW COLUMNS FROM `think_managermessage` [ RunTime:0.0462s ]
SQL: SELECT * FROM `think_managermessage` WHERE `ManagerName` = '11' AND `ManagerPass` = '11' LIMIT 1   [ RunTime:0.0015s ]

[ 2017-05-31T21:00:23+08:00 ] ::1 /menu/index.php/Admin/Index/index.html
INFO: [ app_init ] --START--
INFO: Run Behavior\BuildLiteBehavior [ RunTime:0.000051s ]
INFO: [ app_init ] --END-- [ RunTime:0.000787s ]
INFO: [ app_begin ] --START--
INFO: Run Behavior\ReadHtmlCacheBehavior [ RunTime:0.001521s ]
INFO: [ app_begin ] --END-- [ RunTime:0.001756s ]
INFO: [ view_parse ] --START--
NOTIC: [2] file_get_contents(./Apps/Admin/View/Public/footer.html): failed to open stream: No such file or directory D:\wamp\www\menu\ThinkPHP\Library\Think\Template.class.php 第 696 行.
INFO: [ template_filter ] --START--
INFO: Run Behavior\ContentReplaceBehavior [ RunTime:0.000123s ]
INFO: [ template_filter ] --END-- [ RunTime:0.000288s ]
NOTIC: [8] Undefined variable: light D:\wamp\www\menu\Apps\Runtime\Cache\Admin\859e94050170c96367cb52465a51a945.php 第 172 行.
INFO: Run Behavior\ParseTemplateBehavior [ RunTime:0.040678s ]
INFO: [ view_parse ] --END-- [ RunTime:0.040909s ]
INFO: [ view_filter ] --START--
INFO: Run Behavior\WriteHtmlCacheBehavior [ RunTime:0.001498s ]
INFO: [ view_filter ] --END-- [ RunTime:0.001761s ]
INFO: [ app_end ] --START--
INFO: Run Behavior\ShowPageTraceBehavior [ RunTime:0.001551s ]
INFO: [ app_end ] --END-- [ RunTime:0.001804s ]

[ 2017-05-31T21:00:25+08:00 ] ::1 /menu/index.php/Admin/User.html
INFO: [ app_init ] --START--
INFO: Run Behavior\BuildLiteBehavior [ RunTime:0.000063s ]
INFO: [ app_init ] --END-- [ RunTime:0.001763s ]
INFO: [ app_begin ] --START--
INFO: Run Behavior\ReadHtmlCacheBehavior [ RunTime:0.001888s ]
INFO: [ app_begin ] --END-- [ RunTime:0.002168s ]
SQL: SHOW COLUMNS FROM `think_usermessage` [ RunTime:0.0230s ]
NOTIC: [8] Undefined variable: id D:\wamp\www\menu\Apps\Admin\Controller\UserController.class.php 第 9 行.
SQL: SELECT * FROM `think_usermessage`  [ RunTime:0.0012s ]
INFO: [ view_parse ] --START--
NOTIC: [2] file_get_contents(./Apps/Admin/View/Public/footer.html): failed to open stream: No such file or directory D:\wamp\www\menu\ThinkPHP\Library\Think\Template.class.php 第 696 行.
INFO: [ template_filter ] --START--
INFO: Run Behavior\ContentReplaceBehavior [ RunTime:0.000283s ]
INFO: [ template_filter ] --END-- [ RunTime:0.000532s ]
NOTIC: [8] Undefined variable: UserId D:\wamp\www\menu\Apps\Runtime\Cache\Admin\a92f1d2922506e26adc7a8e5abe56037.php 第 214 行.
NOTIC: [8] Undefined variable: light D:\wamp\www\menu\Apps\Runtime\Cache\Admin\a92f1d2922506e26adc7a8e5abe56037.php 第 350 行.
INFO: Run Behavior\ParseTemplateBehavior [ RunTime:0.103478s ]
INFO: [ view_parse ] --END-- [ RunTime:0.103830s ]
INFO: [ view_filter ] --START--
INFO: Run Behavior\WriteHtmlCacheBehavior [ RunTime:0.001255s ]
INFO: [ view_filter ] --END-- [ RunTime:0.001524s ]
INFO: [ app_end ] --START--
INFO: Run Behavior\ShowPageTraceBehavior [ RunTime:0.001606s ]
INFO: [ app_end ] --END-- [ RunTime:0.003595s ]

[ 2017-05-31T21:00:26+08:00 ] ::1 /menu/index.php/Admin/Menu.html
INFO: [ app_init ] --START--
INFO: Run Behavior\BuildLiteBehavior [ RunTime:0.000047s ]
INFO: [ app_init ] --END-- [ RunTime:0.000960s ]
INFO: [ app_begin ] --START--
INFO: Run Behavior\ReadHtmlCacheBehavior [ RunTime:0.001520s ]
INFO: [ app_begin ] --END-- [ RunTime:0.001787s ]
SQL: SHOW COLUMNS FROM `think_foodmessage` [ RunTime:0.0202s ]
NOTIC: [8] Undefined variable: id D:\wamp\www\menu\Apps\Admin\Controller\MenuController.class.php 第 9 行.
SQL: SELECT * FROM `think_foodmessage`  [ RunTime:0.0017s ]
SQL: SHOW COLUMNS FROM `think_fooditemmessage` [ RunTime:0.0240s ]
NOTIC: [8] Undefined variable: id D:\wamp\www\menu\Apps\Admin\Controller\MenuController.class.php 第 11 行.
SQL: SELECT * FROM `think_fooditemmessage`  [ RunTime:0.0011s ]
SQL: SHOW COLUMNS FROM `think_foodmessage` [ RunTime:0.0237s ]
SQL: SELECT `FoodId`,`FoodName`,b.FoodItemName as name,`FoodIntroduce`,`FoodPrice`,`FoodURL`,`FoodUpdateTime` FROM think_foodmessage as a INNER JOIN think_fooditemmessage as b ON a.FoodItemId=b.FoodItemId  ORDER BY FoodId  [ RunTime:0.0021s ]
INFO: [ view_parse ] --START--
NOTIC: [2] file_get_contents(./Apps/Admin/View/Public/footer.html): failed to open stream: No such file or directory D:\wamp\www\menu\ThinkPHP\Library\Think\Template.class.php 第 696 行.
INFO: [ template_filter ] --START--
INFO: Run Behavior\ContentReplaceBehavior [ RunTime:0.000212s ]
INFO: [ template_filter ] --END-- [ RunTime:0.000373s ]
NOTIC: [8] Undefined variable: FoodId D:\wamp\www\menu\Apps\Runtime\Cache\Admin\db3da01c8f36ad38f6ba709720b2de06.php 第 223 行.
NOTIC: [8] Undefined variable: light D:\wamp\www\menu\Apps\Runtime\Cache\Admin\db3da01c8f36ad38f6ba709720b2de06.php 第 469 行.
INFO: Run Behavior\ParseTemplateBehavior [ RunTime:0.056726s ]
INFO: [ view_parse ] --END-- [ RunTime:0.056984s ]
INFO: [ view_filter ] --START--
INFO: Run Behavior\WriteHtmlCacheBehavior [ RunTime:0.001455s ]
INFO: [ view_filter ] --END-- [ RunTime:0.001707s ]
INFO: [ app_end ] --START--
INFO: Run Behavior\ShowPageTraceBehavior [ RunTime:0.001439s ]
INFO: [ app_end ] --END-- [ RunTime:0.001682s ]

[ 2017-05-31T23:35:28+08:00 ] ::1 /menu/index.php/Admin/Room.html
INFO: [ app_init ] --START--
INFO: Run Behavior\BuildLiteBehavior [ RunTime:0.000047s ]
INFO: [ app_init ] --END-- [ RunTime:0.000952s ]
INFO: [ app_begin ] --START--
INFO: Run Behavior\ReadHtmlCacheBehavior [ RunTime:0.000985s ]
INFO: [ app_begin ] --END-- [ RunTime:0.001136s ]
SQL: SHOW COLUMNS FROM `think_bjlxmessage` [ RunTime:0.0357s ]
NOTIC: [8] Undefined variable: id D:\wamp\www\menu\Apps\Admin\Controller\RoomController.class.php 第 9 行.
SQL: SELECT * FROM `think_bjlxmessage`  [ RunTime:0.0007s ]
INFO: [ view_parse ] --START--
NOTIC: [2] file_get_contents(./Apps/Admin/View/Public/footer.html): failed to open stream: No such file or directory D:\wamp\www\menu\ThinkPHP\Library\Think\Template.class.php 第 696 行.
INFO: [ template_filter ] --START--
INFO: Run Behavior\ContentReplaceBehavior [ RunTime:0.000183s ]
INFO: [ template_filter ] --END-- [ RunTime:0.000340s ]
NOTIC: [8] Undefined variable: BjlxId D:\wamp\www\menu\Apps\Runtime\Cache\Admin\3a68201c5e9276805f58e95bd7dd0ea3.php 第 221 行.
NOTIC: [8] Undefined variable: light D:\wamp\www\menu\Apps\Runtime\Cache\Admin\3a68201c5e9276805f58e95bd7dd0ea3.php 第 414 行.
INFO: Run Behavior\ParseTemplateBehavior [ RunTime:0.067698s ]
INFO: [ view_parse ] --END-- [ RunTime:0.067862s ]
INFO: [ view_filter ] --START--
INFO: Run Behavior\WriteHtmlCacheBehavior [ RunTime:0.001276s ]
INFO: [ view_filter ] --END-- [ RunTime:0.001446s ]
INFO: [ app_end ] --START--
INFO: Run Behavior\ShowPageTraceBehavior [ RunTime:0.001119s ]
INFO: [ app_end ] --END-- [ RunTime:0.001313s ]

[ 2017-05-31T23:35:33+08:00 ] ::1 /menu/index.php/Admin/Room/del
INFO: [ app_init ] --START--
INFO: Run Behavior\BuildLiteBehavior [ RunTime:0.000040s ]
INFO: [ app_init ] --END-- [ RunTime:0.001451s ]
INFO: [ app_begin ] --START--
INFO: Run Behavior\ReadHtmlCacheBehavior [ RunTime:0.001428s ]
INFO: [ app_begin ] --END-- [ RunTime:0.001623s ]
SQL: SHOW COLUMNS FROM `think_bjlxmessage` [ RunTime:0.0157s ]
SQL: DELETE FROM `think_bjlxmessage` WHERE `BjlxId` = 49 [ RunTime:0.1563s ]

[ 2017-05-31T23:35:35+08:00 ] ::1 /menu/index.php/Admin/Room.html
INFO: [ app_init ] --START--
INFO: Run Behavior\BuildLiteBehavior [ RunTime:0.000035s ]
INFO: [ app_init ] --END-- [ RunTime:0.000826s ]
INFO: [ app_begin ] --START--
INFO: Run Behavior\ReadHtmlCacheBehavior [ RunTime:0.002983s ]
INFO: [ app_begin ] --END-- [ RunTime:0.003430s ]
SQL: SHOW COLUMNS FROM `think_bjlxmessage` [ RunTime:0.0184s ]
NOTIC: [8] Undefined variable: id D:\wamp\www\menu\Apps\Admin\Controller\RoomController.class.php 第 9 行.
SQL: SELECT * FROM `think_bjlxmessage`  [ RunTime:0.0010s ]
INFO: [ view_parse ] --START--
NOTIC: [2] file_get_contents(./Apps/Admin/View/Public/footer.html): failed to open stream: No such file or directory D:\wamp\www\menu\ThinkPHP\Library\Think\Template.class.php 第 696 行.
INFO: [ template_filter ] --START--
INFO: Run Behavior\ContentReplaceBehavior [ RunTime:0.000196s ]
INFO: [ template_filter ] --END-- [ RunTime:0.000351s ]
NOTIC: [8] Undefined variable: BjlxId D:\wamp\www\menu\Apps\Runtime\Cache\Admin\3a68201c5e9276805f58e95bd7dd0ea3.php 第 221 行.
NOTIC: [8] Undefined variable: light D:\wamp\www\menu\Apps\Runtime\Cache\Admin\3a68201c5e9276805f58e95bd7dd0ea3.php 第 414 行.
INFO: Run Behavior\ParseTemplateBehavior [ RunTime:0.031613s ]
INFO: [ view_parse ] --END-- [ RunTime:0.031811s ]
INFO: [ view_filter ] --START--
INFO: Run Behavior\WriteHtmlCacheBehavior [ RunTime:0.000932s ]
INFO: [ view_filter ] --END-- [ RunTime:0.001084s ]
INFO: [ app_end ] --START--
INFO: Run Behavior\ShowPageTraceBehavior [ RunTime:0.001616s ]
INFO: [ app_end ] --END-- [ RunTime:0.001838s ]

