[ 2017-05-30T16:22:03+08:00 ] ::1 /menu/index.php/Admin
INFO: [ app_init ] --START--
INFO: Run Behavior\BuildLiteBehavior [ RunTime:0.000036s ]
INFO: [ app_init ] --END-- [ RunTime:0.000628s ]
INFO: [ app_begin ] --START--
INFO: Run Behavior\ReadHtmlCacheBehavior [ RunTime:0.001087s ]
INFO: [ app_begin ] --END-- [ RunTime:0.001228s ]
INFO: [ view_parse ] --START--
INFO: [ template_filter ] --START--
INFO: Run Behavior\ContentReplaceBehavior [ RunTime:0.000241s ]
INFO: [ template_filter ] --END-- [ RunTime:0.000748s ]
INFO: Run Behavior\ParseTemplateBehavior [ RunTime:0.135594s ]
INFO: [ view_parse ] --END-- [ RunTime:0.135973s ]
INFO: [ view_filter ] --START--
INFO: Run Behavior\WriteHtmlCacheBehavior [ RunTime:0.014438s ]
INFO: [ view_filter ] --END-- [ RunTime:0.014777s ]

[ 2017-05-30T16:22:06+08:00 ] ::1 /menu/index.php/Admin/Login.html
INFO: [ app_init ] --START--
INFO: Run Behavior\BuildLiteBehavior [ RunTime:0.000163s ]
INFO: [ app_init ] --END-- [ RunTime:0.002371s ]
INFO: [ app_begin ] --START--
INFO: Run Behavior\ReadHtmlCacheBehavior [ RunTime:0.001841s ]
INFO: [ app_begin ] --END-- [ RunTime:0.002113s ]
INFO: [ view_parse ] --START--
INFO: [ template_filter ] --START--
INFO: Run Behavior\ContentReplaceBehavior [ RunTime:0.000161s ]
INFO: [ template_filter ] --END-- [ RunTime:0.000467s ]
INFO: Run Behavior\ParseTemplateBehavior [ RunTime:0.032142s ]
INFO: [ view_parse ] --END-- [ RunTime:0.032486s ]
INFO: [ view_filter ] --START--
INFO: Run Behavior\WriteHtmlCacheBehavior [ RunTime:0.001632s ]
INFO: [ view_filter ] --END-- [ RunTime:0.001903s ]
INFO: [ app_end ] --START--
INFO: Run Behavior\ShowPageTraceBehavior [ RunTime:0.001956s ]
INFO: [ app_end ] --END-- [ RunTime:0.002234s ]

[ 2017-05-30T16:22:15+08:00 ] ::1 /menu/index.php/Admin/Login/check
INFO: [ app_init ] --START--
INFO: Run Behavior\BuildLiteBehavior [ RunTime:0.000055s ]
INFO: [ app_init ] --END-- [ RunTime:0.001024s ]
INFO: [ app_begin ] --START--
INFO: Run Behavior\ReadHtmlCacheBehavior [ RunTime:0.000684s ]
INFO: [ app_begin ] --END-- [ RunTime:0.000817s ]
SQL: SHOW COLUMNS FROM `think_managermessage` [ RunTime:0.0197s ]
SQL: SELECT * FROM `think_managermessage` WHERE `ManagerName` = '11' AND `ManagerPass` = '11111' LIMIT 1   [ RunTime:0.0012s ]

[ 2017-05-30T16:22:21+08:00 ] ::1 /menu/index.php/Admin/Login/check
INFO: [ app_init ] --START--
INFO: Run Behavior\BuildLiteBehavior [ RunTime:0.000033s ]
INFO: [ app_init ] --END-- [ RunTime:0.000609s ]
INFO: [ app_begin ] --START--
INFO: Run Behavior\ReadHtmlCacheBehavior [ RunTime:0.000618s ]
INFO: [ app_begin ] --END-- [ RunTime:0.000743s ]
SQL: SHOW COLUMNS FROM `think_managermessage` [ RunTime:0.0187s ]
SQL: SELECT * FROM `think_managermessage` WHERE `ManagerName` = '11' AND `ManagerPass` = '11' LIMIT 1   [ RunTime:0.0012s ]

[ 2017-05-30T16:22:21+08:00 ] ::1 /menu/index.php/Admin/Index/index.html
INFO: [ app_init ] --START--
INFO: Run Behavior\BuildLiteBehavior [ RunTime:0.000033s ]
INFO: [ app_init ] --END-- [ RunTime:0.000564s ]
INFO: [ app_begin ] --START--
INFO: Run Behavior\ReadHtmlCacheBehavior [ RunTime:0.000865s ]
INFO: [ app_begin ] --END-- [ RunTime:0.001107s ]
INFO: [ view_parse ] --START--
NOTIC: [2] file_get_contents(./Apps/Admin/View/Public/footer.html): failed to open stream: No such file or directory D:\wamp\www\menu\ThinkPHP\Library\Think\Template.class.php 第 696 行.
INFO: [ template_filter ] --START--
INFO: Run Behavior\ContentReplaceBehavior [ RunTime:0.000113s ]
INFO: [ template_filter ] --END-- [ RunTime:0.000275s ]
NOTIC: [8] Undefined variable: light D:\wamp\www\menu\Apps\Runtime\Cache\Admin\859e94050170c96367cb52465a51a945.php 第 172 行.
INFO: Run Behavior\ParseTemplateBehavior [ RunTime:0.056368s ]
INFO: [ view_parse ] --END-- [ RunTime:0.056536s ]
INFO: [ view_filter ] --START--
INFO: Run Behavior\WriteHtmlCacheBehavior [ RunTime:0.000410s ]
INFO: [ view_filter ] --END-- [ RunTime:0.000541s ]
INFO: [ app_end ] --START--
INFO: Run Behavior\ShowPageTraceBehavior [ RunTime:0.000611s ]
INFO: [ app_end ] --END-- [ RunTime:0.000755s ]

[ 2017-05-30T16:59:01+08:00 ] ::1 /menu/index.php/Admin
INFO: [ app_init ] --START--
INFO: Run Behavior\BuildLiteBehavior [ RunTime:0.000056s ]
INFO: [ app_init ] --END-- [ RunTime:0.001215s ]
INFO: [ app_begin ] --START--
INFO: Run Behavior\ReadHtmlCacheBehavior [ RunTime:0.003204s ]
INFO: [ app_begin ] --END-- [ RunTime:0.003482s ]
INFO: [ view_parse ] --START--
NOTIC: [2] file_get_contents(./Apps/Admin/View/Public/footer.html): failed to open stream: No such file or directory D:\wamp\www\menu\ThinkPHP\Library\Think\Template.class.php 第 696 行.
INFO: [ template_filter ] --START--
INFO: Run Behavior\ContentReplaceBehavior [ RunTime:0.000126s ]
INFO: [ template_filter ] --END-- [ RunTime:0.000380s ]
NOTIC: [8] Undefined variable: light D:\wamp\www\menu\Apps\Runtime\Cache\Admin\859e94050170c96367cb52465a51a945.php 第 172 行.
INFO: Run Behavior\ParseTemplateBehavior [ RunTime:0.076469s ]
INFO: [ view_parse ] --END-- [ RunTime:0.076745s ]
INFO: [ view_filter ] --START--
INFO: Run Behavior\WriteHtmlCacheBehavior [ RunTime:0.001113s ]
INFO: [ view_filter ] --END-- [ RunTime:0.001356s ]
INFO: [ app_end ] --START--
INFO: Run Behavior\ShowPageTraceBehavior [ RunTime:0.002396s ]
INFO: [ app_end ] --END-- [ RunTime:0.002939s ]

[ 2017-05-30T16:59:13+08:00 ] ::1 /menu/index.php/Admin/login.html
INFO: [ app_init ] --START--
INFO: Run Behavior\BuildLiteBehavior [ RunTime:0.000055s ]
INFO: [ app_init ] --END-- [ RunTime:0.002467s ]
INFO: [ app_begin ] --START--
INFO: Run Behavior\ReadHtmlCacheBehavior [ RunTime:0.001207s ]
INFO: [ app_begin ] --END-- [ RunTime:0.001399s ]
INFO: [ view_parse ] --START--
INFO: [ template_filter ] --START--
INFO: Run Behavior\ContentReplaceBehavior [ RunTime:0.000161s ]
INFO: [ template_filter ] --END-- [ RunTime:0.000432s ]
INFO: Run Behavior\ParseTemplateBehavior [ RunTime:0.029802s ]
INFO: [ view_parse ] --END-- [ RunTime:0.029991s ]
INFO: [ view_filter ] --START--
INFO: Run Behavior\WriteHtmlCacheBehavior [ RunTime:0.000794s ]
INFO: [ view_filter ] --END-- [ RunTime:0.000913s ]
INFO: [ app_end ] --START--
INFO: Run Behavior\ShowPageTraceBehavior [ RunTime:0.001042s ]
INFO: [ app_end ] --END-- [ RunTime:0.001166s ]

[ 2017-05-30T16:59:19+08:00 ] ::1 /menu/index.php/Admin/Login/check
INFO: [ app_init ] --START--
INFO: Run Behavior\BuildLiteBehavior [ RunTime:0.000029s ]
INFO: [ app_init ] --END-- [ RunTime:0.000606s ]
INFO: [ app_begin ] --START--
INFO: Run Behavior\ReadHtmlCacheBehavior [ RunTime:0.001030s ]
INFO: [ app_begin ] --END-- [ RunTime:0.001166s ]
SQL: SHOW COLUMNS FROM `think_managermessage` [ RunTime:0.0569s ]
SQL: SELECT * FROM `think_managermessage` WHERE `ManagerName` = '111' AND `ManagerPass` = '1111' LIMIT 1   [ RunTime:0.0004s ]

[ 2017-05-30T16:59:23+08:00 ] ::1 /menu/index.php/Admin/Login/check
INFO: [ app_init ] --START--
INFO: Run Behavior\BuildLiteBehavior [ RunTime:0.000029s ]
INFO: [ app_init ] --END-- [ RunTime:0.000567s ]
INFO: [ app_begin ] --START--
INFO: Run Behavior\ReadHtmlCacheBehavior [ RunTime:0.000990s ]
INFO: [ app_begin ] --END-- [ RunTime:0.001110s ]
SQL: SHOW COLUMNS FROM `think_managermessage` [ RunTime:0.0158s ]
SQL: SELECT * FROM `think_managermessage` WHERE `ManagerName` = '111' AND `ManagerPass` = '1111' LIMIT 1   [ RunTime:0.0015s ]

[ 2017-05-30T16:59:35+08:00 ] ::1 /menu/index.php/Admin/Login/check
INFO: [ app_init ] --START--
INFO: Run Behavior\BuildLiteBehavior [ RunTime:0.000029s ]
INFO: [ app_init ] --END-- [ RunTime:0.000632s ]
INFO: [ app_begin ] --START--
INFO: Run Behavior\ReadHtmlCacheBehavior [ RunTime:0.000980s ]
INFO: [ app_begin ] --END-- [ RunTime:0.001092s ]
SQL: SHOW COLUMNS FROM `think_managermessage` [ RunTime:0.0158s ]
SQL: SELECT * FROM `think_managermessage` WHERE `ManagerName` = '11' AND `ManagerPass` = '11' LIMIT 1   [ RunTime:0.0008s ]

[ 2017-05-30T16:59:35+08:00 ] ::1 /menu/index.php/Admin/Index/index.html
INFO: [ app_init ] --START--
INFO: Run Behavior\BuildLiteBehavior [ RunTime:0.000029s ]
INFO: [ app_init ] --END-- [ RunTime:0.000614s ]
INFO: [ app_begin ] --START--
INFO: Run Behavior\ReadHtmlCacheBehavior [ RunTime:0.000960s ]
INFO: [ app_begin ] --END-- [ RunTime:0.001088s ]
INFO: [ view_parse ] --START--
NOTIC: [2] file_get_contents(./Apps/Admin/View/Public/footer.html): failed to open stream: No such file or directory D:\wamp\www\menu\ThinkPHP\Library\Think\Template.class.php 第 696 行.
INFO: [ template_filter ] --START--
INFO: Run Behavior\ContentReplaceBehavior [ RunTime:0.000293s ]
INFO: [ template_filter ] --END-- [ RunTime:0.000660s ]
NOTIC: [8] Undefined variable: light D:\wamp\www\menu\Apps\Runtime\Cache\Admin\859e94050170c96367cb52465a51a945.php 第 172 行.
INFO: Run Behavior\ParseTemplateBehavior [ RunTime:0.016841s ]
INFO: [ view_parse ] --END-- [ RunTime:0.016995s ]
INFO: [ view_filter ] --START--
INFO: Run Behavior\WriteHtmlCacheBehavior [ RunTime:0.000905s ]
INFO: [ view_filter ] --END-- [ RunTime:0.001039s ]
INFO: [ app_end ] --START--
INFO: Run Behavior\ShowPageTraceBehavior [ RunTime:0.001086s ]
INFO: [ app_end ] --END-- [ RunTime:0.001224s ]

[ 2017-05-30T17:00:58+08:00 ] ::1 /menu/index.php/Admin/Index/index.html
INFO: [ app_init ] --START--
INFO: Run Behavior\BuildLiteBehavior [ RunTime:0.000061s ]
INFO: [ app_init ] --END-- [ RunTime:0.073513s ]
INFO: [ app_begin ] --START--
INFO: Run Behavior\ReadHtmlCacheBehavior [ RunTime:0.028880s ]
INFO: [ app_begin ] --END-- [ RunTime:0.029141s ]
INFO: [ view_parse ] --START--
NOTIC: [2] file_get_contents(./Apps/Admin/View/Public/footer.html): failed to open stream: No such file or directory D:\wamp\www\menu\ThinkPHP\Library\Think\Template.class.php 第 696 行.
INFO: [ template_filter ] --START--
INFO: Run Behavior\ContentReplaceBehavior [ RunTime:0.000125s ]
INFO: [ template_filter ] --END-- [ RunTime:0.000277s ]
NOTIC: [8] Undefined variable: light D:\wamp\www\menu\Apps\Runtime\Cache\Admin\859e94050170c96367cb52465a51a945.php 第 172 行.
INFO: Run Behavior\ParseTemplateBehavior [ RunTime:0.251850s ]
INFO: [ view_parse ] --END-- [ RunTime:0.251997s ]
INFO: [ view_filter ] --START--
INFO: Run Behavior\WriteHtmlCacheBehavior [ RunTime:0.000862s ]
INFO: [ view_filter ] --END-- [ RunTime:0.000982s ]
INFO: [ app_end ] --START--
INFO: Run Behavior\ShowPageTraceBehavior [ RunTime:0.000974s ]
INFO: [ app_end ] --END-- [ RunTime:0.001096s ]

[ 2017-05-30T18:07:48+08:00 ] ::1 /menu/index.php/Admin/User.html
INFO: [ app_init ] --START--
INFO: Run Behavior\BuildLiteBehavior [ RunTime:0.000028s ]
INFO: [ app_init ] --END-- [ RunTime:0.000554s ]
INFO: [ app_begin ] --START--
INFO: Run Behavior\ReadHtmlCacheBehavior [ RunTime:0.001389s ]
INFO: [ app_begin ] --END-- [ RunTime:0.001594s ]
SQL: SHOW COLUMNS FROM `think_usermessage` [ RunTime:0.0193s ]
NOTIC: [8] Undefined variable: id D:\wamp\www\menu\Apps\Admin\Controller\UserController.class.php 第 9 行.
SQL: SELECT * FROM `think_usermessage`  [ RunTime:0.0011s ]
INFO: [ view_parse ] --START--
NOTIC: [2] file_get_contents(./Apps/Admin/View/Public/footer.html): failed to open stream: No such file or directory D:\wamp\www\menu\ThinkPHP\Library\Think\Template.class.php 第 696 行.
INFO: [ template_filter ] --START--
INFO: Run Behavior\ContentReplaceBehavior [ RunTime:0.000161s ]
INFO: [ template_filter ] --END-- [ RunTime:0.000310s ]
NOTIC: [8] Undefined variable: UserId D:\wamp\www\menu\Apps\Runtime\Cache\Admin\a92f1d2922506e26adc7a8e5abe56037.php 第 214 行.
NOTIC: [8] Undefined variable: light D:\wamp\www\menu\Apps\Runtime\Cache\Admin\a92f1d2922506e26adc7a8e5abe56037.php 第 350 行.
INFO: Run Behavior\ParseTemplateBehavior [ RunTime:0.077230s ]
INFO: [ view_parse ] --END-- [ RunTime:0.077433s ]
INFO: [ view_filter ] --START--
INFO: Run Behavior\WriteHtmlCacheBehavior [ RunTime:0.000946s ]
INFO: [ view_filter ] --END-- [ RunTime:0.001091s ]
INFO: [ app_end ] --START--
INFO: Run Behavior\ShowPageTraceBehavior [ RunTime:0.002118s ]
INFO: [ app_end ] --END-- [ RunTime:0.002261s ]

[ 2017-05-30T18:10:59+08:00 ] ::1 /menu/index.php/Admin/User.html
INFO: [ app_init ] --START--
INFO: Run Behavior\BuildLiteBehavior [ RunTime:0.000029s ]
INFO: [ app_init ] --END-- [ RunTime:0.000561s ]
INFO: [ app_begin ] --START--
INFO: Run Behavior\ReadHtmlCacheBehavior [ RunTime:0.001081s ]
INFO: [ app_begin ] --END-- [ RunTime:0.001283s ]
SQL: SHOW COLUMNS FROM `think_usermessage` [ RunTime:0.0317s ]
NOTIC: [8] Undefined variable: id D:\wamp\www\menu\Apps\Admin\Controller\UserController.class.php 第 9 行.
SQL: SELECT * FROM `think_usermessage`  [ RunTime:0.0006s ]
SQL: SHOW COLUMNS FROM `think_usermessage` [ RunTime:0.0175s ]
SQL: SELECT * FROM `think_usermessage` WHERE ( userid=1 )  [ RunTime:0.0008s ]
INFO: [ view_parse ] --START--
NOTIC: [2] file_get_contents(./Apps/Admin/View/Public/footer.html): failed to open stream: No such file or directory D:\wamp\www\menu\ThinkPHP\Library\Think\Template.class.php 第 696 行.
INFO: [ template_filter ] --START--
INFO: Run Behavior\ContentReplaceBehavior [ RunTime:0.000167s ]
INFO: [ template_filter ] --END-- [ RunTime:0.000329s ]
NOTIC: [8] Undefined variable: UserId D:\wamp\www\menu\Apps\Runtime\Cache\Admin\a92f1d2922506e26adc7a8e5abe56037.php 第 214 行.
NOTIC: [8] Undefined variable: light D:\wamp\www\menu\Apps\Runtime\Cache\Admin\a92f1d2922506e26adc7a8e5abe56037.php 第 350 行.
INFO: Run Behavior\ParseTemplateBehavior [ RunTime:0.019337s ]
INFO: [ view_parse ] --END-- [ RunTime:0.019527s ]
INFO: [ view_filter ] --START--
INFO: Run Behavior\WriteHtmlCacheBehavior [ RunTime:0.001113s ]
INFO: [ view_filter ] --END-- [ RunTime:0.001449s ]
INFO: [ app_end ] --START--
INFO: Run Behavior\ShowPageTraceBehavior [ RunTime:0.001780s ]
INFO: [ app_end ] --END-- [ RunTime:0.001995s ]

[ 2017-05-30T18:13:57+08:00 ] ::1 /menu/index.php/Admin/User.html
INFO: [ app_init ] --START--
INFO: Run Behavior\BuildLiteBehavior [ RunTime:0.000032s ]
INFO: [ app_init ] --END-- [ RunTime:0.000651s ]
INFO: [ app_begin ] --START--
INFO: Run Behavior\ReadHtmlCacheBehavior [ RunTime:0.001474s ]
INFO: [ app_begin ] --END-- [ RunTime:0.001683s ]
SQL: SHOW COLUMNS FROM `think_usermessage` [ RunTime:0.0159s ]
NOTIC: [8] Undefined variable: id D:\wamp\www\menu\Apps\Admin\Controller\UserController.class.php 第 9 行.
SQL: SELECT * FROM `think_usermessage`  [ RunTime:0.0005s ]
SQL: SHOW COLUMNS FROM `think_usermessage` [ RunTime:0.0204s ]
SQL: SELECT * FROM `think_usermessage` WHERE ( userid=1 )  [ RunTime:0.0008s ]
NOTIC: [8] Use of undefined constant userpass - assumed 'userpass' D:\wamp\www\menu\Apps\Admin\Controller\UserController.class.php 第 16 行.
NOTIC: [8] Array to string conversion D:\wamp\www\menu\Apps\Admin\Controller\UserController.class.php 第 16 行.
INFO: [ view_parse ] --START--
NOTIC: [2] file_get_contents(./Apps/Admin/View/Public/footer.html): failed to open stream: No such file or directory D:\wamp\www\menu\ThinkPHP\Library\Think\Template.class.php 第 696 行.
INFO: [ template_filter ] --START--
INFO: Run Behavior\ContentReplaceBehavior [ RunTime:0.000173s ]
INFO: [ template_filter ] --END-- [ RunTime:0.000350s ]
NOTIC: [8] Undefined variable: UserId D:\wamp\www\menu\Apps\Runtime\Cache\Admin\a92f1d2922506e26adc7a8e5abe56037.php 第 214 行.
NOTIC: [8] Undefined variable: light D:\wamp\www\menu\Apps\Runtime\Cache\Admin\a92f1d2922506e26adc7a8e5abe56037.php 第 350 行.
INFO: Run Behavior\ParseTemplateBehavior [ RunTime:0.026851s ]
INFO: [ view_parse ] --END-- [ RunTime:0.027011s ]
INFO: [ view_filter ] --START--
INFO: Run Behavior\WriteHtmlCacheBehavior [ RunTime:0.000933s ]
INFO: [ view_filter ] --END-- [ RunTime:0.001083s ]
INFO: [ app_end ] --START--
INFO: Run Behavior\ShowPageTraceBehavior [ RunTime:0.002004s ]
INFO: [ app_end ] --END-- [ RunTime:0.002170s ]

[ 2017-05-30T18:15:05+08:00 ] ::1 /menu/index.php/Admin/User.html
INFO: [ app_init ] --START--
INFO: Run Behavior\BuildLiteBehavior [ RunTime:0.000033s ]
INFO: [ app_init ] --END-- [ RunTime:0.000675s ]
INFO: [ app_begin ] --START--
INFO: Run Behavior\ReadHtmlCacheBehavior [ RunTime:0.001162s ]
INFO: [ app_begin ] --END-- [ RunTime:0.001317s ]
SQL: SHOW COLUMNS FROM `think_usermessage` [ RunTime:0.0204s ]
NOTIC: [8] Undefined variable: id D:\wamp\www\menu\Apps\Admin\Controller\UserController.class.php 第 9 行.
SQL: SELECT * FROM `think_usermessage`  [ RunTime:0.0015s ]
SQL: SHOW COLUMNS FROM `think_usermessage` [ RunTime:0.0281s ]
SQL: SELECT * FROM `think_usermessage` WHERE ( userid=1 )  [ RunTime:0.0008s ]
NOTIC: [8] Use of undefined constant userpass - assumed 'userpass' D:\wamp\www\menu\Apps\Admin\Controller\UserController.class.php 第 16 行.
NOTIC: [8] Array to string conversion D:\wamp\www\menu\Apps\Admin\Controller\UserController.class.php 第 16 行.
INFO: [ view_parse ] --START--
NOTIC: [2] file_get_contents(./Apps/Admin/View/Public/footer.html): failed to open stream: No such file or directory D:\wamp\www\menu\ThinkPHP\Library\Think\Template.class.php 第 696 行.
INFO: [ template_filter ] --START--
INFO: Run Behavior\ContentReplaceBehavior [ RunTime:0.000268s ]
INFO: [ template_filter ] --END-- [ RunTime:0.000594s ]
NOTIC: [8] Undefined variable: UserId D:\wamp\www\menu\Apps\Runtime\Cache\Admin\a92f1d2922506e26adc7a8e5abe56037.php 第 214 行.
NOTIC: [8] Undefined variable: light D:\wamp\www\menu\Apps\Runtime\Cache\Admin\a92f1d2922506e26adc7a8e5abe56037.php 第 350 行.
INFO: Run Behavior\ParseTemplateBehavior [ RunTime:0.023973s ]
INFO: [ view_parse ] --END-- [ RunTime:0.024164s ]
INFO: [ view_filter ] --START--
INFO: Run Behavior\WriteHtmlCacheBehavior [ RunTime:0.000859s ]
INFO: [ view_filter ] --END-- [ RunTime:0.001005s ]
INFO: [ app_end ] --START--
INFO: Run Behavior\ShowPageTraceBehavior [ RunTime:0.001737s ]
INFO: [ app_end ] --END-- [ RunTime:0.001938s ]

[ 2017-05-30T18:15:37+08:00 ] ::1 /menu/index.php/Admin/User.html
INFO: [ app_init ] --START--
INFO: Run Behavior\BuildLiteBehavior [ RunTime:0.000029s ]
INFO: [ app_init ] --END-- [ RunTime:0.000601s ]
INFO: [ app_begin ] --START--
INFO: Run Behavior\ReadHtmlCacheBehavior [ RunTime:0.000732s ]
INFO: [ app_begin ] --END-- [ RunTime:0.000865s ]
SQL: SHOW COLUMNS FROM `think_usermessage` [ RunTime:0.0150s ]
NOTIC: [8] Undefined variable: id D:\wamp\www\menu\Apps\Admin\Controller\UserController.class.php 第 9 行.
SQL: SELECT * FROM `think_usermessage`  [ RunTime:0.0007s ]
SQL: SHOW COLUMNS FROM `think_usermessage` [ RunTime:0.0635s ]
SQL: SELECT * FROM `think_usermessage` WHERE ( userid=1 )  [ RunTime:0.0011s ]
NOTIC: [8] Use of undefined constant userpass - assumed 'userpass' D:\wamp\www\menu\Apps\Admin\Controller\UserController.class.php 第 16 行.
NOTIC: [8] Array to string conversion D:\wamp\www\menu\Apps\Admin\Controller\UserController.class.php 第 16 行.
INFO: [ view_parse ] --START--
NOTIC: [2] file_get_contents(./Apps/Admin/View/Public/footer.html): failed to open stream: No such file or directory D:\wamp\www\menu\ThinkPHP\Library\Think\Template.class.php 第 696 行.
INFO: [ template_filter ] --START--
INFO: Run Behavior\ContentReplaceBehavior [ RunTime:0.000279s ]
INFO: [ template_filter ] --END-- [ RunTime:0.000596s ]
NOTIC: [8] Undefined variable: UserId D:\wamp\www\menu\Apps\Runtime\Cache\Admin\a92f1d2922506e26adc7a8e5abe56037.php 第 214 行.
NOTIC: [8] Undefined variable: light D:\wamp\www\menu\Apps\Runtime\Cache\Admin\a92f1d2922506e26adc7a8e5abe56037.php 第 350 行.
INFO: Run Behavior\ParseTemplateBehavior [ RunTime:0.025985s ]
INFO: [ view_parse ] --END-- [ RunTime:0.026193s ]
INFO: [ view_filter ] --START--
INFO: Run Behavior\WriteHtmlCacheBehavior [ RunTime:0.000591s ]
INFO: [ view_filter ] --END-- [ RunTime:0.000737s ]
INFO: [ app_end ] --START--
INFO: Run Behavior\ShowPageTraceBehavior [ RunTime:0.003886s ]
INFO: [ app_end ] --END-- [ RunTime:0.004414s ]

[ 2017-05-30T18:15:40+08:00 ] ::1 /menu/index.php/Admin/User.html
INFO: [ app_init ] --START--
INFO: Run Behavior\BuildLiteBehavior [ RunTime:0.000028s ]
INFO: [ app_init ] --END-- [ RunTime:0.000620s ]
INFO: [ app_begin ] --START--
INFO: Run Behavior\ReadHtmlCacheBehavior [ RunTime:0.001215s ]
INFO: [ app_begin ] --END-- [ RunTime:0.001393s ]
SQL: SHOW COLUMNS FROM `think_usermessage` [ RunTime:0.0163s ]
NOTIC: [8] Undefined variable: id D:\wamp\www\menu\Apps\Admin\Controller\UserController.class.php 第 9 行.
SQL: SELECT * FROM `think_usermessage`  [ RunTime:0.0007s ]
SQL: SHOW COLUMNS FROM `think_usermessage` [ RunTime:0.0185s ]
SQL: SELECT * FROM `think_usermessage` WHERE ( userid=1 )  [ RunTime:0.0005s ]
NOTIC: [8] Use of undefined constant userpass - assumed 'userpass' D:\wamp\www\menu\Apps\Admin\Controller\UserController.class.php 第 16 行.
NOTIC: [8] Array to string conversion D:\wamp\www\menu\Apps\Admin\Controller\UserController.class.php 第 16 行.
INFO: [ view_parse ] --START--
NOTIC: [2] file_get_contents(./Apps/Admin/View/Public/footer.html): failed to open stream: No such file or directory D:\wamp\www\menu\ThinkPHP\Library\Think\Template.class.php 第 696 行.
INFO: [ template_filter ] --START--
INFO: Run Behavior\ContentReplaceBehavior [ RunTime:0.000166s ]
INFO: [ template_filter ] --END-- [ RunTime:0.000321s ]
NOTIC: [8] Undefined variable: UserId D:\wamp\www\menu\Apps\Runtime\Cache\Admin\a92f1d2922506e26adc7a8e5abe56037.php 第 214 行.
NOTIC: [8] Undefined variable: light D:\wamp\www\menu\Apps\Runtime\Cache\Admin\a92f1d2922506e26adc7a8e5abe56037.php 第 350 行.
INFO: Run Behavior\ParseTemplateBehavior [ RunTime:0.025698s ]
INFO: [ view_parse ] --END-- [ RunTime:0.025889s ]
INFO: [ view_filter ] --START--
INFO: Run Behavior\WriteHtmlCacheBehavior [ RunTime:0.001028s ]
INFO: [ view_filter ] --END-- [ RunTime:0.001169s ]
INFO: [ app_end ] --START--
INFO: Run Behavior\ShowPageTraceBehavior [ RunTime:0.002489s ]
INFO: [ app_end ] --END-- [ RunTime:0.002731s ]

[ 2017-05-30T18:16:16+08:00 ] ::1 /menu/index.php/Admin/User.html
INFO: [ app_init ] --START--
INFO: Run Behavior\BuildLiteBehavior [ RunTime:0.000045s ]
INFO: [ app_init ] --END-- [ RunTime:0.001520s ]
INFO: [ app_begin ] --START--
INFO: Run Behavior\ReadHtmlCacheBehavior [ RunTime:0.001354s ]
INFO: [ app_begin ] --END-- [ RunTime:0.001554s ]
SQL: SHOW COLUMNS FROM `think_usermessage` [ RunTime:0.0192s ]
NOTIC: [8] Undefined variable: id D:\wamp\www\menu\Apps\Admin\Controller\UserController.class.php 第 9 行.
SQL: SELECT * FROM `think_usermessage`  [ RunTime:0.0009s ]
SQL: SHOW COLUMNS FROM `think_usermessage` [ RunTime:0.0189s ]
SQL: SELECT * FROM `think_usermessage` WHERE ( userid=1 )  [ RunTime:0.0009s ]
NOTIC: [8] Undefined index: userpass D:\wamp\www\menu\Apps\Admin\Controller\UserController.class.php 第 16 行.
INFO: [ view_parse ] --START--
NOTIC: [2] file_get_contents(./Apps/Admin/View/Public/footer.html): failed to open stream: No such file or directory D:\wamp\www\menu\ThinkPHP\Library\Think\Template.class.php 第 696 行.
INFO: [ template_filter ] --START--
INFO: Run Behavior\ContentReplaceBehavior [ RunTime:0.000187s ]
INFO: [ template_filter ] --END-- [ RunTime:0.000364s ]
NOTIC: [8] Undefined variable: UserId D:\wamp\www\menu\Apps\Runtime\Cache\Admin\a92f1d2922506e26adc7a8e5abe56037.php 第 214 行.
NOTIC: [8] Undefined variable: light D:\wamp\www\menu\Apps\Runtime\Cache\Admin\a92f1d2922506e26adc7a8e5abe56037.php 第 350 行.
INFO: Run Behavior\ParseTemplateBehavior [ RunTime:0.029083s ]
INFO: [ view_parse ] --END-- [ RunTime:0.029344s ]
INFO: [ view_filter ] --START--
INFO: Run Behavior\WriteHtmlCacheBehavior [ RunTime:0.001739s ]
INFO: [ view_filter ] --END-- [ RunTime:0.001998s ]
INFO: [ app_end ] --START--
INFO: Run Behavior\ShowPageTraceBehavior [ RunTime:0.001847s ]
INFO: [ app_end ] --END-- [ RunTime:0.002106s ]

[ 2017-05-30T18:16:17+08:00 ] ::1 /menu/index.php/Admin/User.html
INFO: [ app_init ] --START--
INFO: Run Behavior\BuildLiteBehavior [ RunTime:0.000028s ]
INFO: [ app_init ] --END-- [ RunTime:0.000624s ]
INFO: [ app_begin ] --START--
INFO: Run Behavior\ReadHtmlCacheBehavior [ RunTime:0.001070s ]
INFO: [ app_begin ] --END-- [ RunTime:0.001219s ]
SQL: SHOW COLUMNS FROM `think_usermessage` [ RunTime:0.0149s ]
NOTIC: [8] Undefined variable: id D:\wamp\www\menu\Apps\Admin\Controller\UserController.class.php 第 9 行.
SQL: SELECT * FROM `think_usermessage`  [ RunTime:0.0010s ]
SQL: SHOW COLUMNS FROM `think_usermessage` [ RunTime:0.0207s ]
SQL: SELECT * FROM `think_usermessage` WHERE ( userid=1 )  [ RunTime:0.0008s ]
NOTIC: [8] Undefined index: userpass D:\wamp\www\menu\Apps\Admin\Controller\UserController.class.php 第 16 行.
INFO: [ view_parse ] --START--
NOTIC: [2] file_get_contents(./Apps/Admin/View/Public/footer.html): failed to open stream: No such file or directory D:\wamp\www\menu\ThinkPHP\Library\Think\Template.class.php 第 696 行.
INFO: [ template_filter ] --START--
INFO: Run Behavior\ContentReplaceBehavior [ RunTime:0.000273s ]
INFO: [ template_filter ] --END-- [ RunTime:0.000519s ]
NOTIC: [8] Undefined variable: UserId D:\wamp\www\menu\Apps\Runtime\Cache\Admin\a92f1d2922506e26adc7a8e5abe56037.php 第 214 行.
NOTIC: [8] Undefined variable: light D:\wamp\www\menu\Apps\Runtime\Cache\Admin\a92f1d2922506e26adc7a8e5abe56037.php 第 350 行.
INFO: Run Behavior\ParseTemplateBehavior [ RunTime:0.029962s ]
INFO: [ view_parse ] --END-- [ RunTime:0.030207s ]
INFO: [ view_filter ] --START--
INFO: Run Behavior\WriteHtmlCacheBehavior [ RunTime:0.001243s ]
INFO: [ view_filter ] --END-- [ RunTime:0.001467s ]
INFO: [ app_end ] --START--
INFO: Run Behavior\ShowPageTraceBehavior [ RunTime:0.002945s ]
INFO: [ app_end ] --END-- [ RunTime:0.003202s ]

[ 2017-05-30T18:17:03+08:00 ] ::1 /menu/index.php/Admin/User.html
INFO: [ app_init ] --START--
INFO: Run Behavior\BuildLiteBehavior [ RunTime:0.000033s ]
INFO: [ app_init ] --END-- [ RunTime:0.000737s ]
INFO: [ app_begin ] --START--
INFO: Run Behavior\ReadHtmlCacheBehavior [ RunTime:0.000967s ]
INFO: [ app_begin ] --END-- [ RunTime:0.001207s ]
SQL: SHOW COLUMNS FROM `think_usermessage` [ RunTime:0.0174s ]
NOTIC: [8] Undefined variable: id D:\wamp\www\menu\Apps\Admin\Controller\UserController.class.php 第 9 行.
SQL: SELECT * FROM `think_usermessage`  [ RunTime:0.0009s ]
SQL: SHOW COLUMNS FROM `think_usermessage` [ RunTime:0.0186s ]
SQL: SELECT * FROM `think_usermessage` WHERE ( userid=1 )  [ RunTime:0.0004s ]
NOTIC: [8] Undefined index: userpass D:\wamp\www\menu\Apps\Admin\Controller\UserController.class.php 第 16 行.
INFO: [ view_parse ] --START--
NOTIC: [2] file_get_contents(./Apps/Admin/View/Public/footer.html): failed to open stream: No such file or directory D:\wamp\www\menu\ThinkPHP\Library\Think\Template.class.php 第 696 行.
INFO: [ template_filter ] --START--
INFO: Run Behavior\ContentReplaceBehavior [ RunTime:0.000275s ]
INFO: [ template_filter ] --END-- [ RunTime:0.000533s ]
NOTIC: [8] Undefined variable: UserId D:\wamp\www\menu\Apps\Runtime\Cache\Admin\a92f1d2922506e26adc7a8e5abe56037.php 第 214 行.
NOTIC: [8] Undefined variable: light D:\wamp\www\menu\Apps\Runtime\Cache\Admin\a92f1d2922506e26adc7a8e5abe56037.php 第 350 行.
INFO: Run Behavior\ParseTemplateBehavior [ RunTime:0.027607s ]
INFO: [ view_parse ] --END-- [ RunTime:0.027821s ]
INFO: [ view_filter ] --START--
INFO: Run Behavior\WriteHtmlCacheBehavior [ RunTime:0.001158s ]
INFO: [ view_filter ] --END-- [ RunTime:0.001416s ]
INFO: [ app_end ] --START--
INFO: Run Behavior\ShowPageTraceBehavior [ RunTime:0.001462s ]
INFO: [ app_end ] --END-- [ RunTime:0.001758s ]

[ 2017-05-30T18:17:04+08:00 ] ::1 /menu/index.php/Admin/User.html
INFO: [ app_init ] --START--
INFO: Run Behavior\BuildLiteBehavior [ RunTime:0.000029s ]
INFO: [ app_init ] --END-- [ RunTime:0.000652s ]
INFO: [ app_begin ] --START--
INFO: Run Behavior\ReadHtmlCacheBehavior [ RunTime:0.004260s ]
INFO: [ app_begin ] --END-- [ RunTime:0.004840s ]
SQL: SHOW COLUMNS FROM `think_usermessage` [ RunTime:0.0171s ]
NOTIC: [8] Undefined variable: id D:\wamp\www\menu\Apps\Admin\Controller\UserController.class.php 第 9 行.
SQL: SELECT * FROM `think_usermessage`  [ RunTime:0.0011s ]
SQL: SHOW COLUMNS FROM `think_usermessage` [ RunTime:0.0203s ]
SQL: SELECT * FROM `think_usermessage` WHERE ( userid=1 )  [ RunTime:0.0011s ]
NOTIC: [8] Undefined index: userpass D:\wamp\www\menu\Apps\Admin\Controller\UserController.class.php 第 16 行.
INFO: [ view_parse ] --START--
NOTIC: [2] file_get_contents(./Apps/Admin/View/Public/footer.html): failed to open stream: No such file or directory D:\wamp\www\menu\ThinkPHP\Library\Think\Template.class.php 第 696 行.
INFO: [ template_filter ] --START--
INFO: Run Behavior\ContentReplaceBehavior [ RunTime:0.000162s ]
INFO: [ template_filter ] --END-- [ RunTime:0.000320s ]
NOTIC: [8] Undefined variable: UserId D:\wamp\www\menu\Apps\Runtime\Cache\Admin\a92f1d2922506e26adc7a8e5abe56037.php 第 214 行.
NOTIC: [8] Undefined variable: light D:\wamp\www\menu\Apps\Runtime\Cache\Admin\a92f1d2922506e26adc7a8e5abe56037.php 第 350 行.
INFO: Run Behavior\ParseTemplateBehavior [ RunTime:0.024117s ]
INFO: [ view_parse ] --END-- [ RunTime:0.024310s ]
INFO: [ view_filter ] --START--
INFO: Run Behavior\WriteHtmlCacheBehavior [ RunTime:0.001011s ]
INFO: [ view_filter ] --END-- [ RunTime:0.001147s ]
INFO: [ app_end ] --START--
INFO: Run Behavior\ShowPageTraceBehavior [ RunTime:0.002234s ]
INFO: [ app_end ] --END-- [ RunTime:0.002519s ]

[ 2017-05-30T18:17:05+08:00 ] ::1 /menu/index.php/Admin/User.html
INFO: [ app_init ] --START--
INFO: Run Behavior\BuildLiteBehavior [ RunTime:0.000029s ]
INFO: [ app_init ] --END-- [ RunTime:0.000527s ]
INFO: [ app_begin ] --START--
INFO: Run Behavior\ReadHtmlCacheBehavior [ RunTime:0.000551s ]
INFO: [ app_begin ] --END-- [ RunTime:0.000677s ]
SQL: SHOW COLUMNS FROM `think_usermessage` [ RunTime:0.0148s ]
NOTIC: [8] Undefined variable: id D:\wamp\www\menu\Apps\Admin\Controller\UserController.class.php 第 9 行.
SQL: SELECT * FROM `think_usermessage`  [ RunTime:0.0012s ]
SQL: SHOW COLUMNS FROM `think_usermessage` [ RunTime:0.0177s ]
SQL: SELECT * FROM `think_usermessage` WHERE ( userid=1 )  [ RunTime:0.0008s ]
NOTIC: [8] Undefined index: userpass D:\wamp\www\menu\Apps\Admin\Controller\UserController.class.php 第 16 行.
INFO: [ view_parse ] --START--
NOTIC: [2] file_get_contents(./Apps/Admin/View/Public/footer.html): failed to open stream: No such file or directory D:\wamp\www\menu\ThinkPHP\Library\Think\Template.class.php 第 696 行.
INFO: [ template_filter ] --START--
INFO: Run Behavior\ContentReplaceBehavior [ RunTime:0.000283s ]
INFO: [ template_filter ] --END-- [ RunTime:0.000535s ]
NOTIC: [8] Undefined variable: UserId D:\wamp\www\menu\Apps\Runtime\Cache\Admin\a92f1d2922506e26adc7a8e5abe56037.php 第 214 行.
NOTIC: [8] Undefined variable: light D:\wamp\www\menu\Apps\Runtime\Cache\Admin\a92f1d2922506e26adc7a8e5abe56037.php 第 350 行.
INFO: Run Behavior\ParseTemplateBehavior [ RunTime:0.026589s ]
INFO: [ view_parse ] --END-- [ RunTime:0.026795s ]
INFO: [ view_filter ] --START--
INFO: Run Behavior\WriteHtmlCacheBehavior [ RunTime:0.000634s ]
INFO: [ view_filter ] --END-- [ RunTime:0.000873s ]
INFO: [ app_end ] --START--
INFO: Run Behavior\ShowPageTraceBehavior [ RunTime:0.001215s ]
INFO: [ app_end ] --END-- [ RunTime:0.001498s ]

[ 2017-05-30T18:22:03+08:00 ] ::1 /menu/index.php/Admin/User.html
INFO: [ app_init ] --START--
INFO: Run Behavior\BuildLiteBehavior [ RunTime:0.000034s ]
INFO: [ app_init ] --END-- [ RunTime:0.000694s ]
INFO: [ app_begin ] --START--
INFO: Run Behavior\ReadHtmlCacheBehavior [ RunTime:0.000957s ]
INFO: [ app_begin ] --END-- [ RunTime:0.001114s ]
SQL: SHOW COLUMNS FROM `think_usermessage` [ RunTime:0.0173s ]
NOTIC: [8] Undefined variable: id D:\wamp\www\menu\Apps\Admin\Controller\UserController.class.php 第 9 行.
SQL: SELECT * FROM `think_usermessage`  [ RunTime:0.0003s ]
SQL: SHOW COLUMNS FROM `think_usermessage` [ RunTime:0.0195s ]
SQL: SELECT * FROM `think_usermessage` WHERE ( userid=1 )  [ RunTime:0.0007s ]
NOTIC: [8] Undefined index: userpass D:\wamp\www\menu\Apps\Admin\Controller\UserController.class.php 第 16 行.
NOTIC: [8] Undefined index: userpass D:\wamp\www\menu\Apps\Admin\Controller\UserController.class.php 第 17 行.
INFO: [ view_parse ] --START--
NOTIC: [2] file_get_contents(./Apps/Admin/View/Public/footer.html): failed to open stream: No such file or directory D:\wamp\www\menu\ThinkPHP\Library\Think\Template.class.php 第 696 行.
INFO: [ template_filter ] --START--
INFO: Run Behavior\ContentReplaceBehavior [ RunTime:0.000179s ]
INFO: [ template_filter ] --END-- [ RunTime:0.000365s ]
NOTIC: [8] Undefined variable: UserId D:\wamp\www\menu\Apps\Runtime\Cache\Admin\a92f1d2922506e26adc7a8e5abe56037.php 第 214 行.
NOTIC: [8] Undefined variable: light D:\wamp\www\menu\Apps\Runtime\Cache\Admin\a92f1d2922506e26adc7a8e5abe56037.php 第 350 行.
INFO: Run Behavior\ParseTemplateBehavior [ RunTime:0.026711s ]
INFO: [ view_parse ] --END-- [ RunTime:0.026930s ]
INFO: [ view_filter ] --START--
INFO: Run Behavior\WriteHtmlCacheBehavior [ RunTime:0.000890s ]
INFO: [ view_filter ] --END-- [ RunTime:0.001039s ]
INFO: [ app_end ] --START--
INFO: Run Behavior\ShowPageTraceBehavior [ RunTime:0.000879s ]
INFO: [ app_end ] --END-- [ RunTime:0.001041s ]

[ 2017-05-30T18:22:37+08:00 ] ::1 /menu/index.php/Admin/User.html
INFO: [ app_init ] --START--
INFO: Run Behavior\BuildLiteBehavior [ RunTime:0.000033s ]
INFO: [ app_init ] --END-- [ RunTime:0.000695s ]
INFO: [ app_begin ] --START--
INFO: Run Behavior\ReadHtmlCacheBehavior [ RunTime:0.001202s ]
INFO: [ app_begin ] --END-- [ RunTime:0.001361s ]
SQL: SHOW COLUMNS FROM `think_usermessage` [ RunTime:0.0160s ]
NOTIC: [8] Undefined variable: id D:\wamp\www\menu\Apps\Admin\Controller\UserController.class.php 第 9 行.
SQL: SELECT * FROM `think_usermessage`  [ RunTime:0.0013s ]
SQL: SHOW COLUMNS FROM `think_usermessage` [ RunTime:0.0218s ]
SQL: SELECT * FROM `think_usermessage` WHERE ( userid=1 )  [ RunTime:0.0007s ]
NOTIC: [8] Undefined index: userpass D:\wamp\www\menu\Apps\Admin\Controller\UserController.class.php 第 16 行.
NOTIC: [8] Undefined index: userpass D:\wamp\www\menu\Apps\Admin\Controller\UserController.class.php 第 17 行.
INFO: [ view_parse ] --START--
NOTIC: [2] file_get_contents(./Apps/Admin/View/Public/footer.html): failed to open stream: No such file or directory D:\wamp\www\menu\ThinkPHP\Library\Think\Template.class.php 第 696 行.
INFO: [ template_filter ] --START--
INFO: Run Behavior\ContentReplaceBehavior [ RunTime:0.000180s ]
INFO: [ template_filter ] --END-- [ RunTime:0.000398s ]
NOTIC: [8] Undefined variable: UserId D:\wamp\www\menu\Apps\Runtime\Cache\Admin\a92f1d2922506e26adc7a8e5abe56037.php 第 214 行.
NOTIC: [8] Undefined variable: light D:\wamp\www\menu\Apps\Runtime\Cache\Admin\a92f1d2922506e26adc7a8e5abe56037.php 第 350 行.
INFO: Run Behavior\ParseTemplateBehavior [ RunTime:0.022156s ]
INFO: [ view_parse ] --END-- [ RunTime:0.022364s ]
INFO: [ view_filter ] --START--
INFO: Run Behavior\WriteHtmlCacheBehavior [ RunTime:0.000894s ]
INFO: [ view_filter ] --END-- [ RunTime:0.001082s ]
INFO: [ app_end ] --START--
INFO: Run Behavior\ShowPageTraceBehavior [ RunTime:0.001170s ]
INFO: [ app_end ] --END-- [ RunTime:0.001317s ]

[ 2017-05-30T18:22:38+08:00 ] ::1 /menu/index.php/Admin/User.html
INFO: [ app_init ] --START--
INFO: Run Behavior\BuildLiteBehavior [ RunTime:0.000051s ]
INFO: [ app_init ] --END-- [ RunTime:0.000771s ]
INFO: [ app_begin ] --START--
INFO: Run Behavior\ReadHtmlCacheBehavior [ RunTime:0.000799s ]
INFO: [ app_begin ] --END-- [ RunTime:0.000932s ]
SQL: SHOW COLUMNS FROM `think_usermessage` [ RunTime:0.0163s ]
NOTIC: [8] Undefined variable: id D:\wamp\www\menu\Apps\Admin\Controller\UserController.class.php 第 9 行.
SQL: SELECT * FROM `think_usermessage`  [ RunTime:0.0006s ]
SQL: SHOW COLUMNS FROM `think_usermessage` [ RunTime:0.0200s ]
SQL: SELECT * FROM `think_usermessage` WHERE ( userid=1 )  [ RunTime:0.0009s ]
NOTIC: [8] Undefined index: userpass D:\wamp\www\menu\Apps\Admin\Controller\UserController.class.php 第 16 行.
NOTIC: [8] Undefined index: userpass D:\wamp\www\menu\Apps\Admin\Controller\UserController.class.php 第 17 行.
INFO: [ view_parse ] --START--
NOTIC: [2] file_get_contents(./Apps/Admin/View/Public/footer.html): failed to open stream: No such file or directory D:\wamp\www\menu\ThinkPHP\Library\Think\Template.class.php 第 696 行.
INFO: [ template_filter ] --START--
INFO: Run Behavior\ContentReplaceBehavior [ RunTime:0.000164s ]
INFO: [ template_filter ] --END-- [ RunTime:0.000315s ]
NOTIC: [8] Undefined variable: UserId D:\wamp\www\menu\Apps\Runtime\Cache\Admin\a92f1d2922506e26adc7a8e5abe56037.php 第 214 行.
NOTIC: [8] Undefined variable: light D:\wamp\www\menu\Apps\Runtime\Cache\Admin\a92f1d2922506e26adc7a8e5abe56037.php 第 350 行.
INFO: Run Behavior\ParseTemplateBehavior [ RunTime:0.024717s ]
INFO: [ view_parse ] --END-- [ RunTime:0.024983s ]
INFO: [ view_filter ] --START--
INFO: Run Behavior\WriteHtmlCacheBehavior [ RunTime:0.000793s ]
INFO: [ view_filter ] --END-- [ RunTime:0.000978s ]
INFO: [ app_end ] --START--
INFO: Run Behavior\ShowPageTraceBehavior [ RunTime:0.001366s ]
INFO: [ app_end ] --END-- [ RunTime:0.001628s ]

[ 2017-05-30T18:22:44+08:00 ] ::1 /menu/index.php/Admin/User.html
INFO: [ app_init ] --START--
INFO: Run Behavior\BuildLiteBehavior [ RunTime:0.000062s ]
INFO: [ app_init ] --END-- [ RunTime:0.001649s ]
INFO: [ app_begin ] --START--
INFO: Run Behavior\ReadHtmlCacheBehavior [ RunTime:0.001549s ]
INFO: [ app_begin ] --END-- [ RunTime:0.001750s ]
SQL: SHOW COLUMNS FROM `think_usermessage` [ RunTime:0.0196s ]
NOTIC: [8] Undefined variable: id D:\wamp\www\menu\Apps\Admin\Controller\UserController.class.php 第 9 行.
SQL: SELECT * FROM `think_usermessage`  [ RunTime:0.0005s ]
SQL: SHOW COLUMNS FROM `think_usermessage` [ RunTime:0.0187s ]
SQL: SELECT * FROM `think_usermessage` WHERE ( userid=1 )  [ RunTime:0.0007s ]
NOTIC: [8] Undefined index: userpass D:\wamp\www\menu\Apps\Admin\Controller\UserController.class.php 第 16 行.
NOTIC: [8] Undefined index: userpass D:\wamp\www\menu\Apps\Admin\Controller\UserController.class.php 第 17 行.
INFO: [ view_parse ] --START--
NOTIC: [2] file_get_contents(./Apps/Admin/View/Public/footer.html): failed to open stream: No such file or directory D:\wamp\www\menu\ThinkPHP\Library\Think\Template.class.php 第 696 行.
INFO: [ template_filter ] --START--
INFO: Run Behavior\ContentReplaceBehavior [ RunTime:0.000313s ]
INFO: [ template_filter ] --END-- [ RunTime:0.000668s ]
NOTIC: [8] Undefined variable: UserId D:\wamp\www\menu\Apps\Runtime\Cache\Admin\a92f1d2922506e26adc7a8e5abe56037.php 第 214 行.
NOTIC: [8] Undefined variable: light D:\wamp\www\menu\Apps\Runtime\Cache\Admin\a92f1d2922506e26adc7a8e5abe56037.php 第 350 行.
INFO: Run Behavior\ParseTemplateBehavior [ RunTime:0.027147s ]
INFO: [ view_parse ] --END-- [ RunTime:0.027344s ]
INFO: [ view_filter ] --START--
INFO: Run Behavior\WriteHtmlCacheBehavior [ RunTime:0.001187s ]
INFO: [ view_filter ] --END-- [ RunTime:0.001344s ]
INFO: [ app_end ] --START--
INFO: Run Behavior\ShowPageTraceBehavior [ RunTime:0.003358s ]
INFO: [ app_end ] --END-- [ RunTime:0.003648s ]

[ 2017-05-30T18:23:02+08:00 ] ::1 /menu/index.php/Admin/User.html
INFO: [ app_init ] --START--
INFO: Run Behavior\BuildLiteBehavior [ RunTime:0.000029s ]
INFO: [ app_init ] --END-- [ RunTime:0.000605s ]
INFO: [ app_begin ] --START--
INFO: Run Behavior\ReadHtmlCacheBehavior [ RunTime:0.001749s ]
INFO: [ app_begin ] --END-- [ RunTime:0.002005s ]
SQL: SHOW COLUMNS FROM `think_usermessage` [ RunTime:0.0151s ]
NOTIC: [8] Undefined variable: id D:\wamp\www\menu\Apps\Admin\Controller\UserController.class.php 第 9 行.
SQL: SELECT * FROM `think_usermessage`  [ RunTime:0.0008s ]
SQL: SHOW COLUMNS FROM `think_usermessage` [ RunTime:0.0183s ]
SQL: SELECT * FROM `think_usermessage` WHERE ( userid=1 )  [ RunTime:0.0008s ]
NOTIC: [8] Use of undefined constant userpass - assumed 'userpass' D:\wamp\www\menu\Apps\Admin\Controller\UserController.class.php 第 16 行.
NOTIC: [8] Array to string conversion D:\wamp\www\menu\Apps\Admin\Controller\UserController.class.php 第 16 行.
NOTIC: [8] Undefined index: userpass D:\wamp\www\menu\Apps\Admin\Controller\UserController.class.php 第 17 行.
INFO: [ view_parse ] --START--
NOTIC: [2] file_get_contents(./Apps/Admin/View/Public/footer.html): failed to open stream: No such file or directory D:\wamp\www\menu\ThinkPHP\Library\Think\Template.class.php 第 696 行.
INFO: [ template_filter ] --START--
INFO: Run Behavior\ContentReplaceBehavior [ RunTime:0.000202s ]
INFO: [ template_filter ] --END-- [ RunTime:0.000419s ]
NOTIC: [8] Undefined variable: UserId D:\wamp\www\menu\Apps\Runtime\Cache\Admin\a92f1d2922506e26adc7a8e5abe56037.php 第 214 行.
NOTIC: [8] Undefined variable: light D:\wamp\www\menu\Apps\Runtime\Cache\Admin\a92f1d2922506e26adc7a8e5abe56037.php 第 350 行.
INFO: Run Behavior\ParseTemplateBehavior [ RunTime:0.021305s ]
INFO: [ view_parse ] --END-- [ RunTime:0.021432s ]
INFO: [ view_filter ] --START--
INFO: Run Behavior\WriteHtmlCacheBehavior [ RunTime:0.001278s ]
INFO: [ view_filter ] --END-- [ RunTime:0.001410s ]
INFO: [ app_end ] --START--
INFO: Run Behavior\ShowPageTraceBehavior [ RunTime:0.001625s ]
INFO: [ app_end ] --END-- [ RunTime:0.001872s ]

[ 2017-05-30T18:23:03+08:00 ] ::1 /menu/index.php/Admin/User.html
INFO: [ app_init ] --START--
INFO: Run Behavior\BuildLiteBehavior [ RunTime:0.000029s ]
INFO: [ app_init ] --END-- [ RunTime:0.000601s ]
INFO: [ app_begin ] --START--
INFO: Run Behavior\ReadHtmlCacheBehavior [ RunTime:0.001006s ]
INFO: [ app_begin ] --END-- [ RunTime:0.001143s ]
SQL: SHOW COLUMNS FROM `think_usermessage` [ RunTime:0.0161s ]
NOTIC: [8] Undefined variable: id D:\wamp\www\menu\Apps\Admin\Controller\UserController.class.php 第 9 行.
SQL: SELECT * FROM `think_usermessage`  [ RunTime:0.0006s ]
SQL: SHOW COLUMNS FROM `think_usermessage` [ RunTime:0.0172s ]
SQL: SELECT * FROM `think_usermessage` WHERE ( userid=1 )  [ RunTime:0.0007s ]
NOTIC: [8] Use of undefined constant userpass - assumed 'userpass' D:\wamp\www\menu\Apps\Admin\Controller\UserController.class.php 第 16 行.
NOTIC: [8] Array to string conversion D:\wamp\www\menu\Apps\Admin\Controller\UserController.class.php 第 16 行.
NOTIC: [8] Undefined index: userpass D:\wamp\www\menu\Apps\Admin\Controller\UserController.class.php 第 17 行.
INFO: [ view_parse ] --START--
NOTIC: [2] file_get_contents(./Apps/Admin/View/Public/footer.html): failed to open stream: No such file or directory D:\wamp\www\menu\ThinkPHP\Library\Think\Template.class.php 第 696 行.
INFO: [ template_filter ] --START--
INFO: Run Behavior\ContentReplaceBehavior [ RunTime:0.000168s ]
INFO: [ template_filter ] --END-- [ RunTime:0.000326s ]
NOTIC: [8] Undefined variable: UserId D:\wamp\www\menu\Apps\Runtime\Cache\Admin\a92f1d2922506e26adc7a8e5abe56037.php 第 214 行.
NOTIC: [8] Undefined variable: light D:\wamp\www\menu\Apps\Runtime\Cache\Admin\a92f1d2922506e26adc7a8e5abe56037.php 第 350 行.
INFO: Run Behavior\ParseTemplateBehavior [ RunTime:0.020924s ]
INFO: [ view_parse ] --END-- [ RunTime:0.021126s ]
INFO: [ view_filter ] --START--
INFO: Run Behavior\WriteHtmlCacheBehavior [ RunTime:0.000884s ]
INFO: [ view_filter ] --END-- [ RunTime:0.001019s ]
INFO: [ app_end ] --START--
INFO: Run Behavior\ShowPageTraceBehavior [ RunTime:0.002321s ]
INFO: [ app_end ] --END-- [ RunTime:0.002565s ]

[ 2017-05-30T18:23:40+08:00 ] ::1 /menu/index.php/Admin/User.html
INFO: [ app_init ] --START--
INFO: Run Behavior\BuildLiteBehavior [ RunTime:0.000046s ]
INFO: [ app_init ] --END-- [ RunTime:0.000520s ]
INFO: [ app_begin ] --START--
INFO: Run Behavior\ReadHtmlCacheBehavior [ RunTime:0.000547s ]
INFO: [ app_begin ] --END-- [ RunTime:0.000677s ]
SQL: SHOW COLUMNS FROM `think_usermessage` [ RunTime:0.0169s ]
NOTIC: [8] Undefined variable: id D:\wamp\www\menu\Apps\Admin\Controller\UserController.class.php 第 9 行.
SQL: SELECT * FROM `think_usermessage`  [ RunTime:0.0006s ]
SQL: SHOW COLUMNS FROM `think_usermessage` [ RunTime:0.0208s ]
SQL: SELECT * FROM `think_usermessage` WHERE ( userid=1 ) LIMIT 1   [ RunTime:0.0004s ]
NOTIC: [8] Use of undefined constant userpass - assumed 'userpass' D:\wamp\www\menu\Apps\Admin\Controller\UserController.class.php 第 16 行.
NOTIC: [8] Array to string conversion D:\wamp\www\menu\Apps\Admin\Controller\UserController.class.php 第 16 行.
INFO: [ view_parse ] --START--
NOTIC: [2] file_get_contents(./Apps/Admin/View/Public/footer.html): failed to open stream: No such file or directory D:\wamp\www\menu\ThinkPHP\Library\Think\Template.class.php 第 696 行.
INFO: [ template_filter ] --START--
INFO: Run Behavior\ContentReplaceBehavior [ RunTime:0.000266s ]
INFO: [ template_filter ] --END-- [ RunTime:0.000485s ]
NOTIC: [8] Undefined variable: UserId D:\wamp\www\menu\Apps\Runtime\Cache\Admin\a92f1d2922506e26adc7a8e5abe56037.php 第 214 行.
NOTIC: [8] Undefined variable: light D:\wamp\www\menu\Apps\Runtime\Cache\Admin\a92f1d2922506e26adc7a8e5abe56037.php 第 350 行.
INFO: Run Behavior\ParseTemplateBehavior [ RunTime:0.020056s ]
INFO: [ view_parse ] --END-- [ RunTime:0.020202s ]
INFO: [ view_filter ] --START--
INFO: Run Behavior\WriteHtmlCacheBehavior [ RunTime:0.000402s ]
INFO: [ view_filter ] --END-- [ RunTime:0.000532s ]
INFO: [ app_end ] --START--
INFO: Run Behavior\ShowPageTraceBehavior [ RunTime:0.000636s ]
INFO: [ app_end ] --END-- [ RunTime:0.000780s ]

[ 2017-05-30T18:23:56+08:00 ] ::1 /menu/index.php/Admin/User.html
INFO: [ app_init ] --START--
INFO: Run Behavior\BuildLiteBehavior [ RunTime:0.000038s ]
INFO: [ app_init ] --END-- [ RunTime:0.000898s ]
INFO: [ app_begin ] --START--
INFO: Run Behavior\ReadHtmlCacheBehavior [ RunTime:0.001030s ]
INFO: [ app_begin ] --END-- [ RunTime:0.001168s ]
SQL: SHOW COLUMNS FROM `think_usermessage` [ RunTime:0.0181s ]
NOTIC: [8] Undefined variable: id D:\wamp\www\menu\Apps\Admin\Controller\UserController.class.php 第 9 行.
SQL: SELECT * FROM `think_usermessage`  [ RunTime:0.0018s ]
SQL: SHOW COLUMNS FROM `think_usermessage` [ RunTime:0.0220s ]
SQL: SELECT * FROM `think_usermessage` WHERE ( userid=1 ) LIMIT 1   [ RunTime:0.0009s ]
INFO: [ view_parse ] --START--
NOTIC: [2] file_get_contents(./Apps/Admin/View/Public/footer.html): failed to open stream: No such file or directory D:\wamp\www\menu\ThinkPHP\Library\Think\Template.class.php 第 696 行.
INFO: [ template_filter ] --START--
INFO: Run Behavior\ContentReplaceBehavior [ RunTime:0.000290s ]
INFO: [ template_filter ] --END-- [ RunTime:0.000549s ]
NOTIC: [8] Undefined variable: UserId D:\wamp\www\menu\Apps\Runtime\Cache\Admin\a92f1d2922506e26adc7a8e5abe56037.php 第 214 行.
NOTIC: [8] Undefined variable: light D:\wamp\www\menu\Apps\Runtime\Cache\Admin\a92f1d2922506e26adc7a8e5abe56037.php 第 350 行.
INFO: Run Behavior\ParseTemplateBehavior [ RunTime:0.027363s ]
INFO: [ view_parse ] --END-- [ RunTime:0.027557s ]
INFO: [ view_filter ] --START--
INFO: Run Behavior\WriteHtmlCacheBehavior [ RunTime:0.000876s ]
INFO: [ view_filter ] --END-- [ RunTime:0.001010s ]
INFO: [ app_end ] --START--
INFO: Run Behavior\ShowPageTraceBehavior [ RunTime:0.001322s ]
INFO: [ app_end ] --END-- [ RunTime:0.001482s ]

[ 2017-05-30T18:23:57+08:00 ] ::1 /menu/index.php/Admin/User.html
INFO: [ app_init ] --START--
INFO: Run Behavior\BuildLiteBehavior [ RunTime:0.000028s ]
INFO: [ app_init ] --END-- [ RunTime:0.000562s ]
INFO: [ app_begin ] --START--
INFO: Run Behavior\ReadHtmlCacheBehavior [ RunTime:0.001127s ]
INFO: [ app_begin ] --END-- [ RunTime:0.001265s ]
SQL: SHOW COLUMNS FROM `think_usermessage` [ RunTime:0.0154s ]
NOTIC: [8] Undefined variable: id D:\wamp\www\menu\Apps\Admin\Controller\UserController.class.php 第 9 行.
SQL: SELECT * FROM `think_usermessage`  [ RunTime:0.0010s ]
SQL: SHOW COLUMNS FROM `think_usermessage` [ RunTime:0.0192s ]
SQL: SELECT * FROM `think_usermessage` WHERE ( userid=1 ) LIMIT 1   [ RunTime:0.0012s ]
INFO: [ view_parse ] --START--
NOTIC: [2] file_get_contents(./Apps/Admin/View/Public/footer.html): failed to open stream: No such file or directory D:\wamp\www\menu\ThinkPHP\Library\Think\Template.class.php 第 696 行.
INFO: [ template_filter ] --START--
INFO: Run Behavior\ContentReplaceBehavior [ RunTime:0.000183s ]
INFO: [ template_filter ] --END-- [ RunTime:0.000368s ]
NOTIC: [8] Undefined variable: UserId D:\wamp\www\menu\Apps\Runtime\Cache\Admin\a92f1d2922506e26adc7a8e5abe56037.php 第 214 行.
NOTIC: [8] Undefined variable: light D:\wamp\www\menu\Apps\Runtime\Cache\Admin\a92f1d2922506e26adc7a8e5abe56037.php 第 350 行.
INFO: Run Behavior\ParseTemplateBehavior [ RunTime:0.029476s ]
INFO: [ view_parse ] --END-- [ RunTime:0.029735s ]
INFO: [ view_filter ] --START--
INFO: Run Behavior\WriteHtmlCacheBehavior [ RunTime:0.001176s ]
INFO: [ view_filter ] --END-- [ RunTime:0.001350s ]
INFO: [ app_end ] --START--
INFO: Run Behavior\ShowPageTraceBehavior [ RunTime:0.001800s ]
INFO: [ app_end ] --END-- [ RunTime:0.001955s ]

[ 2017-05-30T18:24:21+08:00 ] ::1 /menu/index.php/Admin/User.html
INFO: [ app_init ] --START--
INFO: Run Behavior\BuildLiteBehavior [ RunTime:0.000059s ]
INFO: [ app_init ] --END-- [ RunTime:0.001495s ]
INFO: [ app_begin ] --START--
INFO: Run Behavior\ReadHtmlCacheBehavior [ RunTime:0.000991s ]
INFO: [ app_begin ] --END-- [ RunTime:0.001128s ]
SQL: SHOW COLUMNS FROM `think_usermessage` [ RunTime:0.0169s ]
NOTIC: [8] Undefined variable: id D:\wamp\www\menu\Apps\Admin\Controller\UserController.class.php 第 9 行.
SQL: SELECT * FROM `think_usermessage`  [ RunTime:0.0004s ]
SQL: SHOW COLUMNS FROM `think_usermessage` [ RunTime:0.0198s ]
SQL: SELECT * FROM `think_usermessage` WHERE ( userid=1 ) LIMIT 1   [ RunTime:0.0006s ]
INFO: [ view_parse ] --START--
NOTIC: [2] file_get_contents(./Apps/Admin/View/Public/footer.html): failed to open stream: No such file or directory D:\wamp\www\menu\ThinkPHP\Library\Think\Template.class.php 第 696 行.
INFO: [ template_filter ] --START--
INFO: Run Behavior\ContentReplaceBehavior [ RunTime:0.000150s ]
INFO: [ template_filter ] --END-- [ RunTime:0.000292s ]
NOTIC: [8] Undefined variable: UserId D:\wamp\www\menu\Apps\Runtime\Cache\Admin\a92f1d2922506e26adc7a8e5abe56037.php 第 214 行.
NOTIC: [8] Undefined variable: light D:\wamp\www\menu\Apps\Runtime\Cache\Admin\a92f1d2922506e26adc7a8e5abe56037.php 第 350 行.
INFO: Run Behavior\ParseTemplateBehavior [ RunTime:0.022139s ]
INFO: [ view_parse ] --END-- [ RunTime:0.022329s ]
INFO: [ view_filter ] --START--
INFO: Run Behavior\WriteHtmlCacheBehavior [ RunTime:0.000878s ]
INFO: [ view_filter ] --END-- [ RunTime:0.001004s ]
INFO: [ app_end ] --START--
INFO: Run Behavior\ShowPageTraceBehavior [ RunTime:0.001861s ]
INFO: [ app_end ] --END-- [ RunTime:0.002115s ]

[ 2017-05-30T18:24:22+08:00 ] ::1 /menu/index.php/Admin/User.html
INFO: [ app_init ] --START--
INFO: Run Behavior\BuildLiteBehavior [ RunTime:0.000033s ]
INFO: [ app_init ] --END-- [ RunTime:0.000667s ]
INFO: [ app_begin ] --START--
INFO: Run Behavior\ReadHtmlCacheBehavior [ RunTime:0.002026s ]
INFO: [ app_begin ] --END-- [ RunTime:0.002266s ]
SQL: SHOW COLUMNS FROM `think_usermessage` [ RunTime:0.0226s ]
NOTIC: [8] Undefined variable: id D:\wamp\www\menu\Apps\Admin\Controller\UserController.class.php 第 9 行.
SQL: SELECT * FROM `think_usermessage`  [ RunTime:0.0009s ]
SQL: SHOW COLUMNS FROM `think_usermessage` [ RunTime:0.0219s ]
SQL: SELECT * FROM `think_usermessage` WHERE ( userid=1 ) LIMIT 1   [ RunTime:0.0011s ]
INFO: [ view_parse ] --START--
NOTIC: [2] file_get_contents(./Apps/Admin/View/Public/footer.html): failed to open stream: No such file or directory D:\wamp\www\menu\ThinkPHP\Library\Think\Template.class.php 第 696 行.
INFO: [ template_filter ] --START--
INFO: Run Behavior\ContentReplaceBehavior [ RunTime:0.000167s ]
INFO: [ template_filter ] --END-- [ RunTime:0.000327s ]
NOTIC: [8] Undefined variable: UserId D:\wamp\www\menu\Apps\Runtime\Cache\Admin\a92f1d2922506e26adc7a8e5abe56037.php 第 214 行.
NOTIC: [8] Undefined variable: light D:\wamp\www\menu\Apps\Runtime\Cache\Admin\a92f1d2922506e26adc7a8e5abe56037.php 第 350 行.
INFO: Run Behavior\ParseTemplateBehavior [ RunTime:0.023226s ]
INFO: [ view_parse ] --END-- [ RunTime:0.023373s ]
INFO: [ view_filter ] --START--
INFO: Run Behavior\WriteHtmlCacheBehavior [ RunTime:0.000907s ]
INFO: [ view_filter ] --END-- [ RunTime:0.001040s ]
INFO: [ app_end ] --START--
INFO: Run Behavior\ShowPageTraceBehavior [ RunTime:0.001556s ]
INFO: [ app_end ] --END-- [ RunTime:0.001747s ]

[ 2017-05-30T18:24:22+08:00 ] ::1 /menu/index.php/Admin/User.html
INFO: [ app_init ] --START--
INFO: Run Behavior\BuildLiteBehavior [ RunTime:0.000064s ]
INFO: [ app_init ] --END-- [ RunTime:0.001196s ]
INFO: [ app_begin ] --START--
INFO: Run Behavior\ReadHtmlCacheBehavior [ RunTime:0.001659s ]
INFO: [ app_begin ] --END-- [ RunTime:0.002005s ]
SQL: SHOW COLUMNS FROM `think_usermessage` [ RunTime:0.0260s ]
NOTIC: [8] Undefined variable: id D:\wamp\www\menu\Apps\Admin\Controller\UserController.class.php 第 9 行.
SQL: SELECT * FROM `think_usermessage`  [ RunTime:0.0012s ]
SQL: SHOW COLUMNS FROM `think_usermessage` [ RunTime:0.0237s ]
SQL: SELECT * FROM `think_usermessage` WHERE ( userid=1 ) LIMIT 1   [ RunTime:0.0009s ]
INFO: [ view_parse ] --START--
NOTIC: [2] file_get_contents(./Apps/Admin/View/Public/footer.html): failed to open stream: No such file or directory D:\wamp\www\menu\ThinkPHP\Library\Think\Template.class.php 第 696 行.
INFO: [ template_filter ] --START--
INFO: Run Behavior\ContentReplaceBehavior [ RunTime:0.000290s ]
INFO: [ template_filter ] --END-- [ RunTime:0.000554s ]
NOTIC: [8] Undefined variable: UserId D:\wamp\www\menu\Apps\Runtime\Cache\Admin\a92f1d2922506e26adc7a8e5abe56037.php 第 214 行.
NOTIC: [8] Undefined variable: light D:\wamp\www\menu\Apps\Runtime\Cache\Admin\a92f1d2922506e26adc7a8e5abe56037.php 第 350 行.
INFO: Run Behavior\ParseTemplateBehavior [ RunTime:0.042483s ]
INFO: [ view_parse ] --END-- [ RunTime:0.042673s ]
INFO: [ view_filter ] --START--
INFO: Run Behavior\WriteHtmlCacheBehavior [ RunTime:0.001699s ]
INFO: [ view_filter ] --END-- [ RunTime:0.001943s ]
INFO: [ app_end ] --START--
INFO: Run Behavior\ShowPageTraceBehavior [ RunTime:0.001433s ]
INFO: [ app_end ] --END-- [ RunTime:0.001649s ]

[ 2017-05-30T18:24:44+08:00 ] ::1 /menu/index.php/Admin/User.html
INFO: [ app_init ] --START--
INFO: Run Behavior\BuildLiteBehavior [ RunTime:0.000054s ]
INFO: [ app_init ] --END-- [ RunTime:0.001209s ]
INFO: [ app_begin ] --START--
INFO: Run Behavior\ReadHtmlCacheBehavior [ RunTime:0.001762s ]
INFO: [ app_begin ] --END-- [ RunTime:0.002025s ]
SQL: SHOW COLUMNS FROM `think_usermessage` [ RunTime:0.0285s ]
NOTIC: [8] Undefined variable: id D:\wamp\www\menu\Apps\Admin\Controller\UserController.class.php 第 9 行.
SQL: SELECT * FROM `think_usermessage`  [ RunTime:0.0008s ]
SQL: SHOW COLUMNS FROM `think_usermessage` [ RunTime:0.0343s ]
SQL: SELECT * FROM `think_usermessage` WHERE ( userid=1 ) LIMIT 1   [ RunTime:0.0009s ]
INFO: [ view_parse ] --START--
NOTIC: [2] file_get_contents(./Apps/Admin/View/Public/footer.html): failed to open stream: No such file or directory D:\wamp\www\menu\ThinkPHP\Library\Think\Template.class.php 第 696 行.
INFO: [ template_filter ] --START--
INFO: Run Behavior\ContentReplaceBehavior [ RunTime:0.000284s ]
INFO: [ template_filter ] --END-- [ RunTime:0.000563s ]
NOTIC: [8] Undefined variable: UserId D:\wamp\www\menu\Apps\Runtime\Cache\Admin\a92f1d2922506e26adc7a8e5abe56037.php 第 214 行.
NOTIC: [8] Undefined variable: light D:\wamp\www\menu\Apps\Runtime\Cache\Admin\a92f1d2922506e26adc7a8e5abe56037.php 第 350 行.
INFO: Run Behavior\ParseTemplateBehavior [ RunTime:0.031382s ]
INFO: [ view_parse ] --END-- [ RunTime:0.031651s ]
INFO: [ view_filter ] --START--
INFO: Run Behavior\WriteHtmlCacheBehavior [ RunTime:0.001453s ]
INFO: [ view_filter ] --END-- [ RunTime:0.001699s ]
INFO: [ app_end ] --START--
INFO: Run Behavior\ShowPageTraceBehavior [ RunTime:0.002931s ]
INFO: [ app_end ] --END-- [ RunTime:0.003186s ]

[ 2017-05-30T18:44:09+08:00 ] ::1 /menu/index.php/Admin/User.html
INFO: [ app_init ] --START--
INFO: Run Behavior\BuildLiteBehavior [ RunTime:0.000033s ]
INFO: [ app_init ] --END-- [ RunTime:0.000768s ]
INFO: [ app_begin ] --START--
INFO: Run Behavior\ReadHtmlCacheBehavior [ RunTime:0.002509s ]
INFO: [ app_begin ] --END-- [ RunTime:0.002838s ]
SQL: SHOW COLUMNS FROM `think_usermessage` [ RunTime:0.0171s ]
NOTIC: [8] Undefined variable: id D:\wamp\www\menu\Apps\Admin\Controller\UserController.class.php 第 9 行.
SQL: SELECT * FROM `think_usermessage`  [ RunTime:0.0006s ]
INFO: [ view_parse ] --START--
NOTIC: [2] file_get_contents(./Apps/Admin/View/Public/footer.html): failed to open stream: No such file or directory D:\wamp\www\menu\ThinkPHP\Library\Think\Template.class.php 第 696 行.
INFO: [ template_filter ] --START--
INFO: Run Behavior\ContentReplaceBehavior [ RunTime:0.000256s ]
INFO: [ template_filter ] --END-- [ RunTime:0.000524s ]
NOTIC: [8] Undefined variable: UserId D:\wamp\www\menu\Apps\Runtime\Cache\Admin\a92f1d2922506e26adc7a8e5abe56037.php 第 214 行.
NOTIC: [8] Undefined variable: light D:\wamp\www\menu\Apps\Runtime\Cache\Admin\a92f1d2922506e26adc7a8e5abe56037.php 第 350 行.
INFO: Run Behavior\ParseTemplateBehavior [ RunTime:0.030028s ]
INFO: [ view_parse ] --END-- [ RunTime:0.030229s ]
INFO: [ view_filter ] --START--
INFO: Run Behavior\WriteHtmlCacheBehavior [ RunTime:0.000922s ]
INFO: [ view_filter ] --END-- [ RunTime:0.001058s ]
INFO: [ app_end ] --START--
INFO: Run Behavior\ShowPageTraceBehavior [ RunTime:0.001167s ]
INFO: [ app_end ] --END-- [ RunTime:0.001314s ]

[ 2017-05-30T19:32:59+08:00 ] ::1 /menu/index.php/Admin/User.html
INFO: [ app_init ] --START--
INFO: Run Behavior\BuildLiteBehavior [ RunTime:0.000027s ]
INFO: [ app_init ] --END-- [ RunTime:0.000551s ]
INFO: [ app_begin ] --START--
INFO: Run Behavior\ReadHtmlCacheBehavior [ RunTime:0.001054s ]
INFO: [ app_begin ] --END-- [ RunTime:0.001190s ]
SQL: SHOW COLUMNS FROM `think_usermessage` [ RunTime:0.0158s ]
NOTIC: [8] Undefined variable: id D:\wamp\www\menu\Apps\Admin\Controller\UserController.class.php 第 9 行.
SQL: SELECT * FROM `think_usermessage`  [ RunTime:0.0006s ]
INFO: [ view_parse ] --START--
NOTIC: [2] file_get_contents(./Apps/Admin/View/Public/footer.html): failed to open stream: No such file or directory D:\wamp\www\menu\ThinkPHP\Library\Think\Template.class.php 第 696 行.
INFO: [ template_filter ] --START--
INFO: Run Behavior\ContentReplaceBehavior [ RunTime:0.000289s ]
INFO: [ template_filter ] --END-- [ RunTime:0.000600s ]
NOTIC: [8] Undefined variable: UserId D:\wamp\www\menu\Apps\Runtime\Cache\Admin\a92f1d2922506e26adc7a8e5abe56037.php 第 214 行.
NOTIC: [8] Undefined variable: light D:\wamp\www\menu\Apps\Runtime\Cache\Admin\a92f1d2922506e26adc7a8e5abe56037.php 第 350 行.
INFO: Run Behavior\ParseTemplateBehavior [ RunTime:0.045084s ]
INFO: [ view_parse ] --END-- [ RunTime:0.045295s ]
INFO: [ view_filter ] --START--
INFO: Run Behavior\WriteHtmlCacheBehavior [ RunTime:0.001631s ]
INFO: [ view_filter ] --END-- [ RunTime:0.001873s ]
INFO: [ app_end ] --START--
INFO: Run Behavior\ShowPageTraceBehavior [ RunTime:0.003930s ]
INFO: [ app_end ] --END-- [ RunTime:0.004250s ]

[ 2017-05-30T19:33:01+08:00 ] ::1 /menu/index.php/Admin/index.html
INFO: [ app_init ] --START--
INFO: Run Behavior\BuildLiteBehavior [ RunTime:0.000028s ]
INFO: [ app_init ] --END-- [ RunTime:0.000575s ]
INFO: [ app_begin ] --START--
INFO: Run Behavior\ReadHtmlCacheBehavior [ RunTime:0.000935s ]
INFO: [ app_begin ] --END-- [ RunTime:0.001066s ]
INFO: [ view_parse ] --START--
NOTIC: [2] file_get_contents(./Apps/Admin/View/Public/footer.html): failed to open stream: No such file or directory D:\wamp\www\menu\ThinkPHP\Library\Think\Template.class.php 第 696 行.
INFO: [ template_filter ] --START--
INFO: Run Behavior\ContentReplaceBehavior [ RunTime:0.000096s ]
INFO: [ template_filter ] --END-- [ RunTime:0.000231s ]
NOTIC: [8] Undefined variable: light D:\wamp\www\menu\Apps\Runtime\Cache\Admin\859e94050170c96367cb52465a51a945.php 第 172 行.
INFO: Run Behavior\ParseTemplateBehavior [ RunTime:0.050233s ]
INFO: [ view_parse ] --END-- [ RunTime:0.050379s ]
INFO: [ view_filter ] --START--
INFO: Run Behavior\WriteHtmlCacheBehavior [ RunTime:0.000788s ]
INFO: [ view_filter ] --END-- [ RunTime:0.000905s ]
INFO: [ app_end ] --START--
INFO: Run Behavior\ShowPageTraceBehavior [ RunTime:0.000972s ]
INFO: [ app_end ] --END-- [ RunTime:0.001115s ]

[ 2017-05-30T19:33:02+08:00 ] ::1 /menu/index.php/Admin/User.html
INFO: [ app_init ] --START--
INFO: Run Behavior\BuildLiteBehavior [ RunTime:0.000036s ]
INFO: [ app_init ] --END-- [ RunTime:0.000808s ]
INFO: [ app_begin ] --START--
INFO: Run Behavior\ReadHtmlCacheBehavior [ RunTime:0.001842s ]
INFO: [ app_begin ] --END-- [ RunTime:0.002118s ]
SQL: SHOW COLUMNS FROM `think_usermessage` [ RunTime:0.0214s ]
NOTIC: [8] Undefined variable: id D:\wamp\www\menu\Apps\Admin\Controller\UserController.class.php 第 9 行.
SQL: SELECT * FROM `think_usermessage`  [ RunTime:0.0008s ]
INFO: [ view_parse ] --START--
NOTIC: [2] file_get_contents(./Apps/Admin/View/Public/footer.html): failed to open stream: No such file or directory D:\wamp\www\menu\ThinkPHP\Library\Think\Template.class.php 第 696 行.
INFO: [ template_filter ] --START--
INFO: Run Behavior\ContentReplaceBehavior [ RunTime:0.000184s ]
INFO: [ template_filter ] --END-- [ RunTime:0.000344s ]
NOTIC: [8] Undefined variable: UserId D:\wamp\www\menu\Apps\Runtime\Cache\Admin\a92f1d2922506e26adc7a8e5abe56037.php 第 214 行.
NOTIC: [8] Undefined variable: light D:\wamp\www\menu\Apps\Runtime\Cache\Admin\a92f1d2922506e26adc7a8e5abe56037.php 第 350 行.
INFO: Run Behavior\ParseTemplateBehavior [ RunTime:0.031450s ]
INFO: [ view_parse ] --END-- [ RunTime:0.031712s ]
INFO: [ view_filter ] --START--
INFO: Run Behavior\WriteHtmlCacheBehavior [ RunTime:0.001576s ]
INFO: [ view_filter ] --END-- [ RunTime:0.001888s ]
INFO: [ app_end ] --START--
INFO: Run Behavior\ShowPageTraceBehavior [ RunTime:0.002455s ]
INFO: [ app_end ] --END-- [ RunTime:0.002719s ]

[ 2017-05-30T19:33:04+08:00 ] ::1 /menu/index.php/Admin/Menu.html
INFO: [ app_init ] --START--
INFO: Run Behavior\BuildLiteBehavior [ RunTime:0.000027s ]
INFO: [ app_init ] --END-- [ RunTime:0.000568s ]
INFO: [ app_begin ] --START--
INFO: Run Behavior\ReadHtmlCacheBehavior [ RunTime:0.000918s ]
INFO: [ app_begin ] --END-- [ RunTime:0.001087s ]
SQL: SHOW COLUMNS FROM `think_foodmessage` [ RunTime:0.0188s ]
NOTIC: [8] Undefined variable: id D:\wamp\www\menu\Apps\Admin\Controller\MenuController.class.php 第 9 行.
SQL: SELECT * FROM `think_foodmessage`  [ RunTime:0.0009s ]
SQL: SHOW COLUMNS FROM `think_fooditemmessage` [ RunTime:0.0843s ]
NOTIC: [8] Undefined variable: id D:\wamp\www\menu\Apps\Admin\Controller\MenuController.class.php 第 11 行.
SQL: SELECT * FROM `think_fooditemmessage`  [ RunTime:0.0797s ]
SQL: SHOW COLUMNS FROM `think_foodmessage` [ RunTime:0.0237s ]
SQL: SELECT `FoodId`,`FoodName`,b.FoodItemName as name,`FoodIntroduce`,`FoodPrice`,`FoodURL`,`FoodUpdateTime` FROM think_foodmessage as a INNER JOIN think_fooditemmessage as b ON a.FoodItemId=b.FoodItemId  ORDER BY FoodId  [ RunTime:0.5916s ]
INFO: [ view_parse ] --START--
NOTIC: [2] file_get_contents(./Apps/Admin/View/Public/footer.html): failed to open stream: No such file or directory D:\wamp\www\menu\ThinkPHP\Library\Think\Template.class.php 第 696 行.
INFO: [ template_filter ] --START--
INFO: Run Behavior\ContentReplaceBehavior [ RunTime:0.000339s ]
INFO: [ template_filter ] --END-- [ RunTime:0.000607s ]
NOTIC: [8] Undefined variable: FoodId D:\wamp\www\menu\Apps\Runtime\Cache\Admin\db3da01c8f36ad38f6ba709720b2de06.php 第 223 行.
NOTIC: [8] Undefined variable: light D:\wamp\www\menu\Apps\Runtime\Cache\Admin\db3da01c8f36ad38f6ba709720b2de06.php 第 469 行.
INFO: Run Behavior\ParseTemplateBehavior [ RunTime:0.089025s ]
INFO: [ view_parse ] --END-- [ RunTime:0.089230s ]
INFO: [ view_filter ] --START--
INFO: Run Behavior\WriteHtmlCacheBehavior [ RunTime:0.001441s ]
INFO: [ view_filter ] --END-- [ RunTime:0.001688s ]
INFO: [ app_end ] --START--
INFO: Run Behavior\ShowPageTraceBehavior [ RunTime:0.001514s ]
INFO: [ app_end ] --END-- [ RunTime:0.001736s ]

[ 2017-05-30T19:33:04+08:00 ] ::1 /menu/index.php/Admin/Room.html
INFO: [ app_init ] --START--
INFO: Run Behavior\BuildLiteBehavior [ RunTime:0.000053s ]
INFO: [ app_init ] --END-- [ RunTime:0.001006s ]
INFO: [ app_begin ] --START--
INFO: Run Behavior\ReadHtmlCacheBehavior [ RunTime:0.001262s ]
INFO: [ app_begin ] --END-- [ RunTime:0.001459s ]
SQL: SHOW COLUMNS FROM `think_bjlxmessage` [ RunTime:0.0168s ]
NOTIC: [8] Undefined variable: id D:\wamp\www\menu\Apps\Admin\Controller\RoomController.class.php 第 9 行.
SQL: SELECT * FROM `think_bjlxmessage`  [ RunTime:0.0008s ]
INFO: [ view_parse ] --START--
NOTIC: [2] file_get_contents(./Apps/Admin/View/Public/footer.html): failed to open stream: No such file or directory D:\wamp\www\menu\ThinkPHP\Library\Think\Template.class.php 第 696 行.
INFO: [ template_filter ] --START--
INFO: Run Behavior\ContentReplaceBehavior [ RunTime:0.000188s ]
INFO: [ template_filter ] --END-- [ RunTime:0.000354s ]
NOTIC: [8] Undefined variable: BjlxId D:\wamp\www\menu\Apps\Runtime\Cache\Admin\3a68201c5e9276805f58e95bd7dd0ea3.php 第 221 行.
NOTIC: [8] Undefined variable: light D:\wamp\www\menu\Apps\Runtime\Cache\Admin\3a68201c5e9276805f58e95bd7dd0ea3.php 第 414 行.
INFO: Run Behavior\ParseTemplateBehavior [ RunTime:0.054314s ]
INFO: [ view_parse ] --END-- [ RunTime:0.054634s ]
INFO: [ view_filter ] --START--
INFO: Run Behavior\WriteHtmlCacheBehavior [ RunTime:0.001788s ]
INFO: [ view_filter ] --END-- [ RunTime:0.002073s ]
INFO: [ app_end ] --START--
INFO: Run Behavior\ShowPageTraceBehavior [ RunTime:0.002140s ]
INFO: [ app_end ] --END-- [ RunTime:0.002401s ]

[ 2017-05-30T19:33:06+08:00 ] ::1 /menu/index.php/Admin/Diy.html
INFO: [ app_init ] --START--
INFO: Run Behavior\BuildLiteBehavior [ RunTime:0.000053s ]
INFO: [ app_init ] --END-- [ RunTime:0.001119s ]
INFO: [ app_begin ] --START--
INFO: Run Behavior\ReadHtmlCacheBehavior [ RunTime:0.001602s ]
INFO: [ app_begin ] --END-- [ RunTime:0.001815s ]
SQL: SHOW COLUMNS FROM `think_foodsave` [ RunTime:0.0534s ]
SQL: SHOW COLUMNS FROM `think_foodsave` [ RunTime:0.0426s ]
SQL: SELECT `CaipuId`,`UserName`,`UserTelephone`,`FoodId`,`AddTime` FROM think_foodsave as a INNER JOIN think_usermessage as b ON a.UserId=b.UserId  ORDER BY CaipuId  [ RunTime:0.0568s ]
SQL: SHOW COLUMNS FROM `think_foodsave` [ RunTime:0.0241s ]
SQL: SELECT `CaipuId`,`FoodName`,`FoodPrice`,`FoodURL`,`FoodUpdateTime` FROM think_foodsave as a INNER JOIN think_foodmessage as b ON a.FoodId=b.FoodId  ORDER BY CaipuId  [ RunTime:0.0005s ]
INFO: [ view_parse ] --START--
NOTIC: [2] file_get_contents(./Apps/Admin/View/Public/footer.html): failed to open stream: No such file or directory D:\wamp\www\menu\ThinkPHP\Library\Think\Template.class.php 第 696 行.
INFO: [ template_filter ] --START--
INFO: Run Behavior\ContentReplaceBehavior [ RunTime:0.000260s ]
INFO: [ template_filter ] --END-- [ RunTime:0.000544s ]
NOTIC: [8] Undefined variable: light D:\wamp\www\menu\Apps\Runtime\Cache\Admin\ff89641dca0fec137d187cbe5e2f2ec2.php 第 275 行.
INFO: Run Behavior\ParseTemplateBehavior [ RunTime:0.058921s ]
INFO: [ view_parse ] --END-- [ RunTime:0.059124s ]
INFO: [ view_filter ] --START--
INFO: Run Behavior\WriteHtmlCacheBehavior [ RunTime:0.001226s ]
INFO: [ view_filter ] --END-- [ RunTime:0.001427s ]
INFO: [ app_end ] --START--
INFO: Run Behavior\ShowPageTraceBehavior [ RunTime:0.002419s ]
INFO: [ app_end ] --END-- [ RunTime:0.002681s ]

[ 2017-05-30T19:33:07+08:00 ] ::1 /menu/index.php/Admin/Order.html
INFO: [ app_init ] --START--
INFO: Run Behavior\BuildLiteBehavior [ RunTime:0.000033s ]
INFO: [ app_init ] --END-- [ RunTime:0.000639s ]
INFO: [ app_begin ] --START--
INFO: Run Behavior\ReadHtmlCacheBehavior [ RunTime:0.001072s ]
INFO: [ app_begin ] --END-- [ RunTime:0.001216s ]
SQL: SHOW COLUMNS FROM `think_haspaymessage` [ RunTime:0.0715s ]
SQL: SHOW COLUMNS FROM `think_haspaymessage` [ RunTime:0.0210s ]
SQL: SELECT a.BookId as BookId,`SwId`,`UserName`,`UserTelephone`,`BjlxName`,`BjlxSize`,`BjlxCount`,`BjlxURL`,`FoodName`,`FoodURL`,`BookPrice`,`BookTime` FROM think_haspaymessage as a,think_usermessage as b,think_bjlxmessage as c,think_swduiying as d,think_foodmessage as e WHERE ( a.UserId=b.UserId and a.BjlxId=c.BjlxId and a.BookId=d.BookId and d.FoodId=e.FoodId ) ORDER BY BookId  [ RunTime:0.0267s ]
INFO: [ view_parse ] --START--
NOTIC: [2] file_get_contents(./Apps/Admin/View/Public/footer.html): failed to open stream: No such file or directory D:\wamp\www\menu\ThinkPHP\Library\Think\Template.class.php 第 696 行.
INFO: [ template_filter ] --START--
INFO: Run Behavior\ContentReplaceBehavior [ RunTime:0.000247s ]
INFO: [ template_filter ] --END-- [ RunTime:0.000478s ]
NOTIC: [8] Undefined variable: light D:\wamp\www\menu\Apps\Runtime\Cache\Admin\f4e214009ad75ac936bcad6ad9452214.php 第 278 行.
INFO: Run Behavior\ParseTemplateBehavior [ RunTime:0.041001s ]
INFO: [ view_parse ] --END-- [ RunTime:0.041205s ]
INFO: [ view_filter ] --START--
INFO: Run Behavior\WriteHtmlCacheBehavior [ RunTime:0.001385s ]
INFO: [ view_filter ] --END-- [ RunTime:0.001625s ]
INFO: [ app_end ] --START--
INFO: Run Behavior\ShowPageTraceBehavior [ RunTime:0.003292s ]
INFO: [ app_end ] --END-- [ RunTime:0.003542s ]

[ 2017-05-30T19:33:09+08:00 ] ::1 /menu/index.php/Admin/Shopping.html
INFO: [ app_init ] --START--
INFO: Run Behavior\BuildLiteBehavior [ RunTime:0.000052s ]
INFO: [ app_init ] --END-- [ RunTime:0.000966s ]
INFO: [ app_begin ] --START--
INFO: Run Behavior\ReadHtmlCacheBehavior [ RunTime:0.001143s ]
INFO: [ app_begin ] --END-- [ RunTime:0.001302s ]
SQL: SHOW COLUMNS FROM `think_shoppingcart` [ RunTime:0.0646s ]
SQL: SHOW COLUMNS FROM `think_shoppingcart` [ RunTime:0.0208s ]
SQL: SELECT `ShopId`,`UserName`,`UserTelephone`,`FoodName`,`FoodPrice`,`FoodURL`,`FoodUpdateTime`,`AddTime` FROM think_shoppingcart as a,think_usermessage as b,think_foodmessage as c WHERE ( a.UserId=b.UserId and a.FoodId=c.FoodId ) ORDER BY ShopId  [ RunTime:0.0323s ]
INFO: [ view_parse ] --START--
NOTIC: [2] file_get_contents(./Apps/Admin/View/Public/footer.html): failed to open stream: No such file or directory D:\wamp\www\menu\ThinkPHP\Library\Think\Template.class.php 第 696 行.
INFO: [ template_filter ] --START--
INFO: Run Behavior\ContentReplaceBehavior [ RunTime:0.000261s ]
INFO: [ template_filter ] --END-- [ RunTime:0.000535s ]
NOTIC: [8] Undefined variable: light D:\wamp\www\menu\Apps\Runtime\Cache\Admin\c8acfb7670c8536c8ff154bb6ce4a89a.php 第 275 行.
INFO: Run Behavior\ParseTemplateBehavior [ RunTime:0.062653s ]
INFO: [ view_parse ] --END-- [ RunTime:0.062928s ]
INFO: [ view_filter ] --START--
INFO: Run Behavior\WriteHtmlCacheBehavior [ RunTime:0.001749s ]
INFO: [ view_filter ] --END-- [ RunTime:0.002010s ]
INFO: [ app_end ] --START--
INFO: Run Behavior\ShowPageTraceBehavior [ RunTime:0.001790s ]
INFO: [ app_end ] --END-- [ RunTime:0.002038s ]

[ 2017-05-30T19:33:09+08:00 ] ::1 /menu/index.php/Admin/Order.html
INFO: [ app_init ] --START--
INFO: Run Behavior\BuildLiteBehavior [ RunTime:0.000053s ]
INFO: [ app_init ] --END-- [ RunTime:0.001807s ]
INFO: [ app_begin ] --START--
INFO: Run Behavior\ReadHtmlCacheBehavior [ RunTime:0.001697s ]
INFO: [ app_begin ] --END-- [ RunTime:0.001966s ]
SQL: SHOW COLUMNS FROM `think_haspaymessage` [ RunTime:0.0164s ]
SQL: SHOW COLUMNS FROM `think_haspaymessage` [ RunTime:0.0256s ]
SQL: SELECT a.BookId as BookId,`SwId`,`UserName`,`UserTelephone`,`BjlxName`,`BjlxSize`,`BjlxCount`,`BjlxURL`,`FoodName`,`FoodURL`,`BookPrice`,`BookTime` FROM think_haspaymessage as a,think_usermessage as b,think_bjlxmessage as c,think_swduiying as d,think_foodmessage as e WHERE ( a.UserId=b.UserId and a.BjlxId=c.BjlxId and a.BookId=d.BookId and d.FoodId=e.FoodId ) ORDER BY BookId  [ RunTime:0.0009s ]
INFO: [ view_parse ] --START--
NOTIC: [2] file_get_contents(./Apps/Admin/View/Public/footer.html): failed to open stream: No such file or directory D:\wamp\www\menu\ThinkPHP\Library\Think\Template.class.php 第 696 行.
INFO: [ template_filter ] --START--
INFO: Run Behavior\ContentReplaceBehavior [ RunTime:0.000367s ]
INFO: [ template_filter ] --END-- [ RunTime:0.000766s ]
NOTIC: [8] Undefined variable: light D:\wamp\www\menu\Apps\Runtime\Cache\Admin\f4e214009ad75ac936bcad6ad9452214.php 第 278 行.
INFO: Run Behavior\ParseTemplateBehavior [ RunTime:0.029636s ]
INFO: [ view_parse ] --END-- [ RunTime:0.029899s ]
INFO: [ view_filter ] --START--
INFO: Run Behavior\WriteHtmlCacheBehavior [ RunTime:0.001208s ]
INFO: [ view_filter ] --END-- [ RunTime:0.001435s ]
INFO: [ app_end ] --START--
INFO: Run Behavior\ShowPageTraceBehavior [ RunTime:0.002983s ]
INFO: [ app_end ] --END-- [ RunTime:0.003310s ]

