[ 2017-05-03T12:24:42+08:00 ] ::1 /menu/
INFO: [ app_init ] --START--
INFO: Run Behavior\BuildLiteBehavior [ RunTime:0.000062s ]
INFO: [ app_init ] --END-- [ RunTime:0.018761s ]
INFO: [ app_begin ] --START--
INFO: Run Behavior\ReadHtmlCacheBehavior [ RunTime:0.023993s ]
INFO: [ app_begin ] --END-- [ RunTime:0.024277s ]
SQL: SHOW COLUMNS FROM `think_data` [ RunTime:0.1050s ]
SQL: SELECT * FROM `think_data`  [ RunTime:0.0011s ]
INFO: [ view_parse ] --START--
INFO: [ template_filter ] --START--
INFO: Run Behavior\ContentReplaceBehavior [ RunTime:0.000120s ]
INFO: [ template_filter ] --END-- [ RunTime:0.000287s ]
INFO: Run Behavior\ParseTemplateBehavior [ RunTime:0.536571s ]
INFO: [ view_parse ] --END-- [ RunTime:0.536758s ]
INFO: [ view_filter ] --START--
INFO: Run Behavior\WriteHtmlCacheBehavior [ RunTime:0.020632s ]
INFO: [ view_filter ] --END-- [ RunTime:0.020776s ]
INFO: [ app_end ] --START--
INFO: Run Behavior\ShowPageTraceBehavior [ RunTime:0.060230s ]
INFO: [ app_end ] --END-- [ RunTime:0.060383s ]

