[ 2017-05-11T21:48:00+08:00 ] ::1 /menu/
INFO: [ app_init ] --START--
INFO: Run Behavior\BuildLiteBehavior [ RunTime:0.000031s ]
INFO: [ app_init ] --END-- [ RunTime:0.081274s ]
INFO: [ app_begin ] --START--
INFO: Run Behavior\ReadHtmlCacheBehavior [ RunTime:0.048591s ]
INFO: [ app_begin ] --END-- [ RunTime:0.048750s ]
INFO: [ view_parse ] --START--
INFO: [ template_filter ] --START--
INFO: Run Behavior\ContentReplaceBehavior [ RunTime:0.036728s ]
INFO: [ template_filter ] --END-- [ RunTime:0.036903s ]
INFO: Run Behavior\ParseTemplateBehavior [ RunTime:0.425773s ]
INFO: [ view_parse ] --END-- [ RunTime:0.426090s ]
INFO: [ view_filter ] --START--
INFO: Run Behavior\WriteHtmlCacheBehavior [ RunTime:0.157870s ]
INFO: [ view_filter ] --END-- [ RunTime:0.158050s ]
INFO: [ app_end ] --START--
INFO: Run Behavior\ShowPageTraceBehavior [ RunTime:0.108305s ]
INFO: [ app_end ] --END-- [ RunTime:0.108452s ]

[ 2017-05-11T21:53:45+08:00 ] ::1 /menu/
INFO: [ app_init ] --START--
INFO: Run Behavior\BuildLiteBehavior [ RunTime:0.000061s ]
INFO: [ app_init ] --END-- [ RunTime:0.046360s ]
INFO: [ app_begin ] --START--
INFO: Run Behavior\ReadHtmlCacheBehavior [ RunTime:0.022173s ]
INFO: [ app_begin ] --END-- [ RunTime:0.022343s ]
INFO: [ view_parse ] --START--
INFO: [ template_filter ] --START--
INFO: Run Behavior\ContentReplaceBehavior [ RunTime:0.000222s ]
INFO: [ template_filter ] --END-- [ RunTime:0.000852s ]
INFO: Run Behavior\ParseTemplateBehavior [ RunTime:0.505585s ]
INFO: [ view_parse ] --END-- [ RunTime:0.505815s ]
INFO: [ view_filter ] --START--
INFO: Run Behavior\WriteHtmlCacheBehavior [ RunTime:0.017809s ]
INFO: [ view_filter ] --END-- [ RunTime:0.019166s ]
INFO: [ app_end ] --START--
INFO: Run Behavior\ShowPageTraceBehavior [ RunTime:0.047247s ]
INFO: [ app_end ] --END-- [ RunTime:0.047469s ]

[ 2017-05-11T23:16:21+08:00 ] ::1 /menu/
INFO: [ app_init ] --START--
INFO: Run Behavior\BuildLiteBehavior [ RunTime:0.000067s ]
INFO: [ app_init ] --END-- [ RunTime:0.018734s ]
INFO: [ app_begin ] --START--
INFO: Run Behavior\ReadHtmlCacheBehavior [ RunTime:0.012756s ]
INFO: [ app_begin ] --END-- [ RunTime:0.013018s ]
INFO: [ view_parse ] --START--
INFO: [ template_filter ] --START--
INFO: Run Behavior\ContentReplaceBehavior [ RunTime:0.000305s ]
INFO: [ template_filter ] --END-- [ RunTime:0.000579s ]
INFO: Run Behavior\ParseTemplateBehavior [ RunTime:0.171666s ]
INFO: [ view_parse ] --END-- [ RunTime:0.171896s ]
INFO: [ view_filter ] --START--
INFO: Run Behavior\WriteHtmlCacheBehavior [ RunTime:0.007992s ]
INFO: [ view_filter ] --END-- [ RunTime:0.008245s ]
INFO: [ app_end ] --START--
INFO: Run Behavior\ShowPageTraceBehavior [ RunTime:0.016377s ]
INFO: [ app_end ] --END-- [ RunTime:0.016608s ]

[ 2017-05-11T23:17:22+08:00 ] ::1 /menu/index.php/Home/Menu
INFO: [ app_init ] --START--
INFO: Run Behavior\BuildLiteBehavior [ RunTime:0.000030s ]
INFO: [ app_init ] --END-- [ RunTime:0.000854s ]
INFO: [ app_begin ] --START--
INFO: Run Behavior\ReadHtmlCacheBehavior [ RunTime:0.001769s ]
INFO: [ app_begin ] --END-- [ RunTime:0.001905s ]
SQL: SHOW COLUMNS FROM `think_foodmessage` [ RunTime:6.4223s ]
SQL: SELECT * FROM `think_foodmessage`  [ RunTime:0.1305s ]
SQL: SHOW COLUMNS FROM `think_usermessage` [ RunTime:0.1123s ]
SQL: SELECT * FROM `think_usermessage`  [ RunTime:0.0337s ]
INFO: [ view_parse ] --START--
INFO: [ template_filter ] --START--
INFO: Run Behavior\ContentReplaceBehavior [ RunTime:0.000119s ]
INFO: [ template_filter ] --END-- [ RunTime:0.000289s ]
INFO: Run Behavior\ParseTemplateBehavior [ RunTime:0.046576s ]
INFO: [ view_parse ] --END-- [ RunTime:0.046773s ]
INFO: [ view_filter ] --START--
INFO: Run Behavior\WriteHtmlCacheBehavior [ RunTime:0.001345s ]
INFO: [ view_filter ] --END-- [ RunTime:0.001480s ]
INFO: [ app_end ] --START--
INFO: Run Behavior\ShowPageTraceBehavior [ RunTime:0.001452s ]
INFO: [ app_end ] --END-- [ RunTime:0.001628s ]

[ 2017-05-11T23:17:22+08:00 ] ::1 /menu/index.php/Home/img/foot/1.png
INFO: [ app_init ] --START--
INFO: Run Behavior\BuildLiteBehavior [ RunTime:0.000052s ]
INFO: [ app_init ] --END-- [ RunTime:0.001158s ]

[ 2017-05-11T23:17:22+08:00 ] ::1 /menu/index.php/Home/img/foot/3.png
INFO: [ app_init ] --START--
INFO: Run Behavior\BuildLiteBehavior [ RunTime:0.000053s ]
INFO: [ app_init ] --END-- [ RunTime:0.001013s ]

[ 2017-05-11T23:17:22+08:00 ] ::1 /menu/index.php/Home/img/foot/2.png
INFO: [ app_init ] --START--
INFO: Run Behavior\BuildLiteBehavior [ RunTime:0.000059s ]
INFO: [ app_init ] --END-- [ RunTime:0.001103s ]

[ 2017-05-11T23:17:22+08:00 ] ::1 /menu/index.php/Home/img/foot/4.png
INFO: [ app_init ] --START--
INFO: Run Behavior\BuildLiteBehavior [ RunTime:0.000033s ]
INFO: [ app_init ] --END-- [ RunTime:0.000746s ]

[ 2017-05-11T23:17:59+08:00 ] ::1 /menu/index.php/Home/RoomBook
INFO: [ app_init ] --START--
INFO: Run Behavior\BuildLiteBehavior [ RunTime:0.000034s ]
INFO: [ app_init ] --END-- [ RunTime:0.000691s ]
INFO: [ app_begin ] --START--
INFO: Run Behavior\ReadHtmlCacheBehavior [ RunTime:0.001262s ]
INFO: [ app_begin ] --END-- [ RunTime:0.001546s ]
SQL: SHOW COLUMNS FROM `think_bookroom` [ RunTime:0.0890s ]
SQL: SELECT * FROM `think_bookroom`  [ RunTime:0.0306s ]
INFO: [ view_parse ] --START--
INFO: [ template_filter ] --START--
INFO: Run Behavior\ContentReplaceBehavior [ RunTime:0.000119s ]
INFO: [ template_filter ] --END-- [ RunTime:0.000277s ]
INFO: Run Behavior\ParseTemplateBehavior [ RunTime:0.029151s ]
INFO: [ view_parse ] --END-- [ RunTime:0.029345s ]
INFO: [ view_filter ] --START--
INFO: Run Behavior\WriteHtmlCacheBehavior [ RunTime:0.000681s ]
INFO: [ view_filter ] --END-- [ RunTime:0.000855s ]
INFO: [ app_end ] --START--
INFO: Run Behavior\ShowPageTraceBehavior [ RunTime:0.001070s ]
INFO: [ app_end ] --END-- [ RunTime:0.001266s ]

[ 2017-05-11T23:17:59+08:00 ] ::1 /menu/index.php/Home/img/foot/1.png
INFO: [ app_init ] --START--
INFO: Run Behavior\BuildLiteBehavior [ RunTime:0.000055s ]
INFO: [ app_init ] --END-- [ RunTime:0.000879s ]

[ 2017-05-11T23:18:00+08:00 ] ::1 /menu/index.php/Home/img/foot/2.png
INFO: [ app_init ] --START--
INFO: Run Behavior\BuildLiteBehavior [ RunTime:0.000059s ]
INFO: [ app_init ] --END-- [ RunTime:0.001748s ]

[ 2017-05-11T23:18:00+08:00 ] ::1 /menu/index.php/Home/img/foot/4.png
INFO: [ app_init ] --START--
INFO: Run Behavior\BuildLiteBehavior [ RunTime:0.000062s ]
INFO: [ app_init ] --END-- [ RunTime:0.002261s ]

[ 2017-05-11T23:18:00+08:00 ] ::1 /menu/index.php/Home/img/foot/3.png
INFO: [ app_init ] --START--
INFO: Run Behavior\BuildLiteBehavior [ RunTime:0.000056s ]
INFO: [ app_init ] --END-- [ RunTime:0.004481s ]

[ 2017-05-11T23:18:01+08:00 ] ::1 /menu/index.php/Home/OnesMenu
INFO: [ app_init ] --START--
INFO: Run Behavior\BuildLiteBehavior [ RunTime:0.000029s ]
INFO: [ app_init ] --END-- [ RunTime:0.000628s ]
INFO: [ app_begin ] --START--
INFO: Run Behavior\ReadHtmlCacheBehavior [ RunTime:0.001016s ]
INFO: [ app_begin ] --END-- [ RunTime:0.001145s ]
INFO: [ view_parse ] --START--
INFO: [ template_filter ] --START--
INFO: Run Behavior\ContentReplaceBehavior [ RunTime:0.000122s ]
INFO: [ template_filter ] --END-- [ RunTime:0.000302s ]
NOTIC: [8] Undefined variable: data D:\wamp\www\menu\Apps\Runtime\Cache\Home\22dda46f3c240cfab253c52f46234e36.php 第 149 行.
INFO: Run Behavior\ParseTemplateBehavior [ RunTime:0.048746s ]
INFO: [ view_parse ] --END-- [ RunTime:0.048930s ]
INFO: [ view_filter ] --START--
INFO: Run Behavior\WriteHtmlCacheBehavior [ RunTime:0.001238s ]
INFO: [ view_filter ] --END-- [ RunTime:0.001429s ]
INFO: [ app_end ] --START--
INFO: Run Behavior\ShowPageTraceBehavior [ RunTime:0.001160s ]
INFO: [ app_end ] --END-- [ RunTime:0.001316s ]

[ 2017-05-11T23:18:01+08:00 ] ::1 /menu/index.php/Home/img/foot/4.png
INFO: [ app_init ] --START--
INFO: Run Behavior\BuildLiteBehavior [ RunTime:0.000063s ]
INFO: [ app_init ] --END-- [ RunTime:0.000927s ]

[ 2017-05-11T23:18:01+08:00 ] ::1 /menu/index.php/Home/img/foot/3.png
INFO: [ app_init ] --START--
INFO: Run Behavior\BuildLiteBehavior [ RunTime:0.000057s ]
INFO: [ app_init ] --END-- [ RunTime:0.001020s ]

[ 2017-05-11T23:18:01+08:00 ] ::1 /menu/index.php/Home/img/foot/2.png
INFO: [ app_init ] --START--
INFO: Run Behavior\BuildLiteBehavior [ RunTime:0.000060s ]
INFO: [ app_init ] --END-- [ RunTime:0.001126s ]

[ 2017-05-11T23:18:01+08:00 ] ::1 /menu/index.php/Home/img/foot/1.png
INFO: [ app_init ] --START--
INFO: Run Behavior\BuildLiteBehavior [ RunTime:0.000056s ]
INFO: [ app_init ] --END-- [ RunTime:0.001576s ]

[ 2017-05-11T23:18:05+08:00 ] ::1 /menu/index.php/Home/AboutUs
INFO: [ app_init ] --START--
INFO: Run Behavior\BuildLiteBehavior [ RunTime:0.000066s ]
INFO: [ app_init ] --END-- [ RunTime:0.001306s ]
INFO: [ app_begin ] --START--
INFO: Run Behavior\ReadHtmlCacheBehavior [ RunTime:0.002177s ]
INFO: [ app_begin ] --END-- [ RunTime:0.002498s ]
INFO: [ view_parse ] --START--
INFO: [ template_filter ] --START--
INFO: Run Behavior\ContentReplaceBehavior [ RunTime:0.000138s ]
INFO: [ template_filter ] --END-- [ RunTime:0.000326s ]
INFO: Run Behavior\ParseTemplateBehavior [ RunTime:0.037055s ]
INFO: [ view_parse ] --END-- [ RunTime:0.037438s ]
INFO: [ view_filter ] --START--
INFO: Run Behavior\WriteHtmlCacheBehavior [ RunTime:0.001301s ]
INFO: [ view_filter ] --END-- [ RunTime:0.001699s ]
INFO: [ app_end ] --START--
INFO: Run Behavior\ShowPageTraceBehavior [ RunTime:0.002170s ]
INFO: [ app_end ] --END-- [ RunTime:0.002487s ]

[ 2017-05-11T23:18:05+08:00 ] ::1 /menu/index.php/Home/img/foot/3.png
INFO: [ app_init ] --START--
INFO: Run Behavior\BuildLiteBehavior [ RunTime:0.000058s ]
INFO: [ app_init ] --END-- [ RunTime:0.001401s ]

[ 2017-05-11T23:18:05+08:00 ] ::1 /menu/index.php/Home/img/foot/2.png
INFO: [ app_init ] --START--
INFO: Run Behavior\BuildLiteBehavior [ RunTime:0.000085s ]
INFO: [ app_init ] --END-- [ RunTime:0.001361s ]

[ 2017-05-11T23:18:05+08:00 ] ::1 /menu/index.php/Home/img/foot/4.png
INFO: [ app_init ] --START--
INFO: Run Behavior\BuildLiteBehavior [ RunTime:0.000057s ]
INFO: [ app_init ] --END-- [ RunTime:0.001282s ]

[ 2017-05-11T23:18:05+08:00 ] ::1 /menu/index.php/Home/img/foot/1.png
INFO: [ app_init ] --START--
INFO: Run Behavior\BuildLiteBehavior [ RunTime:0.000054s ]
INFO: [ app_init ] --END-- [ RunTime:0.001203s ]

[ 2017-05-11T23:18:08+08:00 ] ::1 /menu/index.php/Home/Index
INFO: [ app_init ] --START--
INFO: Run Behavior\BuildLiteBehavior [ RunTime:0.000028s ]
INFO: [ app_init ] --END-- [ RunTime:0.000602s ]
INFO: [ app_begin ] --START--
INFO: Run Behavior\ReadHtmlCacheBehavior [ RunTime:0.001200s ]
INFO: [ app_begin ] --END-- [ RunTime:0.001337s ]
INFO: [ view_parse ] --START--
INFO: [ template_filter ] --START--
INFO: Run Behavior\ContentReplaceBehavior [ RunTime:0.000197s ]
INFO: [ template_filter ] --END-- [ RunTime:0.000366s ]
INFO: Run Behavior\ParseTemplateBehavior [ RunTime:0.018261s ]
INFO: [ view_parse ] --END-- [ RunTime:0.018414s ]
INFO: [ view_filter ] --START--
INFO: Run Behavior\WriteHtmlCacheBehavior [ RunTime:0.000890s ]
INFO: [ view_filter ] --END-- [ RunTime:0.001068s ]
INFO: [ app_end ] --START--
INFO: Run Behavior\ShowPageTraceBehavior [ RunTime:0.002353s ]
INFO: [ app_end ] --END-- [ RunTime:0.002511s ]

[ 2017-05-11T23:18:08+08:00 ] ::1 /menu/index.php/Home/img/foot/4.png
INFO: [ app_init ] --START--
INFO: Run Behavior\BuildLiteBehavior [ RunTime:0.000055s ]
INFO: [ app_init ] --END-- [ RunTime:0.000907s ]

[ 2017-05-11T23:18:08+08:00 ] ::1 /menu/index.php/Home/img/foot/3.png
INFO: [ app_init ] --START--
INFO: Run Behavior\BuildLiteBehavior [ RunTime:0.000062s ]
INFO: [ app_init ] --END-- [ RunTime:0.001264s ]

[ 2017-05-11T23:18:08+08:00 ] ::1 /menu/index.php/Home/img/foot/1.png
INFO: [ app_init ] --START--
INFO: Run Behavior\BuildLiteBehavior [ RunTime:0.000055s ]
INFO: [ app_init ] --END-- [ RunTime:0.001570s ]

[ 2017-05-11T23:18:08+08:00 ] ::1 /menu/index.php/Home/img/foot/2.png
INFO: [ app_init ] --START--
INFO: Run Behavior\BuildLiteBehavior [ RunTime:0.000056s ]
INFO: [ app_init ] --END-- [ RunTime:0.025414s ]

[ 2017-05-11T23:18:08+08:00 ] ::1 /menu/index.php/Home/img/foot/1.png
INFO: [ app_init ] --START--
INFO: Run Behavior\BuildLiteBehavior [ RunTime:0.000055s ]
INFO: [ app_init ] --END-- [ RunTime:0.001165s ]

[ 2017-05-11T23:18:08+08:00 ] ::1 /menu/index.php/Home/img/foot/3.png
INFO: [ app_init ] --START--
INFO: Run Behavior\BuildLiteBehavior [ RunTime:0.000054s ]
INFO: [ app_init ] --END-- [ RunTime:0.001063s ]

[ 2017-05-11T23:18:08+08:00 ] ::1 /menu/index.php/Home/img/foot/4.png
INFO: [ app_init ] --START--
INFO: Run Behavior\BuildLiteBehavior [ RunTime:0.000039s ]
INFO: [ app_init ] --END-- [ RunTime:0.000909s ]

