[ 2017-05-29T22:06:56+08:00 ] ::1 /menu/index.php/Home/Menu
INFO: [ app_init ] --START--
INFO: Run Behavior\BuildLiteBehavior [ RunTime:0.000061s ]
INFO: [ app_init ] --END-- [ RunTime:0.014422s ]
INFO: [ app_begin ] --START--
INFO: Run Behavior\ReadHtmlCacheBehavior [ RunTime:0.024219s ]
INFO: [ app_begin ] --END-- [ RunTime:0.024563s ]
SQL: SHOW COLUMNS FROM `think_foodmessage` [ RunTime:0.1759s ]
SQL: SELECT * FROM `think_foodmessage`  [ RunTime:0.0015s ]
SQL: SHOW COLUMNS FROM `think_usermessage` [ RunTime:0.2012s ]
SQL: SELECT * FROM `think_usermessage`  [ RunTime:0.0006s ]
INFO: [ view_parse ] --START--
INFO: [ template_filter ] --START--
INFO: Run Behavior\ContentReplaceBehavior [ RunTime:0.000380s ]
INFO: [ template_filter ] --END-- [ RunTime:0.000654s ]
INFO: Run Behavior\ParseTemplateBehavior [ RunTime:0.708812s ]
INFO: [ view_parse ] --END-- [ RunTime:0.709038s ]
INFO: [ view_filter ] --START--
INFO: Run Behavior\WriteHtmlCacheBehavior [ RunTime:0.051397s ]
INFO: [ view_filter ] --END-- [ RunTime:0.051642s ]
INFO: [ app_end ] --START--
INFO: Run Behavior\ShowPageTraceBehavior [ RunTime:0.027607s ]
INFO: [ app_end ] --END-- [ RunTime:0.027842s ]

[ 2017-05-29T22:07:02+08:00 ] ::1 /menu/index.php/Home/img/foot/2.png
INFO: [ app_init ] --START--
INFO: Run Behavior\BuildLiteBehavior [ RunTime:0.000073s ]
INFO: [ app_init ] --END-- [ RunTime:0.001152s ]

[ 2017-05-29T22:07:02+08:00 ] ::1 /menu/index.php/Home/img/foot/1.png
INFO: [ app_init ] --START--
INFO: Run Behavior\BuildLiteBehavior [ RunTime:0.000054s ]
INFO: [ app_init ] --END-- [ RunTime:0.001274s ]

[ 2017-05-29T22:07:02+08:00 ] ::1 /menu/index.php/Home/%E6%97%A0
INFO: [ app_init ] --START--
INFO: Run Behavior\BuildLiteBehavior [ RunTime:0.000032s ]
INFO: [ app_init ] --END-- [ RunTime:0.000729s ]
INFO: [ app_begin ] --START--
INFO: Run Behavior\ReadHtmlCacheBehavior [ RunTime:0.001510s ]
INFO: [ app_begin ] --END-- [ RunTime:0.001800s ]
ERR: 无法加载控制器:无

[ 2017-05-29T22:07:02+08:00 ] ::1 /menu/index.php/Home/img/foot/3.png
INFO: [ app_init ] --START--
INFO: Run Behavior\BuildLiteBehavior [ RunTime:0.000055s ]
INFO: [ app_init ] --END-- [ RunTime:0.002337s ]

[ 2017-05-29T22:07:02+08:00 ] ::1 /menu/index.php/Home/img/foot/4.png
INFO: [ app_init ] --START--
INFO: Run Behavior\BuildLiteBehavior [ RunTime:0.000035s ]
INFO: [ app_init ] --END-- [ RunTime:0.000879s ]

[ 2017-05-29T22:07:53+08:00 ] ::1 /menu/index.php/Home/RoomBook
INFO: [ app_init ] --START--
INFO: Run Behavior\BuildLiteBehavior [ RunTime:0.000033s ]
INFO: [ app_init ] --END-- [ RunTime:0.384373s ]
INFO: [ app_begin ] --START--
INFO: Run Behavior\ReadHtmlCacheBehavior [ RunTime:0.006432s ]
INFO: [ app_begin ] --END-- [ RunTime:0.006599s ]
SQL: SHOW COLUMNS FROM `think_bjlxmessage` [ RunTime:0.2891s ]
SQL: SELECT * FROM `think_bjlxmessage`  [ RunTime:0.1445s ]
INFO: [ view_parse ] --START--
INFO: [ template_filter ] --START--
INFO: Run Behavior\ContentReplaceBehavior [ RunTime:0.000117s ]
INFO: [ template_filter ] --END-- [ RunTime:0.000248s ]
INFO: Run Behavior\ParseTemplateBehavior [ RunTime:0.814727s ]
INFO: [ view_parse ] --END-- [ RunTime:0.814877s ]
INFO: [ view_filter ] --START--
INFO: Run Behavior\WriteHtmlCacheBehavior [ RunTime:0.399371s ]
INFO: [ view_filter ] --END-- [ RunTime:0.399505s ]
INFO: [ app_end ] --START--
INFO: Run Behavior\ShowPageTraceBehavior [ RunTime:0.126458s ]
INFO: [ app_end ] --END-- [ RunTime:0.126645s ]

[ 2017-05-29T22:07:54+08:00 ] ::1 /menu/index.php/Home/img/foot/4.png
INFO: [ app_init ] --START--
INFO: Run Behavior\BuildLiteBehavior [ RunTime:0.000054s ]
INFO: [ app_init ] --END-- [ RunTime:0.001279s ]

[ 2017-05-29T22:07:57+08:00 ] ::1 /menu/index.php/Home/img/foot/1.png
INFO: [ app_init ] --START--
INFO: Run Behavior\BuildLiteBehavior [ RunTime:0.000034s ]
INFO: [ app_init ] --END-- [ RunTime:0.001128s ]

[ 2017-05-29T22:07:57+08:00 ] ::1 /menu/index.php/Home/img/foot/2.png
INFO: [ app_init ] --START--
INFO: Run Behavior\BuildLiteBehavior [ RunTime:0.000056s ]
INFO: [ app_init ] --END-- [ RunTime:0.001064s ]

[ 2017-05-29T22:07:57+08:00 ] ::1 /menu/index.php/Home/img/foot/3.png
INFO: [ app_init ] --START--
INFO: Run Behavior\BuildLiteBehavior [ RunTime:0.000060s ]
INFO: [ app_init ] --END-- [ RunTime:0.001104s ]

[ 2017-05-29T22:16:39+08:00 ] ::1 /menu/index.php/Home/RoomBook
INFO: [ app_init ] --START--
INFO: Run Behavior\BuildLiteBehavior [ RunTime:0.000039s ]
INFO: [ app_init ] --END-- [ RunTime:0.051444s ]
INFO: [ app_begin ] --START--
INFO: Run Behavior\ReadHtmlCacheBehavior [ RunTime:0.090565s ]
INFO: [ app_begin ] --END-- [ RunTime:0.090725s ]
SQL: SHOW COLUMNS FROM `think_bjlxmessage` [ RunTime:0.2758s ]
SQL: SELECT * FROM `think_bjlxmessage`  [ RunTime:0.0006s ]
INFO: [ view_parse ] --START--
INFO: [ template_filter ] --START--
INFO: Run Behavior\ContentReplaceBehavior [ RunTime:0.000198s ]
INFO: [ template_filter ] --END-- [ RunTime:0.000431s ]
INFO: Run Behavior\ParseTemplateBehavior [ RunTime:0.340721s ]
INFO: [ view_parse ] --END-- [ RunTime:0.340929s ]
INFO: [ view_filter ] --START--
INFO: Run Behavior\WriteHtmlCacheBehavior [ RunTime:0.098895s ]
INFO: [ view_filter ] --END-- [ RunTime:0.099037s ]
INFO: [ app_end ] --START--
INFO: Run Behavior\ShowPageTraceBehavior [ RunTime:0.015171s ]
INFO: [ app_end ] --END-- [ RunTime:0.015489s ]

[ 2017-05-29T22:16:40+08:00 ] ::1 /menu/index.php/Home/img/foot/3.png
INFO: [ app_init ] --START--
INFO: Run Behavior\BuildLiteBehavior [ RunTime:0.000054s ]
INFO: [ app_init ] --END-- [ RunTime:0.000993s ]

[ 2017-05-29T22:16:40+08:00 ] ::1 /menu/index.php/Home/img/foot/4.png
INFO: [ app_init ] --START--
INFO: Run Behavior\BuildLiteBehavior [ RunTime:0.000050s ]
INFO: [ app_init ] --END-- [ RunTime:0.001099s ]

[ 2017-05-29T22:16:40+08:00 ] ::1 /menu/index.php/Home/img/foot/1.png
INFO: [ app_init ] --START--
INFO: Run Behavior\BuildLiteBehavior [ RunTime:0.000043s ]
INFO: [ app_init ] --END-- [ RunTime:0.001196s ]

[ 2017-05-29T22:16:44+08:00 ] ::1 /menu/index.php/Home/Index
INFO: [ app_init ] --START--
INFO: Run Behavior\BuildLiteBehavior [ RunTime:0.000034s ]
INFO: [ app_init ] --END-- [ RunTime:0.000979s ]
INFO: [ app_begin ] --START--
INFO: Run Behavior\ReadHtmlCacheBehavior [ RunTime:0.001083s ]
INFO: [ app_begin ] --END-- [ RunTime:0.001284s ]
INFO: [ view_parse ] --START--
INFO: [ template_filter ] --START--
INFO: Run Behavior\ContentReplaceBehavior [ RunTime:0.000127s ]
INFO: [ template_filter ] --END-- [ RunTime:0.000259s ]
INFO: Run Behavior\ParseTemplateBehavior [ RunTime:0.106653s ]
INFO: [ view_parse ] --END-- [ RunTime:0.106886s ]
INFO: [ view_filter ] --START--
INFO: Run Behavior\WriteHtmlCacheBehavior [ RunTime:0.000816s ]
INFO: [ view_filter ] --END-- [ RunTime:0.000985s ]
INFO: [ app_end ] --START--
INFO: Run Behavior\ShowPageTraceBehavior [ RunTime:0.001422s ]
INFO: [ app_end ] --END-- [ RunTime:0.001627s ]

[ 2017-05-29T22:16:44+08:00 ] ::1 /menu/index.php/Home/motaiimg
INFO: [ app_init ] --START--
INFO: Run Behavior\BuildLiteBehavior [ RunTime:0.000054s ]
INFO: [ app_init ] --END-- [ RunTime:0.001062s ]
INFO: [ app_begin ] --START--
INFO: Run Behavior\ReadHtmlCacheBehavior [ RunTime:0.001681s ]
INFO: [ app_begin ] --END-- [ RunTime:0.001933s ]
ERR: 无法加载控制器:Motaiimg

[ 2017-05-29T22:16:44+08:00 ] ::1 /menu/index.php/Home/img/foot/1.png
INFO: [ app_init ] --START--
INFO: Run Behavior\BuildLiteBehavior [ RunTime:0.000031s ]
INFO: [ app_init ] --END-- [ RunTime:0.000726s ]

[ 2017-05-29T22:16:44+08:00 ] ::1 /menu/index.php/Home/img/foot/4.png
INFO: [ app_init ] --START--
INFO: Run Behavior\BuildLiteBehavior [ RunTime:0.000050s ]
INFO: [ app_init ] --END-- [ RunTime:0.001138s ]

[ 2017-05-29T22:16:44+08:00 ] ::1 /menu/index.php/Home/img/foot/3.png
INFO: [ app_init ] --START--
INFO: Run Behavior\BuildLiteBehavior [ RunTime:0.000055s ]
INFO: [ app_init ] --END-- [ RunTime:0.001165s ]

[ 2017-05-29T22:16:44+08:00 ] ::1 /menu/index.php/Home/img/foot/2.png
INFO: [ app_init ] --START--
INFO: Run Behavior\BuildLiteBehavior [ RunTime:0.000215s ]
INFO: [ app_init ] --END-- [ RunTime:0.001283s ]

[ 2017-05-29T22:16:44+08:00 ] ::1 /menu/index.php/Home/motaiimg
INFO: [ app_init ] --START--
INFO: Run Behavior\BuildLiteBehavior [ RunTime:0.000037s ]
INFO: [ app_init ] --END-- [ RunTime:0.000929s ]
INFO: [ app_begin ] --START--
INFO: Run Behavior\ReadHtmlCacheBehavior [ RunTime:0.001102s ]
INFO: [ app_begin ] --END-- [ RunTime:0.001336s ]
ERR: 无法加载控制器:Motaiimg

[ 2017-05-29T22:16:56+08:00 ] ::1 /menu/index.php/Home/RoomBook
INFO: [ app_init ] --START--
INFO: Run Behavior\BuildLiteBehavior [ RunTime:0.000039s ]
INFO: [ app_init ] --END-- [ RunTime:0.001014s ]
INFO: [ app_begin ] --START--
INFO: Run Behavior\ReadHtmlCacheBehavior [ RunTime:0.001225s ]
INFO: [ app_begin ] --END-- [ RunTime:0.001415s ]
SQL: SHOW COLUMNS FROM `think_bjlxmessage` [ RunTime:0.0251s ]
SQL: SELECT * FROM `think_bjlxmessage`  [ RunTime:0.0018s ]
INFO: [ view_parse ] --START--
INFO: [ template_filter ] --START--
INFO: Run Behavior\ContentReplaceBehavior [ RunTime:0.000157s ]
INFO: [ template_filter ] --END-- [ RunTime:0.000345s ]
INFO: Run Behavior\ParseTemplateBehavior [ RunTime:0.029862s ]
INFO: [ view_parse ] --END-- [ RunTime:0.030218s ]
INFO: [ view_filter ] --START--
INFO: Run Behavior\WriteHtmlCacheBehavior [ RunTime:0.001137s ]
INFO: [ view_filter ] --END-- [ RunTime:0.001332s ]
INFO: [ app_end ] --START--
INFO: Run Behavior\ShowPageTraceBehavior [ RunTime:0.003797s ]
INFO: [ app_end ] --END-- [ RunTime:0.004339s ]

[ 2017-05-29T22:16:56+08:00 ] ::1 /menu/index.php/Home/img/foot/1.png
INFO: [ app_init ] --START--
INFO: Run Behavior\BuildLiteBehavior [ RunTime:0.000055s ]
INFO: [ app_init ] --END-- [ RunTime:0.001139s ]

[ 2017-05-29T22:16:57+08:00 ] ::1 /menu/index.php/Home/img/foot/2.png
INFO: [ app_init ] --START--
INFO: Run Behavior\BuildLiteBehavior [ RunTime:0.000057s ]
INFO: [ app_init ] --END-- [ RunTime:0.001429s ]

[ 2017-05-29T22:16:57+08:00 ] ::1 /menu/index.php/Home/img/foot/4.png
INFO: [ app_init ] --START--
INFO: Run Behavior\BuildLiteBehavior [ RunTime:0.000053s ]
INFO: [ app_init ] --END-- [ RunTime:0.001111s ]

[ 2017-05-29T22:16:57+08:00 ] ::1 /menu/index.php/Home/img/foot/3.png
INFO: [ app_init ] --START--
INFO: Run Behavior\BuildLiteBehavior [ RunTime:0.000055s ]
INFO: [ app_init ] --END-- [ RunTime:0.001284s ]

